[0.015s] Invoking command in '/home/feiying/ros2_learn/L05_turtlebot4/build/turtlebot4_navigation': CMAKE_PREFIX_PATH=${CMAKE_PREFIX_PATH}:/home/feiying/ros2_learn/L04_panda_moveit/install/panda_moveit_demo:/opt/ros/jazzy DEBUGINFOD_URLS=https://debuginfod.ubuntu.com /usr/bin/cmake /home/feiying/ros2_learn/L05_turtlebot4/src/turtlebot4/turtlebot4_navigation -DAMENT_CMAKE_SYMLINK_INSTALL=1 -DCMAKE_INSTALL_PREFIX=/home/feiying/ros2_learn/L05_turtlebot4/install/turtlebot4_navigation
[0.033s] -- Found ament_cmake: 2.5.5 (/opt/ros/jazzy/share/ament_cmake/cmake)
[0.286s] -- Override CMake install command with custom implementation using symlinks instead of copying resources
[0.404s] -- Found ament_lint_auto: 0.17.4 (/opt/ros/jazzy/share/ament_lint_auto/cmake)
[0.519s] -- Added test 'copyright' to check source files copyright and LICENSE
[0.522s] -- Added test 'flake8' to check Python code syntax and style conventions
[0.522s] -- Configured 'flake8' exclude dirs and/or files: 
[0.523s] -- Added test 'lint_cmake' to check CMake code style
[0.523s] -- Added test 'pep257' to check Python code against some of the docstring style conventions in PEP 257
[0.525s] -- Added test 'xmllint' to check XML markup files
[0.535s] -- Configuring done (0.5s)
[0.536s] -- Generating done (0.0s)
[0.536s] -- Build files have been written to: /home/feiying/ros2_learn/L05_turtlebot4/build/turtlebot4_navigation
[0.538s] Invoked command in '/home/feiying/ros2_learn/L05_turtlebot4/build/turtlebot4_navigation' returned '0': CMAKE_PREFIX_PATH=${CMAKE_PREFIX_PATH}:/home/feiying/ros2_learn/L04_panda_moveit/install/panda_moveit_demo:/opt/ros/jazzy DEBUGINFOD_URLS=https://debuginfod.ubuntu.com /usr/bin/cmake /home/feiying/ros2_learn/L05_turtlebot4/src/turtlebot4/turtlebot4_navigation -DAMENT_CMAKE_SYMLINK_INSTALL=1 -DCMAKE_INSTALL_PREFIX=/home/feiying/ros2_learn/L05_turtlebot4/install/turtlebot4_navigation
[0.539s] Invoking command in '/home/feiying/ros2_learn/L05_turtlebot4/build/turtlebot4_navigation': CMAKE_PREFIX_PATH=${CMAKE_PREFIX_PATH}:/home/feiying/ros2_learn/L04_panda_moveit/install/panda_moveit_demo:/opt/ros/jazzy DEBUGINFOD_URLS=https://debuginfod.ubuntu.com /usr/bin/cmake --build /home/feiying/ros2_learn/L05_turtlebot4/build/turtlebot4_navigation -- -j4 -l4
[0.607s] Built target ament_cmake_python_symlink_turtlebot4_navigation
[0.876s] running egg_info
[0.904s] writing turtlebot4_navigation.egg-info/PKG-INFO
[0.904s] writing dependency_links to turtlebot4_navigation.egg-info/dependency_links.txt
[0.905s] writing top-level names to turtlebot4_navigation.egg-info/top_level.txt
[0.983s] reading manifest file 'turtlebot4_navigation.egg-info/SOURCES.txt'
[0.984s] writing manifest file 'turtlebot4_navigation.egg-info/SOURCES.txt'
[1.026s] Built target ament_cmake_python_build_turtlebot4_navigation_egg
[1.039s] Invoked command in '/home/feiying/ros2_learn/L05_turtlebot4/build/turtlebot4_navigation' returned '0': CMAKE_PREFIX_PATH=${CMAKE_PREFIX_PATH}:/home/feiying/ros2_learn/L04_panda_moveit/install/panda_moveit_demo:/opt/ros/jazzy DEBUGINFOD_URLS=https://debuginfod.ubuntu.com /usr/bin/cmake --build /home/feiying/ros2_learn/L05_turtlebot4/build/turtlebot4_navigation -- -j4 -l4
[1.040s] Invoking command in '/home/feiying/ros2_learn/L05_turtlebot4/build/turtlebot4_navigation': CMAKE_PREFIX_PATH=${CMAKE_PREFIX_PATH}:/home/feiying/ros2_learn/L04_panda_moveit/install/panda_moveit_demo:/opt/ros/jazzy DEBUGINFOD_URLS=https://debuginfod.ubuntu.com /usr/bin/cmake --install /home/feiying/ros2_learn/L05_turtlebot4/build/turtlebot4_navigation
[1.049s] -- Install configuration: ""
[1.049s] -- Execute custom install script
[1.050s] -- Up-to-date symlink: /home/feiying/ros2_learn/L05_turtlebot4/install/turtlebot4_navigation/share/turtlebot4_navigation/config/localization.yaml
[1.050s] -- Up-to-date symlink: /home/feiying/ros2_learn/L05_turtlebot4/install/turtlebot4_navigation/share/turtlebot4_navigation/config/nav2.yaml
[1.050s] -- Up-to-date symlink: /home/feiying/ros2_learn/L05_turtlebot4/install/turtlebot4_navigation/share/turtlebot4_navigation/config/slam.yaml
[1.050s] -- Up-to-date symlink: /home/feiying/ros2_learn/L05_turtlebot4/install/turtlebot4_navigation/share/turtlebot4_navigation/launch/localization.launch.py
[1.051s] -- Up-to-date symlink: /home/feiying/ros2_learn/L05_turtlebot4/install/turtlebot4_navigation/share/turtlebot4_navigation/launch/nav2.launch.py
[1.051s] -- Up-to-date symlink: /home/feiying/ros2_learn/L05_turtlebot4/install/turtlebot4_navigation/share/turtlebot4_navigation/launch/slam.launch.py
[1.051s] -- Up-to-date symlink: /home/feiying/ros2_learn/L05_turtlebot4/install/turtlebot4_navigation/share/turtlebot4_navigation/maps/depot.pgm
[1.051s] -- Up-to-date symlink: /home/feiying/ros2_learn/L05_turtlebot4/install/turtlebot4_navigation/share/turtlebot4_navigation/maps/depot.yaml
[1.051s] -- Up-to-date symlink: /home/feiying/ros2_learn/L05_turtlebot4/install/turtlebot4_navigation/share/turtlebot4_navigation/maps/maze.pgm
[1.051s] -- Up-to-date symlink: /home/feiying/ros2_learn/L05_turtlebot4/install/turtlebot4_navigation/share/turtlebot4_navigation/maps/maze.yaml
[1.052s] -- Up-to-date symlink: /home/feiying/ros2_learn/L05_turtlebot4/install/turtlebot4_navigation/share/turtlebot4_navigation/maps/warehouse.pgm
[1.052s] -- Up-to-date symlink: /home/feiying/ros2_learn/L05_turtlebot4/install/turtlebot4_navigation/share/turtlebot4_navigation/maps/warehouse.yaml
[1.052s] -- Up-to-date symlink: /home/feiying/ros2_learn/L05_turtlebot4/install/turtlebot4_navigation/share/turtlebot4_navigation/environment/pythonpath.sh
[1.052s] -- Up-to-date symlink: /home/feiying/ros2_learn/L05_turtlebot4/install/turtlebot4_navigation/share/turtlebot4_navigation/environment/pythonpath.dsv
[1.052s] -- Up-to-date symlink: /home/feiying/ros2_learn/L05_turtlebot4/install/turtlebot4_navigation/lib/python3.12/site-packages/turtlebot4_navigation-2.1.1-py3.12.egg-info/PKG-INFO
[1.052s] -- Up-to-date symlink: /home/feiying/ros2_learn/L05_turtlebot4/install/turtlebot4_navigation/lib/python3.12/site-packages/turtlebot4_navigation-2.1.1-py3.12.egg-info/SOURCES.txt
[1.053s] -- Up-to-date symlink: /home/feiying/ros2_learn/L05_turtlebot4/install/turtlebot4_navigation/lib/python3.12/site-packages/turtlebot4_navigation-2.1.1-py3.12.egg-info/dependency_links.txt
[1.053s] -- Up-to-date symlink: /home/feiying/ros2_learn/L05_turtlebot4/install/turtlebot4_navigation/lib/python3.12/site-packages/turtlebot4_navigation-2.1.1-py3.12.egg-info/top_level.txt
[1.053s] -- Up-to-date symlink: /home/feiying/ros2_learn/L05_turtlebot4/install/turtlebot4_navigation/lib/python3.12/site-packages/turtlebot4_navigation/__init__.py
[1.053s] -- Up-to-date symlink: /home/feiying/ros2_learn/L05_turtlebot4/install/turtlebot4_navigation/lib/python3.12/site-packages/turtlebot4_navigation/turtlebot4_navigator.py
[1.053s] -- Up-to-date symlink: /home/feiying/ros2_learn/L05_turtlebot4/install/turtlebot4_navigation/lib/python3.12/site-packages/turtlebot4_navigator.py
[1.054s] -- Up-to-date symlink: /home/feiying/ros2_learn/L05_turtlebot4/install/turtlebot4_navigation/share/ament_index/resource_index/package_run_dependencies/turtlebot4_navigation
[1.054s] -- Up-to-date symlink: /home/feiying/ros2_learn/L05_turtlebot4/install/turtlebot4_navigation/share/ament_index/resource_index/parent_prefix_path/turtlebot4_navigation
[1.054s] -- Up-to-date symlink: /home/feiying/ros2_learn/L05_turtlebot4/install/turtlebot4_navigation/share/turtlebot4_navigation/environment/ament_prefix_path.sh
[1.054s] -- Up-to-date symlink: /home/feiying/ros2_learn/L05_turtlebot4/install/turtlebot4_navigation/share/turtlebot4_navigation/environment/ament_prefix_path.dsv
[1.054s] -- Up-to-date symlink: /home/feiying/ros2_learn/L05_turtlebot4/install/turtlebot4_navigation/share/turtlebot4_navigation/environment/path.sh
[1.055s] -- Up-to-date symlink: /home/feiying/ros2_learn/L05_turtlebot4/install/turtlebot4_navigation/share/turtlebot4_navigation/environment/path.dsv
[1.055s] -- Up-to-date symlink: /home/feiying/ros2_learn/L05_turtlebot4/install/turtlebot4_navigation/share/turtlebot4_navigation/local_setup.bash
[1.055s] -- Up-to-date symlink: /home/feiying/ros2_learn/L05_turtlebot4/install/turtlebot4_navigation/share/turtlebot4_navigation/local_setup.sh
[1.055s] -- Up-to-date symlink: /home/feiying/ros2_learn/L05_turtlebot4/install/turtlebot4_navigation/share/turtlebot4_navigation/local_setup.zsh
[1.055s] -- Up-to-date symlink: /home/feiying/ros2_learn/L05_turtlebot4/install/turtlebot4_navigation/share/turtlebot4_navigation/local_setup.dsv
[1.055s] -- Symlinking: /home/feiying/ros2_learn/L05_turtlebot4/install/turtlebot4_navigation/share/turtlebot4_navigation/package.dsv
[1.066s] -- Up-to-date symlink: /home/feiying/ros2_learn/L05_turtlebot4/install/turtlebot4_navigation/share/ament_index/resource_index/packages/turtlebot4_navigation
[1.067s] -- Up-to-date symlink: /home/feiying/ros2_learn/L05_turtlebot4/install/turtlebot4_navigation/share/turtlebot4_navigation/cmake/turtlebot4_navigationConfig.cmake
[1.067s] -- Up-to-date symlink: /home/feiying/ros2_learn/L05_turtlebot4/install/turtlebot4_navigation/share/turtlebot4_navigation/cmake/turtlebot4_navigationConfig-version.cmake
[1.067s] -- Up-to-date symlink: /home/feiying/ros2_learn/L05_turtlebot4/install/turtlebot4_navigation/share/turtlebot4_navigation/package.xml
[1.107s] Listing '/home/feiying/ros2_learn/L05_turtlebot4/install/turtlebot4_navigation/lib/python3.12/site-packages/turtlebot4_navigation'...
[1.162s] Invoked command in '/home/feiying/ros2_learn/L05_turtlebot4/build/turtlebot4_navigation' returned '0': CMAKE_PREFIX_PATH=${CMAKE_PREFIX_PATH}:/home/feiying/ros2_learn/L04_panda_moveit/install/panda_moveit_demo:/opt/ros/jazzy DEBUGINFOD_URLS=https://debuginfod.ubuntu.com /usr/bin/cmake --install /home/feiying/ros2_learn/L05_turtlebot4/build/turtlebot4_navigation
