[0.111s] DEBUG:colcon:Command line arguments: ['/usr/bin/colcon', 'build']
[0.111s] DEBUG:colcon:Parsed command line arguments: Namespace(log_base=None, log_level=None, verb_name='build', build_base='build', install_base='install', merge_install=False, symlink_install=False, test_result_base=None, continue_on_error=False, executor='parallel', parallel_workers=4, event_handlers=None, ignore_user_meta=False, metas=['./colcon.meta'], base_paths=['.'], packages_ignore=None, packages_ignore_regex=None, paths=None, packages_up_to=None, packages_up_to_regex=None, packages_above=None, packages_above_and_dependencies=None, packages_above_depth=None, packages_select_by_dep=None, packages_skip_by_dep=None, packages_skip_up_to=None, packages_select_build_failed=False, packages_skip_build_finished=False, packages_select_test_failures=False, packages_skip_test_passed=False, packages_select=None, packages_skip=None, packages_select_regex=None, packages_skip_regex=None, packages_start=None, packages_end=None, allow_overriding=[], cmake_args=None, cmake_target=None, cmake_target_skip_unavailable=False, cmake_clean_cache=False, cmake_clean_first=False, cmake_force_configure=False, ament_cmake_args=None, catkin_cmake_args=None, catkin_skip_building_tests=False, verb_parser=<colcon_defaults.argument_parser.defaults.DefaultArgumentsDecorator object at 0x702a1d07a9c0>, verb_extension=<colcon_core.verb.build.BuildVerb object at 0x702a1d1a6d50>, main=<bound method BuildVerb.main of <colcon_core.verb.build.BuildVerb object at 0x702a1d1a6d50>>)
[0.150s] Level 1:colcon.colcon_core.package_discovery:discover_packages(colcon_meta) check parameters
[0.150s] Level 1:colcon.colcon_core.package_discovery:discover_packages(recursive) check parameters
[0.150s] Level 1:colcon.colcon_core.package_discovery:discover_packages(ignore) check parameters
[0.150s] Level 1:colcon.colcon_core.package_discovery:discover_packages(path) check parameters
[0.150s] Level 1:colcon.colcon_core.package_discovery:discover_packages(colcon_meta) discover
[0.150s] Level 1:colcon.colcon_core.package_discovery:discover_packages(recursive) discover
[0.150s] INFO:colcon.colcon_core.package_discovery:Crawling recursively for packages in '/home/feiying/ros2_learn/L05_turtlebot4'
[0.151s] Level 1:colcon.colcon_core.package_identification:_identify(.) by extensions ['ignore', 'ignore_ament_install']
[0.151s] Level 1:colcon.colcon_core.package_identification:_identify(.) by extension 'ignore'
[0.151s] Level 1:colcon.colcon_core.package_identification:_identify(.) by extension 'ignore_ament_install'
[0.151s] Level 1:colcon.colcon_core.package_identification:_identify(.) by extensions ['colcon_pkg']
[0.151s] Level 1:colcon.colcon_core.package_identification:_identify(.) by extension 'colcon_pkg'
[0.151s] Level 1:colcon.colcon_core.package_identification:_identify(.) by extensions ['colcon_meta']
[0.151s] Level 1:colcon.colcon_core.package_identification:_identify(.) by extension 'colcon_meta'
[0.151s] Level 1:colcon.colcon_core.package_identification:_identify(.) by extensions ['ros']
[0.151s] Level 1:colcon.colcon_core.package_identification:_identify(.) by extension 'ros'
[0.176s] Level 1:colcon.colcon_core.package_identification:_identify(.) by extensions ['cmake', 'python']
[0.176s] Level 1:colcon.colcon_core.package_identification:_identify(.) by extension 'cmake'
[0.177s] Level 1:colcon.colcon_core.package_identification:_identify(.) by extension 'python'
[0.177s] Level 1:colcon.colcon_core.package_identification:_identify(.) by extensions ['python_setup_py']
[0.177s] Level 1:colcon.colcon_core.package_identification:_identify(.) by extension 'python_setup_py'
[0.177s] Level 1:colcon.colcon_core.package_identification:_identify(build) by extensions ['ignore', 'ignore_ament_install']
[0.177s] Level 1:colcon.colcon_core.package_identification:_identify(build) by extension 'ignore'
[0.177s] Level 1:colcon.colcon_core.package_identification:_identify(build) ignored
[0.177s] Level 1:colcon.colcon_core.package_identification:_identify(install) by extensions ['ignore', 'ignore_ament_install']
[0.177s] Level 1:colcon.colcon_core.package_identification:_identify(install) by extension 'ignore'
[0.177s] Level 1:colcon.colcon_core.package_identification:_identify(install) ignored
[0.177s] Level 1:colcon.colcon_core.package_identification:_identify(log) by extensions ['ignore', 'ignore_ament_install']
[0.178s] Level 1:colcon.colcon_core.package_identification:_identify(log) by extension 'ignore'
[0.178s] Level 1:colcon.colcon_core.package_identification:_identify(log) ignored
[0.178s] Level 1:colcon.colcon_core.package_identification:_identify(src) by extensions ['ignore', 'ignore_ament_install']
[0.178s] Level 1:colcon.colcon_core.package_identification:_identify(src) by extension 'ignore'
[0.178s] Level 1:colcon.colcon_core.package_identification:_identify(src) by extension 'ignore_ament_install'
[0.178s] Level 1:colcon.colcon_core.package_identification:_identify(src) by extensions ['colcon_pkg']
[0.178s] Level 1:colcon.colcon_core.package_identification:_identify(src) by extension 'colcon_pkg'
[0.178s] Level 1:colcon.colcon_core.package_identification:_identify(src) by extensions ['colcon_meta']
[0.178s] Level 1:colcon.colcon_core.package_identification:_identify(src) by extension 'colcon_meta'
[0.178s] Level 1:colcon.colcon_core.package_identification:_identify(src) by extensions ['ros']
[0.178s] Level 1:colcon.colcon_core.package_identification:_identify(src) by extension 'ros'
[0.178s] Level 1:colcon.colcon_core.package_identification:_identify(src) by extensions ['cmake', 'python']
[0.178s] Level 1:colcon.colcon_core.package_identification:_identify(src) by extension 'cmake'
[0.178s] Level 1:colcon.colcon_core.package_identification:_identify(src) by extension 'python'
[0.178s] Level 1:colcon.colcon_core.package_identification:_identify(src) by extensions ['python_setup_py']
[0.178s] Level 1:colcon.colcon_core.package_identification:_identify(src) by extension 'python_setup_py'
[0.179s] Level 1:colcon.colcon_core.package_identification:_identify(src/turtlebot4) by extensions ['ignore', 'ignore_ament_install']
[0.179s] Level 1:colcon.colcon_core.package_identification:_identify(src/turtlebot4) by extension 'ignore'
[0.179s] Level 1:colcon.colcon_core.package_identification:_identify(src/turtlebot4) by extension 'ignore_ament_install'
[0.179s] Level 1:colcon.colcon_core.package_identification:_identify(src/turtlebot4) by extensions ['colcon_pkg']
[0.179s] Level 1:colcon.colcon_core.package_identification:_identify(src/turtlebot4) by extension 'colcon_pkg'
[0.179s] Level 1:colcon.colcon_core.package_identification:_identify(src/turtlebot4) by extensions ['colcon_meta']
[0.179s] Level 1:colcon.colcon_core.package_identification:_identify(src/turtlebot4) by extension 'colcon_meta'
[0.179s] Level 1:colcon.colcon_core.package_identification:_identify(src/turtlebot4) by extensions ['ros']
[0.179s] Level 1:colcon.colcon_core.package_identification:_identify(src/turtlebot4) by extension 'ros'
[0.179s] Level 1:colcon.colcon_core.package_identification:_identify(src/turtlebot4) by extensions ['cmake', 'python']
[0.179s] Level 1:colcon.colcon_core.package_identification:_identify(src/turtlebot4) by extension 'cmake'
[0.179s] Level 1:colcon.colcon_core.package_identification:_identify(src/turtlebot4) by extension 'python'
[0.179s] Level 1:colcon.colcon_core.package_identification:_identify(src/turtlebot4) by extensions ['python_setup_py']
[0.179s] Level 1:colcon.colcon_core.package_identification:_identify(src/turtlebot4) by extension 'python_setup_py'
[0.179s] Level 1:colcon.colcon_core.package_identification:_identify(src/turtlebot4/turtlebot4_description) by extensions ['ignore', 'ignore_ament_install']
[0.180s] Level 1:colcon.colcon_core.package_identification:_identify(src/turtlebot4/turtlebot4_description) by extension 'ignore'
[0.180s] Level 1:colcon.colcon_core.package_identification:_identify(src/turtlebot4/turtlebot4_description) by extension 'ignore_ament_install'
[0.180s] Level 1:colcon.colcon_core.package_identification:_identify(src/turtlebot4/turtlebot4_description) by extensions ['colcon_pkg']
[0.180s] Level 1:colcon.colcon_core.package_identification:_identify(src/turtlebot4/turtlebot4_description) by extension 'colcon_pkg'
[0.180s] Level 1:colcon.colcon_core.package_identification:_identify(src/turtlebot4/turtlebot4_description) by extensions ['colcon_meta']
[0.180s] Level 1:colcon.colcon_core.package_identification:_identify(src/turtlebot4/turtlebot4_description) by extension 'colcon_meta'
[0.180s] Level 1:colcon.colcon_core.package_identification:_identify(src/turtlebot4/turtlebot4_description) by extensions ['ros']
[0.180s] Level 1:colcon.colcon_core.package_identification:_identify(src/turtlebot4/turtlebot4_description) by extension 'ros'
[0.182s] DEBUG:colcon.colcon_core.package_identification:Package 'src/turtlebot4/turtlebot4_description' with type 'ros.ament_cmake' and name 'turtlebot4_description'
[0.183s] Level 1:colcon.colcon_core.package_identification:_identify(src/turtlebot4/turtlebot4_msgs) by extensions ['ignore', 'ignore_ament_install']
[0.183s] Level 1:colcon.colcon_core.package_identification:_identify(src/turtlebot4/turtlebot4_msgs) by extension 'ignore'
[0.183s] Level 1:colcon.colcon_core.package_identification:_identify(src/turtlebot4/turtlebot4_msgs) by extension 'ignore_ament_install'
[0.183s] Level 1:colcon.colcon_core.package_identification:_identify(src/turtlebot4/turtlebot4_msgs) by extensions ['colcon_pkg']
[0.183s] Level 1:colcon.colcon_core.package_identification:_identify(src/turtlebot4/turtlebot4_msgs) by extension 'colcon_pkg'
[0.183s] Level 1:colcon.colcon_core.package_identification:_identify(src/turtlebot4/turtlebot4_msgs) by extensions ['colcon_meta']
[0.183s] Level 1:colcon.colcon_core.package_identification:_identify(src/turtlebot4/turtlebot4_msgs) by extension 'colcon_meta'
[0.183s] Level 1:colcon.colcon_core.package_identification:_identify(src/turtlebot4/turtlebot4_msgs) by extensions ['ros']
[0.183s] Level 1:colcon.colcon_core.package_identification:_identify(src/turtlebot4/turtlebot4_msgs) by extension 'ros'
[0.184s] DEBUG:colcon.colcon_core.package_identification:Package 'src/turtlebot4/turtlebot4_msgs' with type 'ros.ament_cmake' and name 'turtlebot4_msgs'
[0.184s] Level 1:colcon.colcon_core.package_identification:_identify(src/turtlebot4/turtlebot4_navigation) by extensions ['ignore', 'ignore_ament_install']
[0.184s] Level 1:colcon.colcon_core.package_identification:_identify(src/turtlebot4/turtlebot4_navigation) by extension 'ignore'
[0.184s] Level 1:colcon.colcon_core.package_identification:_identify(src/turtlebot4/turtlebot4_navigation) by extension 'ignore_ament_install'
[0.184s] Level 1:colcon.colcon_core.package_identification:_identify(src/turtlebot4/turtlebot4_navigation) by extensions ['colcon_pkg']
[0.184s] Level 1:colcon.colcon_core.package_identification:_identify(src/turtlebot4/turtlebot4_navigation) by extension 'colcon_pkg'
[0.184s] Level 1:colcon.colcon_core.package_identification:_identify(src/turtlebot4/turtlebot4_navigation) by extensions ['colcon_meta']
[0.184s] Level 1:colcon.colcon_core.package_identification:_identify(src/turtlebot4/turtlebot4_navigation) by extension 'colcon_meta'
[0.184s] Level 1:colcon.colcon_core.package_identification:_identify(src/turtlebot4/turtlebot4_navigation) by extensions ['ros']
[0.184s] Level 1:colcon.colcon_core.package_identification:_identify(src/turtlebot4/turtlebot4_navigation) by extension 'ros'
[0.185s] DEBUG:colcon.colcon_core.package_identification:Package 'src/turtlebot4/turtlebot4_navigation' with type 'ros.ament_cmake' and name 'turtlebot4_navigation'
[0.185s] Level 1:colcon.colcon_core.package_identification:_identify(src/turtlebot4/turtlebot4_node) by extensions ['ignore', 'ignore_ament_install']
[0.185s] Level 1:colcon.colcon_core.package_identification:_identify(src/turtlebot4/turtlebot4_node) by extension 'ignore'
[0.185s] Level 1:colcon.colcon_core.package_identification:_identify(src/turtlebot4/turtlebot4_node) by extension 'ignore_ament_install'
[0.185s] Level 1:colcon.colcon_core.package_identification:_identify(src/turtlebot4/turtlebot4_node) by extensions ['colcon_pkg']
[0.185s] Level 1:colcon.colcon_core.package_identification:_identify(src/turtlebot4/turtlebot4_node) by extension 'colcon_pkg'
[0.185s] Level 1:colcon.colcon_core.package_identification:_identify(src/turtlebot4/turtlebot4_node) by extensions ['colcon_meta']
[0.185s] Level 1:colcon.colcon_core.package_identification:_identify(src/turtlebot4/turtlebot4_node) by extension 'colcon_meta'
[0.186s] Level 1:colcon.colcon_core.package_identification:_identify(src/turtlebot4/turtlebot4_node) by extensions ['ros']
[0.186s] Level 1:colcon.colcon_core.package_identification:_identify(src/turtlebot4/turtlebot4_node) by extension 'ros'
[0.187s] DEBUG:colcon.colcon_core.package_identification:Package 'src/turtlebot4/turtlebot4_node' with type 'ros.ament_cmake' and name 'turtlebot4_node'
[0.187s] Level 1:colcon.colcon_core.package_discovery:discover_packages(recursive) using defaults
[0.187s] Level 1:colcon.colcon_core.package_discovery:discover_packages(ignore) discover
[0.187s] Level 1:colcon.colcon_core.package_discovery:discover_packages(ignore) using defaults
[0.187s] Level 1:colcon.colcon_core.package_discovery:discover_packages(path) discover
[0.187s] Level 1:colcon.colcon_core.package_discovery:discover_packages(path) using defaults
[0.206s] Level 1:colcon.colcon_core.package_discovery:discover_packages(prefix_path) check parameters
[0.206s] Level 1:colcon.colcon_core.package_discovery:discover_packages(prefix_path) discover
[0.208s] DEBUG:colcon.colcon_installed_package_information.package_discovery:Found 4 installed packages in /home/feiying/ros2_learn/L05_turtlebot4/install
[0.208s] DEBUG:colcon.colcon_installed_package_information.package_discovery:Found 1 installed packages in /home/feiying/ros2_learn/L04_panda_moveit/install
[0.211s] DEBUG:colcon.colcon_installed_package_information.package_discovery:Found 496 installed packages in /opt/ros/jazzy
[0.212s] Level 1:colcon.colcon_core.package_discovery:discover_packages(prefix_path) using defaults
[0.282s] Level 5:colcon.colcon_core.verb:set package 'turtlebot4_description' build argument 'cmake_args' from command line to 'None'
[0.282s] Level 5:colcon.colcon_core.verb:set package 'turtlebot4_description' build argument 'cmake_target' from command line to 'None'
[0.282s] Level 5:colcon.colcon_core.verb:set package 'turtlebot4_description' build argument 'cmake_target_skip_unavailable' from command line to 'False'
[0.283s] Level 5:colcon.colcon_core.verb:set package 'turtlebot4_description' build argument 'cmake_clean_cache' from command line to 'False'
[0.283s] Level 5:colcon.colcon_core.verb:set package 'turtlebot4_description' build argument 'cmake_clean_first' from command line to 'False'
[0.283s] Level 5:colcon.colcon_core.verb:set package 'turtlebot4_description' build argument 'cmake_force_configure' from command line to 'False'
[0.283s] Level 5:colcon.colcon_core.verb:set package 'turtlebot4_description' build argument 'ament_cmake_args' from command line to 'None'
[0.283s] Level 5:colcon.colcon_core.verb:set package 'turtlebot4_description' build argument 'catkin_cmake_args' from command line to 'None'
[0.283s] Level 5:colcon.colcon_core.verb:set package 'turtlebot4_description' build argument 'catkin_skip_building_tests' from command line to 'False'
[0.283s] DEBUG:colcon.colcon_core.verb:Building package 'turtlebot4_description' with the following arguments: {'ament_cmake_args': None, 'build_base': '/home/feiying/ros2_learn/L05_turtlebot4/build/turtlebot4_description', 'catkin_cmake_args': None, 'catkin_skip_building_tests': False, 'cmake_args': None, 'cmake_clean_cache': False, 'cmake_clean_first': False, 'cmake_force_configure': False, 'cmake_target': None, 'cmake_target_skip_unavailable': False, 'install_base': '/home/feiying/ros2_learn/L05_turtlebot4/install/turtlebot4_description', 'merge_install': False, 'path': '/home/feiying/ros2_learn/L05_turtlebot4/src/turtlebot4/turtlebot4_description', 'symlink_install': False, 'test_result_base': None}
[0.283s] Level 5:colcon.colcon_core.verb:set package 'turtlebot4_msgs' build argument 'cmake_args' from command line to 'None'
[0.283s] Level 5:colcon.colcon_core.verb:set package 'turtlebot4_msgs' build argument 'cmake_target' from command line to 'None'
[0.283s] Level 5:colcon.colcon_core.verb:set package 'turtlebot4_msgs' build argument 'cmake_target_skip_unavailable' from command line to 'False'
[0.283s] Level 5:colcon.colcon_core.verb:set package 'turtlebot4_msgs' build argument 'cmake_clean_cache' from command line to 'False'
[0.283s] Level 5:colcon.colcon_core.verb:set package 'turtlebot4_msgs' build argument 'cmake_clean_first' from command line to 'False'
[0.283s] Level 5:colcon.colcon_core.verb:set package 'turtlebot4_msgs' build argument 'cmake_force_configure' from command line to 'False'
[0.283s] Level 5:colcon.colcon_core.verb:set package 'turtlebot4_msgs' build argument 'ament_cmake_args' from command line to 'None'
[0.283s] Level 5:colcon.colcon_core.verb:set package 'turtlebot4_msgs' build argument 'catkin_cmake_args' from command line to 'None'
[0.283s] Level 5:colcon.colcon_core.verb:set package 'turtlebot4_msgs' build argument 'catkin_skip_building_tests' from command line to 'False'
[0.283s] DEBUG:colcon.colcon_core.verb:Building package 'turtlebot4_msgs' with the following arguments: {'ament_cmake_args': None, 'build_base': '/home/feiying/ros2_learn/L05_turtlebot4/build/turtlebot4_msgs', 'catkin_cmake_args': None, 'catkin_skip_building_tests': False, 'cmake_args': None, 'cmake_clean_cache': False, 'cmake_clean_first': False, 'cmake_force_configure': False, 'cmake_target': None, 'cmake_target_skip_unavailable': False, 'install_base': '/home/feiying/ros2_learn/L05_turtlebot4/install/turtlebot4_msgs', 'merge_install': False, 'path': '/home/feiying/ros2_learn/L05_turtlebot4/src/turtlebot4/turtlebot4_msgs', 'symlink_install': False, 'test_result_base': None}
[0.284s] Level 5:colcon.colcon_core.verb:set package 'turtlebot4_navigation' build argument 'cmake_args' from command line to 'None'
[0.284s] Level 5:colcon.colcon_core.verb:set package 'turtlebot4_navigation' build argument 'cmake_target' from command line to 'None'
[0.284s] Level 5:colcon.colcon_core.verb:set package 'turtlebot4_navigation' build argument 'cmake_target_skip_unavailable' from command line to 'False'
[0.284s] Level 5:colcon.colcon_core.verb:set package 'turtlebot4_navigation' build argument 'cmake_clean_cache' from command line to 'False'
[0.284s] Level 5:colcon.colcon_core.verb:set package 'turtlebot4_navigation' build argument 'cmake_clean_first' from command line to 'False'
[0.284s] Level 5:colcon.colcon_core.verb:set package 'turtlebot4_navigation' build argument 'cmake_force_configure' from command line to 'False'
[0.284s] Level 5:colcon.colcon_core.verb:set package 'turtlebot4_navigation' build argument 'ament_cmake_args' from command line to 'None'
[0.284s] Level 5:colcon.colcon_core.verb:set package 'turtlebot4_navigation' build argument 'catkin_cmake_args' from command line to 'None'
[0.284s] Level 5:colcon.colcon_core.verb:set package 'turtlebot4_navigation' build argument 'catkin_skip_building_tests' from command line to 'False'
[0.284s] DEBUG:colcon.colcon_core.verb:Building package 'turtlebot4_navigation' with the following arguments: {'ament_cmake_args': None, 'build_base': '/home/feiying/ros2_learn/L05_turtlebot4/build/turtlebot4_navigation', 'catkin_cmake_args': None, 'catkin_skip_building_tests': False, 'cmake_args': None, 'cmake_clean_cache': False, 'cmake_clean_first': False, 'cmake_force_configure': False, 'cmake_target': None, 'cmake_target_skip_unavailable': False, 'install_base': '/home/feiying/ros2_learn/L05_turtlebot4/install/turtlebot4_navigation', 'merge_install': False, 'path': '/home/feiying/ros2_learn/L05_turtlebot4/src/turtlebot4/turtlebot4_navigation', 'symlink_install': False, 'test_result_base': None}
[0.284s] Level 5:colcon.colcon_core.verb:set package 'turtlebot4_node' build argument 'cmake_args' from command line to 'None'
[0.284s] Level 5:colcon.colcon_core.verb:set package 'turtlebot4_node' build argument 'cmake_target' from command line to 'None'
[0.284s] Level 5:colcon.colcon_core.verb:set package 'turtlebot4_node' build argument 'cmake_target_skip_unavailable' from command line to 'False'
[0.284s] Level 5:colcon.colcon_core.verb:set package 'turtlebot4_node' build argument 'cmake_clean_cache' from command line to 'False'
[0.284s] Level 5:colcon.colcon_core.verb:set package 'turtlebot4_node' build argument 'cmake_clean_first' from command line to 'False'
[0.284s] Level 5:colcon.colcon_core.verb:set package 'turtlebot4_node' build argument 'cmake_force_configure' from command line to 'False'
[0.284s] Level 5:colcon.colcon_core.verb:set package 'turtlebot4_node' build argument 'ament_cmake_args' from command line to 'None'
[0.284s] Level 5:colcon.colcon_core.verb:set package 'turtlebot4_node' build argument 'catkin_cmake_args' from command line to 'None'
[0.284s] Level 5:colcon.colcon_core.verb:set package 'turtlebot4_node' build argument 'catkin_skip_building_tests' from command line to 'False'
[0.284s] DEBUG:colcon.colcon_core.verb:Building package 'turtlebot4_node' with the following arguments: {'ament_cmake_args': None, 'build_base': '/home/feiying/ros2_learn/L05_turtlebot4/build/turtlebot4_node', 'catkin_cmake_args': None, 'catkin_skip_building_tests': False, 'cmake_args': None, 'cmake_clean_cache': False, 'cmake_clean_first': False, 'cmake_force_configure': False, 'cmake_target': None, 'cmake_target_skip_unavailable': False, 'install_base': '/home/feiying/ros2_learn/L05_turtlebot4/install/turtlebot4_node', 'merge_install': False, 'path': '/home/feiying/ros2_learn/L05_turtlebot4/src/turtlebot4/turtlebot4_node', 'symlink_install': False, 'test_result_base': None}
[0.285s] INFO:colcon.colcon_core.executor:Executing jobs using 'parallel' executor
[0.285s] DEBUG:colcon.colcon_parallel_executor.executor.parallel:run_until_complete
[0.286s] INFO:colcon.colcon_ros.task.ament_cmake.build:Building ROS package in '/home/feiying/ros2_learn/L05_turtlebot4/src/turtlebot4/turtlebot4_msgs' with build type 'ament_cmake'
[0.286s] INFO:colcon.colcon_cmake.task.cmake.build:Building CMake package in '/home/feiying/ros2_learn/L05_turtlebot4/src/turtlebot4/turtlebot4_msgs'
[0.288s] INFO:colcon.colcon_core.plugin_system:Skipping extension 'colcon_core.shell.bat': Not used on non-Windows systems
[0.288s] INFO:colcon.colcon_core.shell:Skip shell extension 'powershell' for command environment: Not usable outside of PowerShell
[0.288s] DEBUG:colcon.colcon_core.shell:Skip shell extension 'dsv' for command environment
[0.294s] INFO:colcon.colcon_ros.task.ament_cmake.build:Building ROS package in '/home/feiying/ros2_learn/L05_turtlebot4/src/turtlebot4/turtlebot4_description' with build type 'ament_cmake'
[0.294s] INFO:colcon.colcon_cmake.task.cmake.build:Building CMake package in '/home/feiying/ros2_learn/L05_turtlebot4/src/turtlebot4/turtlebot4_description'
[0.294s] INFO:colcon.colcon_core.shell:Skip shell extension 'powershell' for command environment: Not usable outside of PowerShell
[0.294s] DEBUG:colcon.colcon_core.shell:Skip shell extension 'dsv' for command environment
[0.299s] INFO:colcon.colcon_ros.task.ament_cmake.build:Building ROS package in '/home/feiying/ros2_learn/L05_turtlebot4/src/turtlebot4/turtlebot4_navigation' with build type 'ament_cmake'
[0.299s] INFO:colcon.colcon_cmake.task.cmake.build:Building CMake package in '/home/feiying/ros2_learn/L05_turtlebot4/src/turtlebot4/turtlebot4_navigation'
[0.299s] INFO:colcon.colcon_core.shell:Skip shell extension 'powershell' for command environment: Not usable outside of PowerShell
[0.299s] DEBUG:colcon.colcon_core.shell:Skip shell extension 'dsv' for command environment
[0.308s] DEBUG:colcon.colcon_core.event_handler.log_command:Invoking command in '/home/feiying/ros2_learn/L05_turtlebot4/build/turtlebot4_msgs': CMAKE_PREFIX_PATH=${CMAKE_PREFIX_PATH}:/home/feiying/ros2_learn/L04_panda_moveit/install/panda_moveit_demo:/opt/ros/jazzy DEBUGINFOD_URLS=https://debuginfod.ubuntu.com /usr/bin/cmake /home/feiying/ros2_learn/L05_turtlebot4/src/turtlebot4/turtlebot4_msgs -DCMAKE_INSTALL_PREFIX=/home/feiying/ros2_learn/L05_turtlebot4/install/turtlebot4_msgs
[0.312s] DEBUG:colcon.colcon_core.event_handler.log_command:Invoking command in '/home/feiying/ros2_learn/L05_turtlebot4/build/turtlebot4_description': CMAKE_PREFIX_PATH=${CMAKE_PREFIX_PATH}:/home/feiying/ros2_learn/L04_panda_moveit/install/panda_moveit_demo:/opt/ros/jazzy DEBUGINFOD_URLS=https://debuginfod.ubuntu.com /usr/bin/cmake /home/feiying/ros2_learn/L05_turtlebot4/src/turtlebot4/turtlebot4_description -DCMAKE_INSTALL_PREFIX=/home/feiying/ros2_learn/L05_turtlebot4/install/turtlebot4_description
[0.314s] DEBUG:colcon.colcon_core.event_handler.log_command:Invoking command in '/home/feiying/ros2_learn/L05_turtlebot4/build/turtlebot4_navigation': CMAKE_PREFIX_PATH=${CMAKE_PREFIX_PATH}:/home/feiying/ros2_learn/L04_panda_moveit/install/panda_moveit_demo:/opt/ros/jazzy DEBUGINFOD_URLS=https://debuginfod.ubuntu.com /usr/bin/cmake /home/feiying/ros2_learn/L05_turtlebot4/src/turtlebot4/turtlebot4_navigation -DCMAKE_INSTALL_PREFIX=/home/feiying/ros2_learn/L05_turtlebot4/install/turtlebot4_navigation
[0.750s] DEBUG:colcon.colcon_core.event_handler.log_command:Invoked command in '/home/feiying/ros2_learn/L05_turtlebot4/build/turtlebot4_description' returned '0': CMAKE_PREFIX_PATH=${CMAKE_PREFIX_PATH}:/home/feiying/ros2_learn/L04_panda_moveit/install/panda_moveit_demo:/opt/ros/jazzy DEBUGINFOD_URLS=https://debuginfod.ubuntu.com /usr/bin/cmake /home/feiying/ros2_learn/L05_turtlebot4/src/turtlebot4/turtlebot4_description -DCMAKE_INSTALL_PREFIX=/home/feiying/ros2_learn/L05_turtlebot4/install/turtlebot4_description
[0.752s] DEBUG:colcon.colcon_core.event_handler.log_command:Invoking command in '/home/feiying/ros2_learn/L05_turtlebot4/build/turtlebot4_description': CMAKE_PREFIX_PATH=${CMAKE_PREFIX_PATH}:/home/feiying/ros2_learn/L04_panda_moveit/install/panda_moveit_demo:/opt/ros/jazzy DEBUGINFOD_URLS=https://debuginfod.ubuntu.com /usr/bin/cmake --build /home/feiying/ros2_learn/L05_turtlebot4/build/turtlebot4_description -- -j4 -l4
[0.800s] DEBUG:colcon.colcon_core.event_handler.log_command:Invoked command in '/home/feiying/ros2_learn/L05_turtlebot4/build/turtlebot4_description' returned '0': CMAKE_PREFIX_PATH=${CMAKE_PREFIX_PATH}:/home/feiying/ros2_learn/L04_panda_moveit/install/panda_moveit_demo:/opt/ros/jazzy DEBUGINFOD_URLS=https://debuginfod.ubuntu.com /usr/bin/cmake --build /home/feiying/ros2_learn/L05_turtlebot4/build/turtlebot4_description -- -j4 -l4
[0.812s] DEBUG:colcon.colcon_core.event_handler.log_command:Invoking command in '/home/feiying/ros2_learn/L05_turtlebot4/build/turtlebot4_description': CMAKE_PREFIX_PATH=${CMAKE_PREFIX_PATH}:/home/feiying/ros2_learn/L04_panda_moveit/install/panda_moveit_demo:/opt/ros/jazzy DEBUGINFOD_URLS=https://debuginfod.ubuntu.com /usr/bin/cmake --install /home/feiying/ros2_learn/L05_turtlebot4/build/turtlebot4_description
[0.843s] DEBUG:colcon.colcon_core.event_handler.log_command:Invoked command in '/home/feiying/ros2_learn/L05_turtlebot4/build/turtlebot4_navigation' returned '0': CMAKE_PREFIX_PATH=${CMAKE_PREFIX_PATH}:/home/feiying/ros2_learn/L04_panda_moveit/install/panda_moveit_demo:/opt/ros/jazzy DEBUGINFOD_URLS=https://debuginfod.ubuntu.com /usr/bin/cmake /home/feiying/ros2_learn/L05_turtlebot4/src/turtlebot4/turtlebot4_navigation -DCMAKE_INSTALL_PREFIX=/home/feiying/ros2_learn/L05_turtlebot4/install/turtlebot4_navigation
[0.843s] DEBUG:colcon.colcon_core.event_handler.log_command:Invoking command in '/home/feiying/ros2_learn/L05_turtlebot4/build/turtlebot4_navigation': CMAKE_PREFIX_PATH=${CMAKE_PREFIX_PATH}:/home/feiying/ros2_learn/L04_panda_moveit/install/panda_moveit_demo:/opt/ros/jazzy DEBUGINFOD_URLS=https://debuginfod.ubuntu.com /usr/bin/cmake --build /home/feiying/ros2_learn/L05_turtlebot4/build/turtlebot4_navigation -- -j4 -l4
[0.845s] Level 1:colcon.colcon_core.environment:create_environment_scripts_only(turtlebot4_description)
[0.847s] DEBUG:colcon.colcon_core.event_handler.log_command:Invoked command in '/home/feiying/ros2_learn/L05_turtlebot4/build/turtlebot4_description' returned '0': CMAKE_PREFIX_PATH=${CMAKE_PREFIX_PATH}:/home/feiying/ros2_learn/L04_panda_moveit/install/panda_moveit_demo:/opt/ros/jazzy DEBUGINFOD_URLS=https://debuginfod.ubuntu.com /usr/bin/cmake --install /home/feiying/ros2_learn/L05_turtlebot4/build/turtlebot4_description
[0.847s] Level 1:colcon.colcon_core.environment:checking '/home/feiying/ros2_learn/L05_turtlebot4/install/turtlebot4_description' for CMake module files
[0.848s] Level 1:colcon.colcon_core.environment:checking '/home/feiying/ros2_learn/L05_turtlebot4/install/turtlebot4_description' for CMake config files
[0.849s] Level 1:colcon.colcon_core.shell:create_environment_hook('turtlebot4_description', 'cmake_prefix_path')
[0.849s] INFO:colcon.colcon_core.shell:Creating environment hook '/home/feiying/ros2_learn/L05_turtlebot4/install/turtlebot4_description/share/turtlebot4_description/hook/cmake_prefix_path.ps1'
[0.850s] INFO:colcon.colcon_core.shell:Creating environment descriptor '/home/feiying/ros2_learn/L05_turtlebot4/install/turtlebot4_description/share/turtlebot4_description/hook/cmake_prefix_path.dsv'
[0.850s] INFO:colcon.colcon_core.shell:Creating environment hook '/home/feiying/ros2_learn/L05_turtlebot4/install/turtlebot4_description/share/turtlebot4_description/hook/cmake_prefix_path.sh'
[0.851s] Level 1:colcon.colcon_core.environment:checking '/home/feiying/ros2_learn/L05_turtlebot4/install/turtlebot4_description/lib'
[0.851s] Level 1:colcon.colcon_core.environment:checking '/home/feiying/ros2_learn/L05_turtlebot4/install/turtlebot4_description/bin'
[0.851s] Level 1:colcon.colcon_core.environment:checking '/home/feiying/ros2_learn/L05_turtlebot4/install/turtlebot4_description/lib/pkgconfig/turtlebot4_description.pc'
[0.851s] Level 1:colcon.colcon_core.environment:checking '/home/feiying/ros2_learn/L05_turtlebot4/install/turtlebot4_description/lib/python3.12/site-packages'
[0.852s] Level 1:colcon.colcon_core.environment:checking '/home/feiying/ros2_learn/L05_turtlebot4/install/turtlebot4_description/bin'
[0.852s] INFO:colcon.colcon_core.shell:Creating package script '/home/feiying/ros2_learn/L05_turtlebot4/install/turtlebot4_description/share/turtlebot4_description/package.ps1'
[0.853s] INFO:colcon.colcon_core.shell:Creating package descriptor '/home/feiying/ros2_learn/L05_turtlebot4/install/turtlebot4_description/share/turtlebot4_description/package.dsv'
[0.853s] INFO:colcon.colcon_core.shell:Creating package script '/home/feiying/ros2_learn/L05_turtlebot4/install/turtlebot4_description/share/turtlebot4_description/package.sh'
[0.854s] INFO:colcon.colcon_core.shell:Creating package script '/home/feiying/ros2_learn/L05_turtlebot4/install/turtlebot4_description/share/turtlebot4_description/package.bash'
[0.855s] INFO:colcon.colcon_core.shell:Creating package script '/home/feiying/ros2_learn/L05_turtlebot4/install/turtlebot4_description/share/turtlebot4_description/package.zsh'
[0.856s] Level 1:colcon.colcon_core.environment:create_file_with_runtime_dependencies(/home/feiying/ros2_learn/L05_turtlebot4/install/turtlebot4_description/share/colcon-core/packages/turtlebot4_description)
[0.856s] Level 1:colcon.colcon_core.environment:create_environment_scripts_only(turtlebot4_description)
[0.857s] Level 1:colcon.colcon_core.environment:checking '/home/feiying/ros2_learn/L05_turtlebot4/install/turtlebot4_description' for CMake module files
[0.857s] Level 1:colcon.colcon_core.environment:checking '/home/feiying/ros2_learn/L05_turtlebot4/install/turtlebot4_description' for CMake config files
[0.858s] Level 1:colcon.colcon_core.shell:create_environment_hook('turtlebot4_description', 'cmake_prefix_path')
[0.858s] INFO:colcon.colcon_core.shell:Creating environment hook '/home/feiying/ros2_learn/L05_turtlebot4/install/turtlebot4_description/share/turtlebot4_description/hook/cmake_prefix_path.ps1'
[0.859s] INFO:colcon.colcon_core.shell:Creating environment descriptor '/home/feiying/ros2_learn/L05_turtlebot4/install/turtlebot4_description/share/turtlebot4_description/hook/cmake_prefix_path.dsv'
[0.859s] INFO:colcon.colcon_core.shell:Creating environment hook '/home/feiying/ros2_learn/L05_turtlebot4/install/turtlebot4_description/share/turtlebot4_description/hook/cmake_prefix_path.sh'
[0.860s] Level 1:colcon.colcon_core.environment:checking '/home/feiying/ros2_learn/L05_turtlebot4/install/turtlebot4_description/lib'
[0.860s] Level 1:colcon.colcon_core.environment:checking '/home/feiying/ros2_learn/L05_turtlebot4/install/turtlebot4_description/bin'
[0.860s] Level 1:colcon.colcon_core.environment:checking '/home/feiying/ros2_learn/L05_turtlebot4/install/turtlebot4_description/lib/pkgconfig/turtlebot4_description.pc'
[0.861s] Level 1:colcon.colcon_core.environment:checking '/home/feiying/ros2_learn/L05_turtlebot4/install/turtlebot4_description/lib/python3.12/site-packages'
[0.861s] Level 1:colcon.colcon_core.environment:checking '/home/feiying/ros2_learn/L05_turtlebot4/install/turtlebot4_description/bin'
[0.861s] INFO:colcon.colcon_core.shell:Creating package script '/home/feiying/ros2_learn/L05_turtlebot4/install/turtlebot4_description/share/turtlebot4_description/package.ps1'
[0.862s] INFO:colcon.colcon_core.shell:Creating package descriptor '/home/feiying/ros2_learn/L05_turtlebot4/install/turtlebot4_description/share/turtlebot4_description/package.dsv'
[0.863s] INFO:colcon.colcon_core.shell:Creating package script '/home/feiying/ros2_learn/L05_turtlebot4/install/turtlebot4_description/share/turtlebot4_description/package.sh'
[0.863s] INFO:colcon.colcon_core.shell:Creating package script '/home/feiying/ros2_learn/L05_turtlebot4/install/turtlebot4_description/share/turtlebot4_description/package.bash'
[0.864s] INFO:colcon.colcon_core.shell:Creating package script '/home/feiying/ros2_learn/L05_turtlebot4/install/turtlebot4_description/share/turtlebot4_description/package.zsh'
[0.864s] Level 1:colcon.colcon_core.environment:create_file_with_runtime_dependencies(/home/feiying/ros2_learn/L05_turtlebot4/install/turtlebot4_description/share/colcon-core/packages/turtlebot4_description)
[1.325s] DEBUG:colcon.colcon_core.event_handler.log_command:Invoked command in '/home/feiying/ros2_learn/L05_turtlebot4/build/turtlebot4_navigation' returned '0': CMAKE_PREFIX_PATH=${CMAKE_PREFIX_PATH}:/home/feiying/ros2_learn/L04_panda_moveit/install/panda_moveit_demo:/opt/ros/jazzy DEBUGINFOD_URLS=https://debuginfod.ubuntu.com /usr/bin/cmake --build /home/feiying/ros2_learn/L05_turtlebot4/build/turtlebot4_navigation -- -j4 -l4
[1.326s] DEBUG:colcon.colcon_core.event_handler.log_command:Invoking command in '/home/feiying/ros2_learn/L05_turtlebot4/build/turtlebot4_navigation': CMAKE_PREFIX_PATH=${CMAKE_PREFIX_PATH}:/home/feiying/ros2_learn/L04_panda_moveit/install/panda_moveit_demo:/opt/ros/jazzy DEBUGINFOD_URLS=https://debuginfod.ubuntu.com /usr/bin/cmake --install /home/feiying/ros2_learn/L05_turtlebot4/build/turtlebot4_navigation
[1.447s] Level 1:colcon.colcon_core.environment:create_environment_scripts_only(turtlebot4_navigation)
[1.447s] Level 1:colcon.colcon_core.environment:checking '/home/feiying/ros2_learn/L05_turtlebot4/install/turtlebot4_navigation' for CMake module files
[1.448s] DEBUG:colcon.colcon_core.event_handler.log_command:Invoked command in '/home/feiying/ros2_learn/L05_turtlebot4/build/turtlebot4_navigation' returned '0': CMAKE_PREFIX_PATH=${CMAKE_PREFIX_PATH}:/home/feiying/ros2_learn/L04_panda_moveit/install/panda_moveit_demo:/opt/ros/jazzy DEBUGINFOD_URLS=https://debuginfod.ubuntu.com /usr/bin/cmake --install /home/feiying/ros2_learn/L05_turtlebot4/build/turtlebot4_navigation
[1.448s] Level 1:colcon.colcon_core.environment:checking '/home/feiying/ros2_learn/L05_turtlebot4/install/turtlebot4_navigation' for CMake config files
[1.449s] Level 1:colcon.colcon_core.shell:create_environment_hook('turtlebot4_navigation', 'cmake_prefix_path')
[1.449s] INFO:colcon.colcon_core.shell:Creating environment hook '/home/feiying/ros2_learn/L05_turtlebot4/install/turtlebot4_navigation/share/turtlebot4_navigation/hook/cmake_prefix_path.ps1'
[1.450s] INFO:colcon.colcon_core.shell:Creating environment descriptor '/home/feiying/ros2_learn/L05_turtlebot4/install/turtlebot4_navigation/share/turtlebot4_navigation/hook/cmake_prefix_path.dsv'
[1.450s] INFO:colcon.colcon_core.shell:Creating environment hook '/home/feiying/ros2_learn/L05_turtlebot4/install/turtlebot4_navigation/share/turtlebot4_navigation/hook/cmake_prefix_path.sh'
[1.451s] Level 1:colcon.colcon_core.environment:checking '/home/feiying/ros2_learn/L05_turtlebot4/install/turtlebot4_navigation/lib'
[1.451s] Level 1:colcon.colcon_core.environment:checking '/home/feiying/ros2_learn/L05_turtlebot4/install/turtlebot4_navigation/bin'
[1.451s] Level 1:colcon.colcon_core.environment:checking '/home/feiying/ros2_learn/L05_turtlebot4/install/turtlebot4_navigation/lib/pkgconfig/turtlebot4_navigation.pc'
[1.451s] Level 1:colcon.colcon_core.environment:checking '/home/feiying/ros2_learn/L05_turtlebot4/install/turtlebot4_navigation/lib/python3.12/site-packages'
[1.451s] Level 1:colcon.colcon_core.shell:create_environment_hook('turtlebot4_navigation', 'pythonpath')
[1.451s] INFO:colcon.colcon_core.shell:Creating environment hook '/home/feiying/ros2_learn/L05_turtlebot4/install/turtlebot4_navigation/share/turtlebot4_navigation/hook/pythonpath.ps1'
[1.452s] INFO:colcon.colcon_core.shell:Creating environment descriptor '/home/feiying/ros2_learn/L05_turtlebot4/install/turtlebot4_navigation/share/turtlebot4_navigation/hook/pythonpath.dsv'
[1.452s] INFO:colcon.colcon_core.shell:Creating environment hook '/home/feiying/ros2_learn/L05_turtlebot4/install/turtlebot4_navigation/share/turtlebot4_navigation/hook/pythonpath.sh'
[1.453s] Level 1:colcon.colcon_core.environment:checking '/home/feiying/ros2_learn/L05_turtlebot4/install/turtlebot4_navigation/bin'
[1.453s] INFO:colcon.colcon_core.shell:Creating package script '/home/feiying/ros2_learn/L05_turtlebot4/install/turtlebot4_navigation/share/turtlebot4_navigation/package.ps1'
[1.454s] INFO:colcon.colcon_core.shell:Creating package descriptor '/home/feiying/ros2_learn/L05_turtlebot4/install/turtlebot4_navigation/share/turtlebot4_navigation/package.dsv'
[1.454s] INFO:colcon.colcon_core.shell:Creating package script '/home/feiying/ros2_learn/L05_turtlebot4/install/turtlebot4_navigation/share/turtlebot4_navigation/package.sh'
[1.454s] INFO:colcon.colcon_core.shell:Creating package script '/home/feiying/ros2_learn/L05_turtlebot4/install/turtlebot4_navigation/share/turtlebot4_navigation/package.bash'
[1.455s] INFO:colcon.colcon_core.shell:Creating package script '/home/feiying/ros2_learn/L05_turtlebot4/install/turtlebot4_navigation/share/turtlebot4_navigation/package.zsh'
[1.455s] Level 1:colcon.colcon_core.environment:create_file_with_runtime_dependencies(/home/feiying/ros2_learn/L05_turtlebot4/install/turtlebot4_navigation/share/colcon-core/packages/turtlebot4_navigation)
[1.456s] Level 1:colcon.colcon_core.environment:create_environment_scripts_only(turtlebot4_navigation)
[1.456s] Level 1:colcon.colcon_core.environment:checking '/home/feiying/ros2_learn/L05_turtlebot4/install/turtlebot4_navigation' for CMake module files
[1.456s] Level 1:colcon.colcon_core.environment:checking '/home/feiying/ros2_learn/L05_turtlebot4/install/turtlebot4_navigation' for CMake config files
[1.457s] Level 1:colcon.colcon_core.shell:create_environment_hook('turtlebot4_navigation', 'cmake_prefix_path')
[1.457s] INFO:colcon.colcon_core.shell:Creating environment hook '/home/feiying/ros2_learn/L05_turtlebot4/install/turtlebot4_navigation/share/turtlebot4_navigation/hook/cmake_prefix_path.ps1'
[1.457s] INFO:colcon.colcon_core.shell:Creating environment descriptor '/home/feiying/ros2_learn/L05_turtlebot4/install/turtlebot4_navigation/share/turtlebot4_navigation/hook/cmake_prefix_path.dsv'
[1.473s] INFO:colcon.colcon_core.shell:Creating environment hook '/home/feiying/ros2_learn/L05_turtlebot4/install/turtlebot4_navigation/share/turtlebot4_navigation/hook/cmake_prefix_path.sh'
[1.474s] Level 1:colcon.colcon_core.environment:checking '/home/feiying/ros2_learn/L05_turtlebot4/install/turtlebot4_navigation/lib'
[1.474s] Level 1:colcon.colcon_core.environment:checking '/home/feiying/ros2_learn/L05_turtlebot4/install/turtlebot4_navigation/bin'
[1.474s] Level 1:colcon.colcon_core.environment:checking '/home/feiying/ros2_learn/L05_turtlebot4/install/turtlebot4_navigation/lib/pkgconfig/turtlebot4_navigation.pc'
[1.474s] Level 1:colcon.colcon_core.environment:checking '/home/feiying/ros2_learn/L05_turtlebot4/install/turtlebot4_navigation/lib/python3.12/site-packages'
[1.474s] Level 1:colcon.colcon_core.shell:create_environment_hook('turtlebot4_navigation', 'pythonpath')
[1.474s] INFO:colcon.colcon_core.shell:Creating environment hook '/home/feiying/ros2_learn/L05_turtlebot4/install/turtlebot4_navigation/share/turtlebot4_navigation/hook/pythonpath.ps1'
[1.475s] INFO:colcon.colcon_core.shell:Creating environment descriptor '/home/feiying/ros2_learn/L05_turtlebot4/install/turtlebot4_navigation/share/turtlebot4_navigation/hook/pythonpath.dsv'
[1.475s] INFO:colcon.colcon_core.shell:Creating environment hook '/home/feiying/ros2_learn/L05_turtlebot4/install/turtlebot4_navigation/share/turtlebot4_navigation/hook/pythonpath.sh'
[1.476s] Level 1:colcon.colcon_core.environment:checking '/home/feiying/ros2_learn/L05_turtlebot4/install/turtlebot4_navigation/bin'
[1.476s] INFO:colcon.colcon_core.shell:Creating package script '/home/feiying/ros2_learn/L05_turtlebot4/install/turtlebot4_navigation/share/turtlebot4_navigation/package.ps1'
[1.477s] INFO:colcon.colcon_core.shell:Creating package descriptor '/home/feiying/ros2_learn/L05_turtlebot4/install/turtlebot4_navigation/share/turtlebot4_navigation/package.dsv'
[1.477s] INFO:colcon.colcon_core.shell:Creating package script '/home/feiying/ros2_learn/L05_turtlebot4/install/turtlebot4_navigation/share/turtlebot4_navigation/package.sh'
[1.478s] INFO:colcon.colcon_core.shell:Creating package script '/home/feiying/ros2_learn/L05_turtlebot4/install/turtlebot4_navigation/share/turtlebot4_navigation/package.bash'
[1.478s] INFO:colcon.colcon_core.shell:Creating package script '/home/feiying/ros2_learn/L05_turtlebot4/install/turtlebot4_navigation/share/turtlebot4_navigation/package.zsh'
[1.479s] Level 1:colcon.colcon_core.environment:create_file_with_runtime_dependencies(/home/feiying/ros2_learn/L05_turtlebot4/install/turtlebot4_navigation/share/colcon-core/packages/turtlebot4_navigation)
[1.499s] DEBUG:colcon.colcon_core.event_handler.log_command:Invoked command in '/home/feiying/ros2_learn/L05_turtlebot4/build/turtlebot4_msgs' returned '0': CMAKE_PREFIX_PATH=${CMAKE_PREFIX_PATH}:/home/feiying/ros2_learn/L04_panda_moveit/install/panda_moveit_demo:/opt/ros/jazzy DEBUGINFOD_URLS=https://debuginfod.ubuntu.com /usr/bin/cmake /home/feiying/ros2_learn/L05_turtlebot4/src/turtlebot4/turtlebot4_msgs -DCMAKE_INSTALL_PREFIX=/home/feiying/ros2_learn/L05_turtlebot4/install/turtlebot4_msgs
[1.501s] DEBUG:colcon.colcon_core.event_handler.log_command:Invoking command in '/home/feiying/ros2_learn/L05_turtlebot4/build/turtlebot4_msgs': CMAKE_PREFIX_PATH=${CMAKE_PREFIX_PATH}:/home/feiying/ros2_learn/L04_panda_moveit/install/panda_moveit_demo:/opt/ros/jazzy DEBUGINFOD_URLS=https://debuginfod.ubuntu.com /usr/bin/cmake --build /home/feiying/ros2_learn/L05_turtlebot4/build/turtlebot4_msgs -- -j4 -l4
[1.985s] DEBUG:colcon.colcon_core.event_handler.log_command:Invoked command in '/home/feiying/ros2_learn/L05_turtlebot4/build/turtlebot4_msgs' returned '0': CMAKE_PREFIX_PATH=${CMAKE_PREFIX_PATH}:/home/feiying/ros2_learn/L04_panda_moveit/install/panda_moveit_demo:/opt/ros/jazzy DEBUGINFOD_URLS=https://debuginfod.ubuntu.com /usr/bin/cmake --build /home/feiying/ros2_learn/L05_turtlebot4/build/turtlebot4_msgs -- -j4 -l4
[1.986s] DEBUG:colcon.colcon_core.event_handler.log_command:Invoking command in '/home/feiying/ros2_learn/L05_turtlebot4/build/turtlebot4_msgs': CMAKE_PREFIX_PATH=${CMAKE_PREFIX_PATH}:/home/feiying/ros2_learn/L04_panda_moveit/install/panda_moveit_demo:/opt/ros/jazzy DEBUGINFOD_URLS=https://debuginfod.ubuntu.com /usr/bin/cmake --install /home/feiying/ros2_learn/L05_turtlebot4/build/turtlebot4_msgs
[2.077s] Level 1:colcon.colcon_core.environment:create_environment_scripts_only(turtlebot4_msgs)
[2.077s] Level 1:colcon.colcon_core.environment:checking '/home/feiying/ros2_learn/L05_turtlebot4/install/turtlebot4_msgs' for CMake module files
[2.078s] DEBUG:colcon.colcon_core.event_handler.log_command:Invoked command in '/home/feiying/ros2_learn/L05_turtlebot4/build/turtlebot4_msgs' returned '0': CMAKE_PREFIX_PATH=${CMAKE_PREFIX_PATH}:/home/feiying/ros2_learn/L04_panda_moveit/install/panda_moveit_demo:/opt/ros/jazzy DEBUGINFOD_URLS=https://debuginfod.ubuntu.com /usr/bin/cmake --install /home/feiying/ros2_learn/L05_turtlebot4/build/turtlebot4_msgs
[2.078s] Level 1:colcon.colcon_core.environment:checking '/home/feiying/ros2_learn/L05_turtlebot4/install/turtlebot4_msgs' for CMake config files
[2.079s] Level 1:colcon.colcon_core.shell:create_environment_hook('turtlebot4_msgs', 'cmake_prefix_path')
[2.079s] INFO:colcon.colcon_core.shell:Creating environment hook '/home/feiying/ros2_learn/L05_turtlebot4/install/turtlebot4_msgs/share/turtlebot4_msgs/hook/cmake_prefix_path.ps1'
[2.080s] INFO:colcon.colcon_core.shell:Creating environment descriptor '/home/feiying/ros2_learn/L05_turtlebot4/install/turtlebot4_msgs/share/turtlebot4_msgs/hook/cmake_prefix_path.dsv'
[2.080s] INFO:colcon.colcon_core.shell:Creating environment hook '/home/feiying/ros2_learn/L05_turtlebot4/install/turtlebot4_msgs/share/turtlebot4_msgs/hook/cmake_prefix_path.sh'
[2.081s] Level 1:colcon.colcon_core.environment:checking '/home/feiying/ros2_learn/L05_turtlebot4/install/turtlebot4_msgs/lib'
[2.081s] Level 1:colcon.colcon_core.shell:create_environment_hook('turtlebot4_msgs', 'ld_library_path_lib')
[2.081s] INFO:colcon.colcon_core.shell:Creating environment hook '/home/feiying/ros2_learn/L05_turtlebot4/install/turtlebot4_msgs/share/turtlebot4_msgs/hook/ld_library_path_lib.ps1'
[2.081s] INFO:colcon.colcon_core.shell:Creating environment descriptor '/home/feiying/ros2_learn/L05_turtlebot4/install/turtlebot4_msgs/share/turtlebot4_msgs/hook/ld_library_path_lib.dsv'
[2.082s] INFO:colcon.colcon_core.shell:Creating environment hook '/home/feiying/ros2_learn/L05_turtlebot4/install/turtlebot4_msgs/share/turtlebot4_msgs/hook/ld_library_path_lib.sh'
[2.082s] Level 1:colcon.colcon_core.environment:checking '/home/feiying/ros2_learn/L05_turtlebot4/install/turtlebot4_msgs/bin'
[2.082s] Level 1:colcon.colcon_core.environment:checking '/home/feiying/ros2_learn/L05_turtlebot4/install/turtlebot4_msgs/lib/pkgconfig/turtlebot4_msgs.pc'
[2.083s] Level 1:colcon.colcon_core.environment:checking '/home/feiying/ros2_learn/L05_turtlebot4/install/turtlebot4_msgs/lib/python3.12/site-packages'
[2.083s] Level 1:colcon.colcon_core.shell:create_environment_hook('turtlebot4_msgs', 'pythonpath')
[2.083s] INFO:colcon.colcon_core.shell:Creating environment hook '/home/feiying/ros2_learn/L05_turtlebot4/install/turtlebot4_msgs/share/turtlebot4_msgs/hook/pythonpath.ps1'
[2.083s] INFO:colcon.colcon_core.shell:Creating environment descriptor '/home/feiying/ros2_learn/L05_turtlebot4/install/turtlebot4_msgs/share/turtlebot4_msgs/hook/pythonpath.dsv'
[2.084s] INFO:colcon.colcon_core.shell:Creating environment hook '/home/feiying/ros2_learn/L05_turtlebot4/install/turtlebot4_msgs/share/turtlebot4_msgs/hook/pythonpath.sh'
[2.084s] Level 1:colcon.colcon_core.environment:checking '/home/feiying/ros2_learn/L05_turtlebot4/install/turtlebot4_msgs/bin'
[2.085s] INFO:colcon.colcon_core.shell:Creating package script '/home/feiying/ros2_learn/L05_turtlebot4/install/turtlebot4_msgs/share/turtlebot4_msgs/package.ps1'
[2.085s] INFO:colcon.colcon_core.shell:Creating package descriptor '/home/feiying/ros2_learn/L05_turtlebot4/install/turtlebot4_msgs/share/turtlebot4_msgs/package.dsv'
[2.086s] INFO:colcon.colcon_core.shell:Creating package script '/home/feiying/ros2_learn/L05_turtlebot4/install/turtlebot4_msgs/share/turtlebot4_msgs/package.sh'
[2.086s] INFO:colcon.colcon_core.shell:Creating package script '/home/feiying/ros2_learn/L05_turtlebot4/install/turtlebot4_msgs/share/turtlebot4_msgs/package.bash'
[2.086s] INFO:colcon.colcon_core.shell:Creating package script '/home/feiying/ros2_learn/L05_turtlebot4/install/turtlebot4_msgs/share/turtlebot4_msgs/package.zsh'
[2.087s] Level 1:colcon.colcon_core.environment:create_file_with_runtime_dependencies(/home/feiying/ros2_learn/L05_turtlebot4/install/turtlebot4_msgs/share/colcon-core/packages/turtlebot4_msgs)
[2.088s] Level 1:colcon.colcon_core.environment:create_environment_scripts_only(turtlebot4_msgs)
[2.088s] Level 1:colcon.colcon_core.environment:checking '/home/feiying/ros2_learn/L05_turtlebot4/install/turtlebot4_msgs' for CMake module files
[2.089s] Level 1:colcon.colcon_core.environment:checking '/home/feiying/ros2_learn/L05_turtlebot4/install/turtlebot4_msgs' for CMake config files
[2.089s] Level 1:colcon.colcon_core.shell:create_environment_hook('turtlebot4_msgs', 'cmake_prefix_path')
[2.089s] INFO:colcon.colcon_core.shell:Creating environment hook '/home/feiying/ros2_learn/L05_turtlebot4/install/turtlebot4_msgs/share/turtlebot4_msgs/hook/cmake_prefix_path.ps1'
[2.090s] INFO:colcon.colcon_core.shell:Creating environment descriptor '/home/feiying/ros2_learn/L05_turtlebot4/install/turtlebot4_msgs/share/turtlebot4_msgs/hook/cmake_prefix_path.dsv'
[2.090s] INFO:colcon.colcon_core.shell:Creating environment hook '/home/feiying/ros2_learn/L05_turtlebot4/install/turtlebot4_msgs/share/turtlebot4_msgs/hook/cmake_prefix_path.sh'
[2.091s] Level 1:colcon.colcon_core.environment:checking '/home/feiying/ros2_learn/L05_turtlebot4/install/turtlebot4_msgs/lib'
[2.091s] Level 1:colcon.colcon_core.shell:create_environment_hook('turtlebot4_msgs', 'ld_library_path_lib')
[2.091s] INFO:colcon.colcon_core.shell:Creating environment hook '/home/feiying/ros2_learn/L05_turtlebot4/install/turtlebot4_msgs/share/turtlebot4_msgs/hook/ld_library_path_lib.ps1'
[2.091s] INFO:colcon.colcon_core.shell:Creating environment descriptor '/home/feiying/ros2_learn/L05_turtlebot4/install/turtlebot4_msgs/share/turtlebot4_msgs/hook/ld_library_path_lib.dsv'
[2.092s] INFO:colcon.colcon_core.shell:Creating environment hook '/home/feiying/ros2_learn/L05_turtlebot4/install/turtlebot4_msgs/share/turtlebot4_msgs/hook/ld_library_path_lib.sh'
[2.092s] Level 1:colcon.colcon_core.environment:checking '/home/feiying/ros2_learn/L05_turtlebot4/install/turtlebot4_msgs/bin'
[2.092s] Level 1:colcon.colcon_core.environment:checking '/home/feiying/ros2_learn/L05_turtlebot4/install/turtlebot4_msgs/lib/pkgconfig/turtlebot4_msgs.pc'
[2.092s] Level 1:colcon.colcon_core.environment:checking '/home/feiying/ros2_learn/L05_turtlebot4/install/turtlebot4_msgs/lib/python3.12/site-packages'
[2.092s] Level 1:colcon.colcon_core.shell:create_environment_hook('turtlebot4_msgs', 'pythonpath')
[2.093s] INFO:colcon.colcon_core.shell:Creating environment hook '/home/feiying/ros2_learn/L05_turtlebot4/install/turtlebot4_msgs/share/turtlebot4_msgs/hook/pythonpath.ps1'
[2.093s] INFO:colcon.colcon_core.shell:Creating environment descriptor '/home/feiying/ros2_learn/L05_turtlebot4/install/turtlebot4_msgs/share/turtlebot4_msgs/hook/pythonpath.dsv'
[2.093s] INFO:colcon.colcon_core.shell:Creating environment hook '/home/feiying/ros2_learn/L05_turtlebot4/install/turtlebot4_msgs/share/turtlebot4_msgs/hook/pythonpath.sh'
[2.094s] Level 1:colcon.colcon_core.environment:checking '/home/feiying/ros2_learn/L05_turtlebot4/install/turtlebot4_msgs/bin'
[2.094s] INFO:colcon.colcon_core.shell:Creating package script '/home/feiying/ros2_learn/L05_turtlebot4/install/turtlebot4_msgs/share/turtlebot4_msgs/package.ps1'
[2.095s] INFO:colcon.colcon_core.shell:Creating package descriptor '/home/feiying/ros2_learn/L05_turtlebot4/install/turtlebot4_msgs/share/turtlebot4_msgs/package.dsv'
[2.096s] INFO:colcon.colcon_core.shell:Creating package script '/home/feiying/ros2_learn/L05_turtlebot4/install/turtlebot4_msgs/share/turtlebot4_msgs/package.sh'
[2.096s] INFO:colcon.colcon_core.shell:Creating package script '/home/feiying/ros2_learn/L05_turtlebot4/install/turtlebot4_msgs/share/turtlebot4_msgs/package.bash'
[2.097s] INFO:colcon.colcon_core.shell:Creating package script '/home/feiying/ros2_learn/L05_turtlebot4/install/turtlebot4_msgs/share/turtlebot4_msgs/package.zsh'
[2.098s] Level 1:colcon.colcon_core.environment:create_file_with_runtime_dependencies(/home/feiying/ros2_learn/L05_turtlebot4/install/turtlebot4_msgs/share/colcon-core/packages/turtlebot4_msgs)
[2.098s] INFO:colcon.colcon_ros.task.ament_cmake.build:Building ROS package in '/home/feiying/ros2_learn/L05_turtlebot4/src/turtlebot4/turtlebot4_node' with build type 'ament_cmake'
[2.098s] INFO:colcon.colcon_cmake.task.cmake.build:Building CMake package in '/home/feiying/ros2_learn/L05_turtlebot4/src/turtlebot4/turtlebot4_node'
[2.099s] INFO:colcon.colcon_core.shell:Skip shell extension 'powershell' for command environment: Not usable outside of PowerShell
[2.099s] DEBUG:colcon.colcon_core.shell:Skip shell extension 'dsv' for command environment
[2.112s] DEBUG:colcon.colcon_core.event_handler.log_command:Invoking command in '/home/feiying/ros2_learn/L05_turtlebot4/build/turtlebot4_node': CMAKE_PREFIX_PATH=/home/feiying/ros2_learn/L05_turtlebot4/install/turtlebot4_msgs:/home/feiying/ros2_learn/L05_turtlebot4/install/turtlebot4_node:/home/feiying/ros2_learn/L05_turtlebot4/install/turtlebot4_navigation:/home/feiying/ros2_learn/L05_turtlebot4/install/turtlebot4_description:/opt/ros/jazzy/opt/gz_sim_vendor:/opt/ros/jazzy/opt/gz_sensors_vendor:/opt/ros/jazzy/opt/gz_physics_vendor:/opt/ros/jazzy/opt/sdformat_vendor:/opt/ros/jazzy/opt/gz_gui_vendor:/opt/ros/jazzy/opt/gz_transport_vendor:/opt/ros/jazzy/opt/gz_rendering_vendor:/opt/ros/jazzy/opt/gz_plugin_vendor:/opt/ros/jazzy/opt/gz_fuel_tools_vendor:/opt/ros/jazzy/opt/gz_msgs_vendor:/opt/ros/jazzy/opt/gz_common_vendor:/opt/ros/jazzy/opt/gz_math_vendor:/opt/ros/jazzy/opt/gz_utils_vendor:/opt/ros/jazzy/opt/gz_tools_vendor:/opt/ros/jazzy/opt/gz_ogre_next_vendor:/opt/ros/jazzy/opt/gz_dartsim_vendor:/opt/ros/jazzy/opt/gz_cmake_vendor:/home/feiying/ros2_learn/L04_panda_moveit/install/panda_moveit_demo:/opt/ros/jazzy DEBUGINFOD_URLS=https://debuginfod.ubuntu.com PYTHONPATH=/home/feiying/ros2_learn/L05_turtlebot4/install/turtlebot4_msgs/lib/python3.12/site-packages:/home/feiying/ros2_learn/L05_turtlebot4/install/turtlebot4_navigation/lib/python3.12/site-packages:/home/feiying/ros2_learn/L04_panda_moveit/install/panda_moveit_demo/lib/python3.12/site-packages:/opt/ros/jazzy/lib/python3.12/site-packages /usr/bin/cmake /home/feiying/ros2_learn/L05_turtlebot4/src/turtlebot4/turtlebot4_node -DCMAKE_INSTALL_PREFIX=/home/feiying/ros2_learn/L05_turtlebot4/install/turtlebot4_node
[2.985s] DEBUG:colcon.colcon_core.event_handler.log_command:Invoked command in '/home/feiying/ros2_learn/L05_turtlebot4/build/turtlebot4_node' returned '0': CMAKE_PREFIX_PATH=/home/feiying/ros2_learn/L05_turtlebot4/install/turtlebot4_msgs:/home/feiying/ros2_learn/L05_turtlebot4/install/turtlebot4_node:/home/feiying/ros2_learn/L05_turtlebot4/install/turtlebot4_navigation:/home/feiying/ros2_learn/L05_turtlebot4/install/turtlebot4_description:/opt/ros/jazzy/opt/gz_sim_vendor:/opt/ros/jazzy/opt/gz_sensors_vendor:/opt/ros/jazzy/opt/gz_physics_vendor:/opt/ros/jazzy/opt/sdformat_vendor:/opt/ros/jazzy/opt/gz_gui_vendor:/opt/ros/jazzy/opt/gz_transport_vendor:/opt/ros/jazzy/opt/gz_rendering_vendor:/opt/ros/jazzy/opt/gz_plugin_vendor:/opt/ros/jazzy/opt/gz_fuel_tools_vendor:/opt/ros/jazzy/opt/gz_msgs_vendor:/opt/ros/jazzy/opt/gz_common_vendor:/opt/ros/jazzy/opt/gz_math_vendor:/opt/ros/jazzy/opt/gz_utils_vendor:/opt/ros/jazzy/opt/gz_tools_vendor:/opt/ros/jazzy/opt/gz_ogre_next_vendor:/opt/ros/jazzy/opt/gz_dartsim_vendor:/opt/ros/jazzy/opt/gz_cmake_vendor:/home/feiying/ros2_learn/L04_panda_moveit/install/panda_moveit_demo:/opt/ros/jazzy DEBUGINFOD_URLS=https://debuginfod.ubuntu.com PYTHONPATH=/home/feiying/ros2_learn/L05_turtlebot4/install/turtlebot4_msgs/lib/python3.12/site-packages:/home/feiying/ros2_learn/L05_turtlebot4/install/turtlebot4_navigation/lib/python3.12/site-packages:/home/feiying/ros2_learn/L04_panda_moveit/install/panda_moveit_demo/lib/python3.12/site-packages:/opt/ros/jazzy/lib/python3.12/site-packages /usr/bin/cmake /home/feiying/ros2_learn/L05_turtlebot4/src/turtlebot4/turtlebot4_node -DCMAKE_INSTALL_PREFIX=/home/feiying/ros2_learn/L05_turtlebot4/install/turtlebot4_node
[2.987s] DEBUG:colcon.colcon_core.event_handler.log_command:Invoking command in '/home/feiying/ros2_learn/L05_turtlebot4/build/turtlebot4_node': CMAKE_PREFIX_PATH=/home/feiying/ros2_learn/L05_turtlebot4/install/turtlebot4_msgs:/home/feiying/ros2_learn/L05_turtlebot4/install/turtlebot4_node:/home/feiying/ros2_learn/L05_turtlebot4/install/turtlebot4_navigation:/home/feiying/ros2_learn/L05_turtlebot4/install/turtlebot4_description:/opt/ros/jazzy/opt/gz_sim_vendor:/opt/ros/jazzy/opt/gz_sensors_vendor:/opt/ros/jazzy/opt/gz_physics_vendor:/opt/ros/jazzy/opt/sdformat_vendor:/opt/ros/jazzy/opt/gz_gui_vendor:/opt/ros/jazzy/opt/gz_transport_vendor:/opt/ros/jazzy/opt/gz_rendering_vendor:/opt/ros/jazzy/opt/gz_plugin_vendor:/opt/ros/jazzy/opt/gz_fuel_tools_vendor:/opt/ros/jazzy/opt/gz_msgs_vendor:/opt/ros/jazzy/opt/gz_common_vendor:/opt/ros/jazzy/opt/gz_math_vendor:/opt/ros/jazzy/opt/gz_utils_vendor:/opt/ros/jazzy/opt/gz_tools_vendor:/opt/ros/jazzy/opt/gz_ogre_next_vendor:/opt/ros/jazzy/opt/gz_dartsim_vendor:/opt/ros/jazzy/opt/gz_cmake_vendor:/home/feiying/ros2_learn/L04_panda_moveit/install/panda_moveit_demo:/opt/ros/jazzy DEBUGINFOD_URLS=https://debuginfod.ubuntu.com PYTHONPATH=/home/feiying/ros2_learn/L05_turtlebot4/install/turtlebot4_msgs/lib/python3.12/site-packages:/home/feiying/ros2_learn/L05_turtlebot4/install/turtlebot4_navigation/lib/python3.12/site-packages:/home/feiying/ros2_learn/L04_panda_moveit/install/panda_moveit_demo/lib/python3.12/site-packages:/opt/ros/jazzy/lib/python3.12/site-packages /usr/bin/cmake --build /home/feiying/ros2_learn/L05_turtlebot4/build/turtlebot4_node -- -j4 -l4
[3.116s] DEBUG:colcon.colcon_core.event_handler.log_command:Invoked command in '/home/feiying/ros2_learn/L05_turtlebot4/build/turtlebot4_node' returned '0': CMAKE_PREFIX_PATH=/home/feiying/ros2_learn/L05_turtlebot4/install/turtlebot4_msgs:/home/feiying/ros2_learn/L05_turtlebot4/install/turtlebot4_node:/home/feiying/ros2_learn/L05_turtlebot4/install/turtlebot4_navigation:/home/feiying/ros2_learn/L05_turtlebot4/install/turtlebot4_description:/opt/ros/jazzy/opt/gz_sim_vendor:/opt/ros/jazzy/opt/gz_sensors_vendor:/opt/ros/jazzy/opt/gz_physics_vendor:/opt/ros/jazzy/opt/sdformat_vendor:/opt/ros/jazzy/opt/gz_gui_vendor:/opt/ros/jazzy/opt/gz_transport_vendor:/opt/ros/jazzy/opt/gz_rendering_vendor:/opt/ros/jazzy/opt/gz_plugin_vendor:/opt/ros/jazzy/opt/gz_fuel_tools_vendor:/opt/ros/jazzy/opt/gz_msgs_vendor:/opt/ros/jazzy/opt/gz_common_vendor:/opt/ros/jazzy/opt/gz_math_vendor:/opt/ros/jazzy/opt/gz_utils_vendor:/opt/ros/jazzy/opt/gz_tools_vendor:/opt/ros/jazzy/opt/gz_ogre_next_vendor:/opt/ros/jazzy/opt/gz_dartsim_vendor:/opt/ros/jazzy/opt/gz_cmake_vendor:/home/feiying/ros2_learn/L04_panda_moveit/install/panda_moveit_demo:/opt/ros/jazzy DEBUGINFOD_URLS=https://debuginfod.ubuntu.com PYTHONPATH=/home/feiying/ros2_learn/L05_turtlebot4/install/turtlebot4_msgs/lib/python3.12/site-packages:/home/feiying/ros2_learn/L05_turtlebot4/install/turtlebot4_navigation/lib/python3.12/site-packages:/home/feiying/ros2_learn/L04_panda_moveit/install/panda_moveit_demo/lib/python3.12/site-packages:/opt/ros/jazzy/lib/python3.12/site-packages /usr/bin/cmake --build /home/feiying/ros2_learn/L05_turtlebot4/build/turtlebot4_node -- -j4 -l4
[3.117s] DEBUG:colcon.colcon_core.event_handler.log_command:Invoking command in '/home/feiying/ros2_learn/L05_turtlebot4/build/turtlebot4_node': CMAKE_PREFIX_PATH=/home/feiying/ros2_learn/L05_turtlebot4/install/turtlebot4_msgs:/home/feiying/ros2_learn/L05_turtlebot4/install/turtlebot4_node:/home/feiying/ros2_learn/L05_turtlebot4/install/turtlebot4_navigation:/home/feiying/ros2_learn/L05_turtlebot4/install/turtlebot4_description:/opt/ros/jazzy/opt/gz_sim_vendor:/opt/ros/jazzy/opt/gz_sensors_vendor:/opt/ros/jazzy/opt/gz_physics_vendor:/opt/ros/jazzy/opt/sdformat_vendor:/opt/ros/jazzy/opt/gz_gui_vendor:/opt/ros/jazzy/opt/gz_transport_vendor:/opt/ros/jazzy/opt/gz_rendering_vendor:/opt/ros/jazzy/opt/gz_plugin_vendor:/opt/ros/jazzy/opt/gz_fuel_tools_vendor:/opt/ros/jazzy/opt/gz_msgs_vendor:/opt/ros/jazzy/opt/gz_common_vendor:/opt/ros/jazzy/opt/gz_math_vendor:/opt/ros/jazzy/opt/gz_utils_vendor:/opt/ros/jazzy/opt/gz_tools_vendor:/opt/ros/jazzy/opt/gz_ogre_next_vendor:/opt/ros/jazzy/opt/gz_dartsim_vendor:/opt/ros/jazzy/opt/gz_cmake_vendor:/home/feiying/ros2_learn/L04_panda_moveit/install/panda_moveit_demo:/opt/ros/jazzy DEBUGINFOD_URLS=https://debuginfod.ubuntu.com PYTHONPATH=/home/feiying/ros2_learn/L05_turtlebot4/install/turtlebot4_msgs/lib/python3.12/site-packages:/home/feiying/ros2_learn/L05_turtlebot4/install/turtlebot4_navigation/lib/python3.12/site-packages:/home/feiying/ros2_learn/L04_panda_moveit/install/panda_moveit_demo/lib/python3.12/site-packages:/opt/ros/jazzy/lib/python3.12/site-packages /usr/bin/cmake --install /home/feiying/ros2_learn/L05_turtlebot4/build/turtlebot4_node
[3.145s] Level 1:colcon.colcon_core.environment:create_environment_scripts_only(turtlebot4_node)
[3.146s] Level 1:colcon.colcon_core.environment:checking '/home/feiying/ros2_learn/L05_turtlebot4/install/turtlebot4_node' for CMake module files
[3.146s] DEBUG:colcon.colcon_core.event_handler.log_command:Invoked command in '/home/feiying/ros2_learn/L05_turtlebot4/build/turtlebot4_node' returned '0': CMAKE_PREFIX_PATH=/home/feiying/ros2_learn/L05_turtlebot4/install/turtlebot4_msgs:/home/feiying/ros2_learn/L05_turtlebot4/install/turtlebot4_node:/home/feiying/ros2_learn/L05_turtlebot4/install/turtlebot4_navigation:/home/feiying/ros2_learn/L05_turtlebot4/install/turtlebot4_description:/opt/ros/jazzy/opt/gz_sim_vendor:/opt/ros/jazzy/opt/gz_sensors_vendor:/opt/ros/jazzy/opt/gz_physics_vendor:/opt/ros/jazzy/opt/sdformat_vendor:/opt/ros/jazzy/opt/gz_gui_vendor:/opt/ros/jazzy/opt/gz_transport_vendor:/opt/ros/jazzy/opt/gz_rendering_vendor:/opt/ros/jazzy/opt/gz_plugin_vendor:/opt/ros/jazzy/opt/gz_fuel_tools_vendor:/opt/ros/jazzy/opt/gz_msgs_vendor:/opt/ros/jazzy/opt/gz_common_vendor:/opt/ros/jazzy/opt/gz_math_vendor:/opt/ros/jazzy/opt/gz_utils_vendor:/opt/ros/jazzy/opt/gz_tools_vendor:/opt/ros/jazzy/opt/gz_ogre_next_vendor:/opt/ros/jazzy/opt/gz_dartsim_vendor:/opt/ros/jazzy/opt/gz_cmake_vendor:/home/feiying/ros2_learn/L04_panda_moveit/install/panda_moveit_demo:/opt/ros/jazzy DEBUGINFOD_URLS=https://debuginfod.ubuntu.com PYTHONPATH=/home/feiying/ros2_learn/L05_turtlebot4/install/turtlebot4_msgs/lib/python3.12/site-packages:/home/feiying/ros2_learn/L05_turtlebot4/install/turtlebot4_navigation/lib/python3.12/site-packages:/home/feiying/ros2_learn/L04_panda_moveit/install/panda_moveit_demo/lib/python3.12/site-packages:/opt/ros/jazzy/lib/python3.12/site-packages /usr/bin/cmake --install /home/feiying/ros2_learn/L05_turtlebot4/build/turtlebot4_node
[3.147s] Level 1:colcon.colcon_core.environment:checking '/home/feiying/ros2_learn/L05_turtlebot4/install/turtlebot4_node' for CMake config files
[3.147s] Level 1:colcon.colcon_core.shell:create_environment_hook('turtlebot4_node', 'cmake_prefix_path')
[3.147s] INFO:colcon.colcon_core.shell:Creating environment hook '/home/feiying/ros2_learn/L05_turtlebot4/install/turtlebot4_node/share/turtlebot4_node/hook/cmake_prefix_path.ps1'
[3.148s] INFO:colcon.colcon_core.shell:Creating environment descriptor '/home/feiying/ros2_learn/L05_turtlebot4/install/turtlebot4_node/share/turtlebot4_node/hook/cmake_prefix_path.dsv'
[3.148s] INFO:colcon.colcon_core.shell:Creating environment hook '/home/feiying/ros2_learn/L05_turtlebot4/install/turtlebot4_node/share/turtlebot4_node/hook/cmake_prefix_path.sh'
[3.149s] Level 1:colcon.colcon_core.environment:checking '/home/feiying/ros2_learn/L05_turtlebot4/install/turtlebot4_node/lib'
[3.149s] Level 1:colcon.colcon_core.environment:checking '/home/feiying/ros2_learn/L05_turtlebot4/install/turtlebot4_node/bin'
[3.149s] Level 1:colcon.colcon_core.environment:checking '/home/feiying/ros2_learn/L05_turtlebot4/install/turtlebot4_node/lib/pkgconfig/turtlebot4_node.pc'
[3.149s] Level 1:colcon.colcon_core.environment:checking '/home/feiying/ros2_learn/L05_turtlebot4/install/turtlebot4_node/lib/python3.12/site-packages'
[3.150s] Level 1:colcon.colcon_core.environment:checking '/home/feiying/ros2_learn/L05_turtlebot4/install/turtlebot4_node/bin'
[3.150s] INFO:colcon.colcon_core.shell:Creating package script '/home/feiying/ros2_learn/L05_turtlebot4/install/turtlebot4_node/share/turtlebot4_node/package.ps1'
[3.151s] INFO:colcon.colcon_core.shell:Creating package descriptor '/home/feiying/ros2_learn/L05_turtlebot4/install/turtlebot4_node/share/turtlebot4_node/package.dsv'
[3.151s] INFO:colcon.colcon_core.shell:Creating package script '/home/feiying/ros2_learn/L05_turtlebot4/install/turtlebot4_node/share/turtlebot4_node/package.sh'
[3.151s] INFO:colcon.colcon_core.shell:Creating package script '/home/feiying/ros2_learn/L05_turtlebot4/install/turtlebot4_node/share/turtlebot4_node/package.bash'
[3.152s] INFO:colcon.colcon_core.shell:Creating package script '/home/feiying/ros2_learn/L05_turtlebot4/install/turtlebot4_node/share/turtlebot4_node/package.zsh'
[3.152s] Level 1:colcon.colcon_core.environment:create_file_with_runtime_dependencies(/home/feiying/ros2_learn/L05_turtlebot4/install/turtlebot4_node/share/colcon-core/packages/turtlebot4_node)
[3.153s] Level 1:colcon.colcon_core.environment:create_environment_scripts_only(turtlebot4_node)
[3.153s] Level 1:colcon.colcon_core.environment:checking '/home/feiying/ros2_learn/L05_turtlebot4/install/turtlebot4_node' for CMake module files
[3.154s] Level 1:colcon.colcon_core.environment:checking '/home/feiying/ros2_learn/L05_turtlebot4/install/turtlebot4_node' for CMake config files
[3.154s] Level 1:colcon.colcon_core.shell:create_environment_hook('turtlebot4_node', 'cmake_prefix_path')
[3.154s] INFO:colcon.colcon_core.shell:Creating environment hook '/home/feiying/ros2_learn/L05_turtlebot4/install/turtlebot4_node/share/turtlebot4_node/hook/cmake_prefix_path.ps1'
[3.155s] INFO:colcon.colcon_core.shell:Creating environment descriptor '/home/feiying/ros2_learn/L05_turtlebot4/install/turtlebot4_node/share/turtlebot4_node/hook/cmake_prefix_path.dsv'
[3.155s] INFO:colcon.colcon_core.shell:Creating environment hook '/home/feiying/ros2_learn/L05_turtlebot4/install/turtlebot4_node/share/turtlebot4_node/hook/cmake_prefix_path.sh'
[3.156s] Level 1:colcon.colcon_core.environment:checking '/home/feiying/ros2_learn/L05_turtlebot4/install/turtlebot4_node/lib'
[3.156s] Level 1:colcon.colcon_core.environment:checking '/home/feiying/ros2_learn/L05_turtlebot4/install/turtlebot4_node/bin'
[3.156s] Level 1:colcon.colcon_core.environment:checking '/home/feiying/ros2_learn/L05_turtlebot4/install/turtlebot4_node/lib/pkgconfig/turtlebot4_node.pc'
[3.156s] Level 1:colcon.colcon_core.environment:checking '/home/feiying/ros2_learn/L05_turtlebot4/install/turtlebot4_node/lib/python3.12/site-packages'
[3.157s] Level 1:colcon.colcon_core.environment:checking '/home/feiying/ros2_learn/L05_turtlebot4/install/turtlebot4_node/bin'
[3.157s] INFO:colcon.colcon_core.shell:Creating package script '/home/feiying/ros2_learn/L05_turtlebot4/install/turtlebot4_node/share/turtlebot4_node/package.ps1'
[3.158s] INFO:colcon.colcon_core.shell:Creating package descriptor '/home/feiying/ros2_learn/L05_turtlebot4/install/turtlebot4_node/share/turtlebot4_node/package.dsv'
[3.158s] INFO:colcon.colcon_core.shell:Creating package script '/home/feiying/ros2_learn/L05_turtlebot4/install/turtlebot4_node/share/turtlebot4_node/package.sh'
[3.159s] INFO:colcon.colcon_core.shell:Creating package script '/home/feiying/ros2_learn/L05_turtlebot4/install/turtlebot4_node/share/turtlebot4_node/package.bash'
[3.160s] INFO:colcon.colcon_core.shell:Creating package script '/home/feiying/ros2_learn/L05_turtlebot4/install/turtlebot4_node/share/turtlebot4_node/package.zsh'
[3.160s] Level 1:colcon.colcon_core.environment:create_file_with_runtime_dependencies(/home/feiying/ros2_learn/L05_turtlebot4/install/turtlebot4_node/share/colcon-core/packages/turtlebot4_node)
[3.161s] DEBUG:colcon.colcon_parallel_executor.executor.parallel:closing loop
[3.162s] DEBUG:colcon.colcon_parallel_executor.executor.parallel:loop closed
[3.162s] DEBUG:colcon.colcon_parallel_executor.executor.parallel:run_until_complete finished with '0'
[3.162s] DEBUG:colcon.colcon_core.event_reactor:joining thread
[3.175s] INFO:colcon.colcon_core.plugin_system:Skipping extension 'colcon_notification.desktop_notification.terminal_notifier': Not used on non-Darwin systems
[3.176s] INFO:colcon.colcon_core.plugin_system:Skipping extension 'colcon_notification.desktop_notification.win32': Not used on non-Windows systems
[3.176s] INFO:colcon.colcon_notification.desktop_notification:Sending desktop notification using 'notify2'
[3.208s] DEBUG:colcon.colcon_core.event_reactor:joined thread
[3.209s] INFO:colcon.colcon_core.shell:Creating prefix script '/home/feiying/ros2_learn/L05_turtlebot4/install/local_setup.ps1'
[3.211s] INFO:colcon.colcon_core.shell:Creating prefix util module '/home/feiying/ros2_learn/L05_turtlebot4/install/_local_setup_util_ps1.py'
[3.213s] INFO:colcon.colcon_core.shell:Creating prefix chain script '/home/feiying/ros2_learn/L05_turtlebot4/install/setup.ps1'
[3.216s] INFO:colcon.colcon_core.shell:Creating prefix script '/home/feiying/ros2_learn/L05_turtlebot4/install/local_setup.sh'
[3.217s] INFO:colcon.colcon_core.shell:Creating prefix util module '/home/feiying/ros2_learn/L05_turtlebot4/install/_local_setup_util_sh.py'
[3.218s] INFO:colcon.colcon_core.shell:Creating prefix chain script '/home/feiying/ros2_learn/L05_turtlebot4/install/setup.sh'
[3.221s] INFO:colcon.colcon_core.shell:Creating prefix script '/home/feiying/ros2_learn/L05_turtlebot4/install/local_setup.bash'
[3.222s] INFO:colcon.colcon_core.shell:Creating prefix chain script '/home/feiying/ros2_learn/L05_turtlebot4/install/setup.bash'
[3.226s] INFO:colcon.colcon_core.shell:Creating prefix script '/home/feiying/ros2_learn/L05_turtlebot4/install/local_setup.zsh'
[3.227s] INFO:colcon.colcon_core.shell:Creating prefix chain script '/home/feiying/ros2_learn/L05_turtlebot4/install/setup.zsh'
