[0.012s] Invoking command in '/home/feiying/ros2_learn/L05_turtlebot4/build/turtlebot4_node': CMAKE_PREFIX_PATH=/home/feiying/ros2_learn/L05_turtlebot4/install/turtlebot4_msgs:/home/feiying/ros2_learn/L05_turtlebot4/install/turtlebot4_node:/home/feiying/ros2_learn/L05_turtlebot4/install/turtlebot4_navigation:/home/feiying/ros2_learn/L05_turtlebot4/install/turtlebot4_description:/opt/ros/jazzy/opt/gz_sim_vendor:/opt/ros/jazzy/opt/gz_sensors_vendor:/opt/ros/jazzy/opt/gz_physics_vendor:/opt/ros/jazzy/opt/sdformat_vendor:/opt/ros/jazzy/opt/gz_gui_vendor:/opt/ros/jazzy/opt/gz_transport_vendor:/opt/ros/jazzy/opt/gz_rendering_vendor:/opt/ros/jazzy/opt/gz_plugin_vendor:/opt/ros/jazzy/opt/gz_fuel_tools_vendor:/opt/ros/jazzy/opt/gz_msgs_vendor:/opt/ros/jazzy/opt/gz_common_vendor:/opt/ros/jazzy/opt/gz_math_vendor:/opt/ros/jazzy/opt/gz_utils_vendor:/opt/ros/jazzy/opt/gz_tools_vendor:/opt/ros/jazzy/opt/gz_ogre_next_vendor:/opt/ros/jazzy/opt/gz_dartsim_vendor:/opt/ros/jazzy/opt/gz_cmake_vendor:/home/feiying/ros2_learn/L04_panda_moveit/install/panda_moveit_demo:/opt/ros/jazzy DEBUGINFOD_URLS=https://debuginfod.ubuntu.com PYTHONPATH=/home/feiying/ros2_learn/L05_turtlebot4/install/turtlebot4_msgs/lib/python3.12/site-packages:/home/feiying/ros2_learn/L05_turtlebot4/install/turtlebot4_navigation/lib/python3.12/site-packages:/home/feiying/ros2_learn/L04_panda_moveit/install/panda_moveit_demo/lib/python3.12/site-packages:/opt/ros/jazzy/lib/python3.12/site-packages /usr/bin/cmake /home/feiying/ros2_learn/L05_turtlebot4/src/turtlebot4/turtlebot4_node -DAMENT_CMAKE_SYMLINK_INSTALL=1 -DCMAKE_INSTALL_PREFIX=/home/feiying/ros2_learn/L05_turtlebot4/install/turtlebot4_node
[0.027s] -- Found ament_cmake: 2.5.5 (/opt/ros/jazzy/share/ament_cmake/cmake)
[0.254s] -- Override CMake install command with custom implementation using symlinks instead of copying resources
[0.262s] -- Found rclcpp: 28.1.16 (/opt/ros/jazzy/share/rclcpp/cmake)
[0.299s] -- Found rosidl_generator_c: 4.6.7 (/opt/ros/jazzy/share/rosidl_generator_c/cmake)
[0.312s] -- Found rosidl_generator_cpp: 4.6.7 (/opt/ros/jazzy/share/rosidl_generator_cpp/cmake)
[0.326s] -- Using all available rosidl_typesupport_c: rosidl_typesupport_fastrtps_c;rosidl_typesupport_introspection_c
[0.341s] -- Using all available rosidl_typesupport_cpp: rosidl_typesupport_fastrtps_cpp;rosidl_typesupport_introspection_cpp
[0.413s] -- Found rmw_implementation_cmake: 7.3.3 (/opt/ros/jazzy/share/rmw_implementation_cmake/cmake)
[0.415s] -- Found rmw_fastrtps_cpp: 8.4.3 (/opt/ros/jazzy/share/rmw_fastrtps_cpp/cmake)
[0.490s] -- Using RMW implementation 'rmw_fastrtps_cpp' as default
[0.567s] -- Found rclcpp_action: 28.1.16 (/opt/ros/jazzy/share/rclcpp_action/cmake)
[0.613s] -- Found std_msgs: 5.3.6 (/opt/ros/jazzy/share/std_msgs/cmake)
[0.629s] -- Found std_srvs: 5.3.6 (/opt/ros/jazzy/share/std_srvs/cmake)
[0.648s] -- Found sensor_msgs: 5.3.6 (/opt/ros/jazzy/share/sensor_msgs/cmake)
[0.694s] -- Found irobot_create_msgs: 3.0.0 (/opt/ros/jazzy/share/irobot_create_msgs/cmake)
[0.731s] -- Found turtlebot4_msgs: 2.1.1 (/home/feiying/ros2_learn/L05_turtlebot4/install/turtlebot4_msgs/share/turtlebot4_msgs/cmake)
[0.750s] -- Found ament_lint_auto: 0.17.4 (/opt/ros/jazzy/share/ament_lint_auto/cmake)
[0.856s] -- Added test 'cppcheck' to perform static code analysis on C / C++ code
[0.856s] -- Configured cppcheck include dirs: /home/feiying/ros2_learn/L05_turtlebot4/src/turtlebot4/turtlebot4_node/include
[0.856s] -- Configured cppcheck exclude dirs and/or files: 
[0.857s] -- Added test 'cpplint' to check C / C++ code against the Google style
[0.857s] -- Configured cpplint exclude dirs and/or files: 
[0.858s] -- Added test 'lint_cmake' to check CMake code style
[0.859s] -- Added test 'uncrustify' to check C / C++ code style
[0.859s] -- Configured uncrustify additional arguments: 
[0.860s] -- Added test 'xmllint' to check XML markup files
[0.861s] -- Configuring done (0.8s)
[0.883s] -- Generating done (0.0s)
[0.888s] -- Build files have been written to: /home/feiying/ros2_learn/L05_turtlebot4/build/turtlebot4_node
[0.898s] Invoked command in '/home/feiying/ros2_learn/L05_turtlebot4/build/turtlebot4_node' returned '0': CMAKE_PREFIX_PATH=/home/feiying/ros2_learn/L05_turtlebot4/install/turtlebot4_msgs:/home/feiying/ros2_learn/L05_turtlebot4/install/turtlebot4_node:/home/feiying/ros2_learn/L05_turtlebot4/install/turtlebot4_navigation:/home/feiying/ros2_learn/L05_turtlebot4/install/turtlebot4_description:/opt/ros/jazzy/opt/gz_sim_vendor:/opt/ros/jazzy/opt/gz_sensors_vendor:/opt/ros/jazzy/opt/gz_physics_vendor:/opt/ros/jazzy/opt/sdformat_vendor:/opt/ros/jazzy/opt/gz_gui_vendor:/opt/ros/jazzy/opt/gz_transport_vendor:/opt/ros/jazzy/opt/gz_rendering_vendor:/opt/ros/jazzy/opt/gz_plugin_vendor:/opt/ros/jazzy/opt/gz_fuel_tools_vendor:/opt/ros/jazzy/opt/gz_msgs_vendor:/opt/ros/jazzy/opt/gz_common_vendor:/opt/ros/jazzy/opt/gz_math_vendor:/opt/ros/jazzy/opt/gz_utils_vendor:/opt/ros/jazzy/opt/gz_tools_vendor:/opt/ros/jazzy/opt/gz_ogre_next_vendor:/opt/ros/jazzy/opt/gz_dartsim_vendor:/opt/ros/jazzy/opt/gz_cmake_vendor:/home/feiying/ros2_learn/L04_panda_moveit/install/panda_moveit_demo:/opt/ros/jazzy DEBUGINFOD_URLS=https://debuginfod.ubuntu.com PYTHONPATH=/home/feiying/ros2_learn/L05_turtlebot4/install/turtlebot4_msgs/lib/python3.12/site-packages:/home/feiying/ros2_learn/L05_turtlebot4/install/turtlebot4_navigation/lib/python3.12/site-packages:/home/feiying/ros2_learn/L04_panda_moveit/install/panda_moveit_demo/lib/python3.12/site-packages:/opt/ros/jazzy/lib/python3.12/site-packages /usr/bin/cmake /home/feiying/ros2_learn/L05_turtlebot4/src/turtlebot4/turtlebot4_node -DAMENT_CMAKE_SYMLINK_INSTALL=1 -DCMAKE_INSTALL_PREFIX=/home/feiying/ros2_learn/L05_turtlebot4/install/turtlebot4_node
[0.899s] Invoking command in '/home/feiying/ros2_learn/L05_turtlebot4/build/turtlebot4_node': CMAKE_PREFIX_PATH=/home/feiying/ros2_learn/L05_turtlebot4/install/turtlebot4_msgs:/home/feiying/ros2_learn/L05_turtlebot4/install/turtlebot4_node:/home/feiying/ros2_learn/L05_turtlebot4/install/turtlebot4_navigation:/home/feiying/ros2_learn/L05_turtlebot4/install/turtlebot4_description:/opt/ros/jazzy/opt/gz_sim_vendor:/opt/ros/jazzy/opt/gz_sensors_vendor:/opt/ros/jazzy/opt/gz_physics_vendor:/opt/ros/jazzy/opt/sdformat_vendor:/opt/ros/jazzy/opt/gz_gui_vendor:/opt/ros/jazzy/opt/gz_transport_vendor:/opt/ros/jazzy/opt/gz_rendering_vendor:/opt/ros/jazzy/opt/gz_plugin_vendor:/opt/ros/jazzy/opt/gz_fuel_tools_vendor:/opt/ros/jazzy/opt/gz_msgs_vendor:/opt/ros/jazzy/opt/gz_common_vendor:/opt/ros/jazzy/opt/gz_math_vendor:/opt/ros/jazzy/opt/gz_utils_vendor:/opt/ros/jazzy/opt/gz_tools_vendor:/opt/ros/jazzy/opt/gz_ogre_next_vendor:/opt/ros/jazzy/opt/gz_dartsim_vendor:/opt/ros/jazzy/opt/gz_cmake_vendor:/home/feiying/ros2_learn/L04_panda_moveit/install/panda_moveit_demo:/opt/ros/jazzy DEBUGINFOD_URLS=https://debuginfod.ubuntu.com PYTHONPATH=/home/feiying/ros2_learn/L05_turtlebot4/install/turtlebot4_msgs/lib/python3.12/site-packages:/home/feiying/ros2_learn/L05_turtlebot4/install/turtlebot4_navigation/lib/python3.12/site-packages:/home/feiying/ros2_learn/L04_panda_moveit/install/panda_moveit_demo/lib/python3.12/site-packages:/opt/ros/jazzy/lib/python3.12/site-packages /usr/bin/cmake --build /home/feiying/ros2_learn/L05_turtlebot4/build/turtlebot4_node -- -j4 -l4
[0.982s] [ 75%] Built target turtlebot4_node_lib
[1.016s] [100%] Built target turtlebot4_node
[1.028s] Invoked command in '/home/feiying/ros2_learn/L05_turtlebot4/build/turtlebot4_node' returned '0': CMAKE_PREFIX_PATH=/home/feiying/ros2_learn/L05_turtlebot4/install/turtlebot4_msgs:/home/feiying/ros2_learn/L05_turtlebot4/install/turtlebot4_node:/home/feiying/ros2_learn/L05_turtlebot4/install/turtlebot4_navigation:/home/feiying/ros2_learn/L05_turtlebot4/install/turtlebot4_description:/opt/ros/jazzy/opt/gz_sim_vendor:/opt/ros/jazzy/opt/gz_sensors_vendor:/opt/ros/jazzy/opt/gz_physics_vendor:/opt/ros/jazzy/opt/sdformat_vendor:/opt/ros/jazzy/opt/gz_gui_vendor:/opt/ros/jazzy/opt/gz_transport_vendor:/opt/ros/jazzy/opt/gz_rendering_vendor:/opt/ros/jazzy/opt/gz_plugin_vendor:/opt/ros/jazzy/opt/gz_fuel_tools_vendor:/opt/ros/jazzy/opt/gz_msgs_vendor:/opt/ros/jazzy/opt/gz_common_vendor:/opt/ros/jazzy/opt/gz_math_vendor:/opt/ros/jazzy/opt/gz_utils_vendor:/opt/ros/jazzy/opt/gz_tools_vendor:/opt/ros/jazzy/opt/gz_ogre_next_vendor:/opt/ros/jazzy/opt/gz_dartsim_vendor:/opt/ros/jazzy/opt/gz_cmake_vendor:/home/feiying/ros2_learn/L04_panda_moveit/install/panda_moveit_demo:/opt/ros/jazzy DEBUGINFOD_URLS=https://debuginfod.ubuntu.com PYTHONPATH=/home/feiying/ros2_learn/L05_turtlebot4/install/turtlebot4_msgs/lib/python3.12/site-packages:/home/feiying/ros2_learn/L05_turtlebot4/install/turtlebot4_navigation/lib/python3.12/site-packages:/home/feiying/ros2_learn/L04_panda_moveit/install/panda_moveit_demo/lib/python3.12/site-packages:/opt/ros/jazzy/lib/python3.12/site-packages /usr/bin/cmake --build /home/feiying/ros2_learn/L05_turtlebot4/build/turtlebot4_node -- -j4 -l4
[1.029s] Invoking command in '/home/feiying/ros2_learn/L05_turtlebot4/build/turtlebot4_node': CMAKE_PREFIX_PATH=/home/feiying/ros2_learn/L05_turtlebot4/install/turtlebot4_msgs:/home/feiying/ros2_learn/L05_turtlebot4/install/turtlebot4_node:/home/feiying/ros2_learn/L05_turtlebot4/install/turtlebot4_navigation:/home/feiying/ros2_learn/L05_turtlebot4/install/turtlebot4_description:/opt/ros/jazzy/opt/gz_sim_vendor:/opt/ros/jazzy/opt/gz_sensors_vendor:/opt/ros/jazzy/opt/gz_physics_vendor:/opt/ros/jazzy/opt/sdformat_vendor:/opt/ros/jazzy/opt/gz_gui_vendor:/opt/ros/jazzy/opt/gz_transport_vendor:/opt/ros/jazzy/opt/gz_rendering_vendor:/opt/ros/jazzy/opt/gz_plugin_vendor:/opt/ros/jazzy/opt/gz_fuel_tools_vendor:/opt/ros/jazzy/opt/gz_msgs_vendor:/opt/ros/jazzy/opt/gz_common_vendor:/opt/ros/jazzy/opt/gz_math_vendor:/opt/ros/jazzy/opt/gz_utils_vendor:/opt/ros/jazzy/opt/gz_tools_vendor:/opt/ros/jazzy/opt/gz_ogre_next_vendor:/opt/ros/jazzy/opt/gz_dartsim_vendor:/opt/ros/jazzy/opt/gz_cmake_vendor:/home/feiying/ros2_learn/L04_panda_moveit/install/panda_moveit_demo:/opt/ros/jazzy DEBUGINFOD_URLS=https://debuginfod.ubuntu.com PYTHONPATH=/home/feiying/ros2_learn/L05_turtlebot4/install/turtlebot4_msgs/lib/python3.12/site-packages:/home/feiying/ros2_learn/L05_turtlebot4/install/turtlebot4_navigation/lib/python3.12/site-packages:/home/feiying/ros2_learn/L04_panda_moveit/install/panda_moveit_demo/lib/python3.12/site-packages:/opt/ros/jazzy/lib/python3.12/site-packages /usr/bin/cmake --install /home/feiying/ros2_learn/L05_turtlebot4/build/turtlebot4_node
[1.038s] -- Install configuration: ""
[1.039s] -- Execute custom install script
[1.039s] -- Up-to-date symlink: /home/feiying/ros2_learn/L05_turtlebot4/install/turtlebot4_node/lib/turtlebot4_node/turtlebot4_node
[1.040s] -- Up-to-date symlink: /home/feiying/ros2_learn/L05_turtlebot4/install/turtlebot4_node/include/turtlebot4_node/action.hpp
[1.040s] -- Up-to-date symlink: /home/feiying/ros2_learn/L05_turtlebot4/install/turtlebot4_node/include/turtlebot4_node/buttons.hpp
[1.040s] -- Up-to-date symlink: /home/feiying/ros2_learn/L05_turtlebot4/install/turtlebot4_node/include/turtlebot4_node/display.hpp
[1.040s] -- Up-to-date symlink: /home/feiying/ros2_learn/L05_turtlebot4/install/turtlebot4_node/include/turtlebot4_node/leds.hpp
[1.040s] -- Up-to-date symlink: /home/feiying/ros2_learn/L05_turtlebot4/install/turtlebot4_node/include/turtlebot4_node/service.hpp
[1.040s] -- Up-to-date symlink: /home/feiying/ros2_learn/L05_turtlebot4/install/turtlebot4_node/include/turtlebot4_node/turtlebot4.hpp
[1.040s] -- Up-to-date symlink: /home/feiying/ros2_learn/L05_turtlebot4/install/turtlebot4_node/include/turtlebot4_node/utils.hpp
[1.041s] -- Up-to-date symlink: /home/feiying/ros2_learn/L05_turtlebot4/install/turtlebot4_node/share/ament_index/resource_index/package_run_dependencies/turtlebot4_node
[1.041s] -- Up-to-date symlink: /home/feiying/ros2_learn/L05_turtlebot4/install/turtlebot4_node/share/ament_index/resource_index/parent_prefix_path/turtlebot4_node
[1.041s] -- Up-to-date symlink: /home/feiying/ros2_learn/L05_turtlebot4/install/turtlebot4_node/share/turtlebot4_node/environment/ament_prefix_path.sh
[1.041s] -- Up-to-date symlink: /home/feiying/ros2_learn/L05_turtlebot4/install/turtlebot4_node/share/turtlebot4_node/environment/ament_prefix_path.dsv
[1.041s] -- Up-to-date symlink: /home/feiying/ros2_learn/L05_turtlebot4/install/turtlebot4_node/share/turtlebot4_node/environment/path.sh
[1.042s] -- Up-to-date symlink: /home/feiying/ros2_learn/L05_turtlebot4/install/turtlebot4_node/share/turtlebot4_node/environment/path.dsv
[1.042s] -- Up-to-date symlink: /home/feiying/ros2_learn/L05_turtlebot4/install/turtlebot4_node/share/turtlebot4_node/local_setup.bash
[1.042s] -- Up-to-date symlink: /home/feiying/ros2_learn/L05_turtlebot4/install/turtlebot4_node/share/turtlebot4_node/local_setup.sh
[1.042s] -- Up-to-date symlink: /home/feiying/ros2_learn/L05_turtlebot4/install/turtlebot4_node/share/turtlebot4_node/local_setup.zsh
[1.042s] -- Up-to-date symlink: /home/feiying/ros2_learn/L05_turtlebot4/install/turtlebot4_node/share/turtlebot4_node/local_setup.dsv
[1.042s] -- Symlinking: /home/feiying/ros2_learn/L05_turtlebot4/install/turtlebot4_node/share/turtlebot4_node/package.dsv
[1.053s] -- Up-to-date symlink: /home/feiying/ros2_learn/L05_turtlebot4/install/turtlebot4_node/share/ament_index/resource_index/packages/turtlebot4_node
[1.053s] -- Up-to-date symlink: /home/feiying/ros2_learn/L05_turtlebot4/install/turtlebot4_node/share/turtlebot4_node/cmake/ament_cmake_export_include_directories-extras.cmake
[1.053s] -- Up-to-date symlink: /home/feiying/ros2_learn/L05_turtlebot4/install/turtlebot4_node/share/turtlebot4_node/cmake/turtlebot4_nodeConfig.cmake
[1.054s] -- Up-to-date symlink: /home/feiying/ros2_learn/L05_turtlebot4/install/turtlebot4_node/share/turtlebot4_node/cmake/turtlebot4_nodeConfig-version.cmake
[1.054s] -- Up-to-date symlink: /home/feiying/ros2_learn/L05_turtlebot4/install/turtlebot4_node/share/turtlebot4_node/package.xml
[1.056s] Invoked command in '/home/feiying/ros2_learn/L05_turtlebot4/build/turtlebot4_node' returned '0': CMAKE_PREFIX_PATH=/home/feiying/ros2_learn/L05_turtlebot4/install/turtlebot4_msgs:/home/feiying/ros2_learn/L05_turtlebot4/install/turtlebot4_node:/home/feiying/ros2_learn/L05_turtlebot4/install/turtlebot4_navigation:/home/feiying/ros2_learn/L05_turtlebot4/install/turtlebot4_description:/opt/ros/jazzy/opt/gz_sim_vendor:/opt/ros/jazzy/opt/gz_sensors_vendor:/opt/ros/jazzy/opt/gz_physics_vendor:/opt/ros/jazzy/opt/sdformat_vendor:/opt/ros/jazzy/opt/gz_gui_vendor:/opt/ros/jazzy/opt/gz_transport_vendor:/opt/ros/jazzy/opt/gz_rendering_vendor:/opt/ros/jazzy/opt/gz_plugin_vendor:/opt/ros/jazzy/opt/gz_fuel_tools_vendor:/opt/ros/jazzy/opt/gz_msgs_vendor:/opt/ros/jazzy/opt/gz_common_vendor:/opt/ros/jazzy/opt/gz_math_vendor:/opt/ros/jazzy/opt/gz_utils_vendor:/opt/ros/jazzy/opt/gz_tools_vendor:/opt/ros/jazzy/opt/gz_ogre_next_vendor:/opt/ros/jazzy/opt/gz_dartsim_vendor:/opt/ros/jazzy/opt/gz_cmake_vendor:/home/feiying/ros2_learn/L04_panda_moveit/install/panda_moveit_demo:/opt/ros/jazzy DEBUGINFOD_URLS=https://debuginfod.ubuntu.com PYTHONPATH=/home/feiying/ros2_learn/L05_turtlebot4/install/turtlebot4_msgs/lib/python3.12/site-packages:/home/feiying/ros2_learn/L05_turtlebot4/install/turtlebot4_navigation/lib/python3.12/site-packages:/home/feiying/ros2_learn/L04_panda_moveit/install/panda_moveit_demo/lib/python3.12/site-packages:/opt/ros/jazzy/lib/python3.12/site-packages /usr/bin/cmake --install /home/feiying/ros2_learn/L05_turtlebot4/build/turtlebot4_node
