[0.000000] (-) TimerEvent: {}
[0.000245] (-) JobUnselected: {'identifier': 'turtlebot4_msgs'}
[0.000425] (-) JobUnselected: {'identifier': 'turtlebot4_navigation'}
[0.000545] (-) JobUnselected: {'identifier': 'turtlebot4_node'}
[0.000681] (turtlebot4_description) JobQueued: {'identifier': 'turtlebot4_description', 'dependencies': OrderedDict()}
[0.000762] (turtlebot4_description) JobStarted: {'identifier': 'turtlebot4_description'}
[0.009293] (turtlebot4_description) JobProgress: {'identifier': 'turtlebot4_description', 'progress': 'cmake'}
[0.009837] (turtlebot4_description) JobProgress: {'identifier': 'turtlebot4_description', 'progress': 'build'}
[0.010497] (turtlebot4_description) Command: {'cmd': ['/usr/bin/cmake', '--build', '/home/feiying/ros2_learn/L05_turtlebot4/build/turtlebot4_description', '--', '-j4', '-l4'], 'cwd': '/home/feiying/ros2_learn/L05_turtlebot4/build/turtlebot4_description', 'env': OrderedDict({'LESSOPEN': '| /usr/bin/lesspipe %s', 'VSCODE_CWD': '/home/feiying', 'VSCODE_ESM_ENTRYPOINT': 'vs/workbench/api/node/extensionHostProcess', 'GZ_SIM_RESOURCE_PATH': '/opt/ros/jazzy/share:/home/feiying/.gz/sim/gz_models/', 'LANGUAGE': 'zh_CN:zh', 'USER': 'feiying', 'SSH_CLIENT': '192.168.8.200 10091 22', 'LC_TIME': 'zh_CN.UTF-8', 'VSCODE_NLS_CONFIG': '{"userLocale":"zh-cn","osLocale":"zh-cn","resolvedLanguage":"en","defaultMessagesFile":"/home/feiying/.cursor-server/cli/servers/Stable-c25eb90df95d64f6d280779237c1ca39f9f3eef0/server/out/nls.messages.json","locale":"zh-cn","availableLanguages":{}}', 'GZ_CONFIG_PATH': '/opt/ros/jazzy/opt/gz_sim_vendor/share/gz:/opt/ros/jazzy/opt/sdformat_vendor/share/gz:/opt/ros/jazzy/opt/gz_gui_vendor/share/gz:/opt/ros/jazzy/opt/gz_transport_vendor/share/gz:/opt/ros/jazzy/opt/gz_rendering_vendor/share/gz:/opt/ros/jazzy/opt/gz_plugin_vendor/share/gz:/opt/ros/jazzy/opt/gz_fuel_tools_vendor/share/gz:/opt/ros/jazzy/opt/gz_msgs_vendor/share/gz:/opt/ros/jazzy/opt/gz_common_vendor/share/gz', 'VSCODE_HANDLES_UNCAUGHT_ERRORS': 'true', 'XDG_SESSION_TYPE': 'tty', 'SHLVL': '2', 'LD_LIBRARY_PATH': '/opt/ros/jazzy/opt/gz_sim_vendor/lib:/opt/ros/jazzy/opt/gz_sensors_vendor/lib:/opt/ros/jazzy/opt/gz_physics_vendor/lib:/opt/ros/jazzy/opt/sdformat_vendor/lib:/opt/ros/jazzy/opt/rviz_ogre_vendor/lib:/opt/ros/jazzy/lib/x86_64-linux-gnu:/opt/ros/jazzy/opt/gz_gui_vendor/lib:/opt/ros/jazzy/opt/gz_transport_vendor/lib:/opt/ros/jazzy/opt/gz_rendering_vendor/lib:/opt/ros/jazzy/opt/gz_plugin_vendor/lib:/opt/ros/jazzy/opt/gz_fuel_tools_vendor/lib:/opt/ros/jazzy/opt/gz_msgs_vendor/lib:/opt/ros/jazzy/opt/gz_common_vendor/lib:/opt/ros/jazzy/opt/gz_math_vendor/lib:/opt/ros/jazzy/opt/gz_utils_vendor/lib:/opt/ros/jazzy/opt/gz_tools_vendor/lib:/opt/ros/jazzy/opt/gz_ogre_next_vendor/lib:/opt/ros/jazzy/opt/gz_dartsim_vendor/lib:/opt/ros/jazzy/opt/gz_cmake_vendor/lib:/opt/ros/jazzy/lib', 'BROWSER': '/home/feiying/.cursor-server/cli/servers/Stable-c25eb90df95d64f6d280779237c1ca39f9f3eef0/server/bin/helpers/browser.sh', 'HOME': '/home/feiying', 'OLDPWD': '/home/feiying/ros2_learn', 'VSCODE_IPC_HOOK_CLI': '/run/user/1000/vscode-ipc-7c1291e0-889f-4d30-9605-4c2f950e5a97.sock', 'ROS_PYTHON_VERSION': '3', 'LC_MONETARY': 'zh_CN.UTF-8', 'SSL_CERT_FILE': '/usr/lib/ssl/cert.pem', 'NO_COLOR': '1', 'DBUS_SESSION_BUS_ADDRESS': 'unix:path=/run/user/1000/bus', 'DEBUGINFOD_URLS': 'https://debuginfod.ubuntu.com', 'VSCODE_L10N_BUNDLE_LOCATION': 'vscode-local:/c%3A/Users/Administrator/.cursor/extensions/ms-ceintl.vscode-language-pack-zh-hans-1.99.0-universal/translations/extensions/vscode.markdown-language-features.i18n.json', 'ROS_DISTRO': 'jazzy', 'LOGNAME': 'feiying', 'FORCE_COLOR': '0', 'VSCODE_HANDLES_SIGPIPE': 'true', '_': '/usr/bin/colcon', 'ROS_VERSION': '2', 'XDG_SESSION_CLASS': 'user', 'TERM': 'dumb', 'EVERYSPHERE_RIPGREP_PATH': '/home/feiying/.cursor-server/cli/servers/Stable-c25eb90df95d64f6d280779237c1ca39f9f3eef0/server/node_modules/@vscode/ripgrep/bin/rg', 'XDG_SESSION_ID': '5', 'VSCODE_CLI_REQUIRE_TOKEN': 'ab6707c3-cf19-4d37-8282-7288d6ec0e8b', 'COMPOSER_NO_INTERACTION': '1', 'PATH': '/home/feiying/.cursor-server/cli/servers/Stable-c25eb90df95d64f6d280779237c1ca39f9f3eef0/server/bin/remote-cli:/opt/ros/jazzy/opt/gz_msgs_vendor/bin:/opt/ros/jazzy/opt/gz_tools_vendor/bin:/opt/ros/jazzy/opt/gz_ogre_next_vendor/bin:/opt/ros/jazzy/bin:/usr/local/sbin:/usr/local/bin:/usr/sbin:/usr/bin:/sbin:/bin:/usr/games:/usr/local/games:/snap/bin', 'VSCODE_AGENT_FOLDER': '/home/feiying/.cursor-server', 'PAPERSIZE': 'a4', 'LC_ADDRESS': 'zh_CN.UTF-8', 'XDG_RUNTIME_DIR': '/run/user/1000', 'SSL_CERT_DIR': '/usr/lib/ssl/certs', 'CURSOR_AGENT': '1', 'LANG': 'zh_CN.UTF-8', 'LC_TELEPHONE': 'zh_CN.UTF-8', 'LS_COLORS': '', 'AMENT_PREFIX_PATH': '/opt/ros/jazzy', 'SHELL': '/bin/bash', 'LC_NAME': 'zh_CN.UTF-8', 'LESSCLOSE': '/usr/bin/lesspipe %s %s', 'ROS_DISABLE_DAEMON': '1', 'LC_MEASUREMENT': 'zh_CN.UTF-8', 'LC_IDENTIFICATION': 'zh_CN.UTF-8', 'ROS_AUTOMATIC_DISCOVERY_RANGE': 'SUBNET', 'PWD': '/home/feiying/ros2_learn/L05_turtlebot4/build/turtlebot4_description', 'LC_ALL': 'zh_CN.UTF-8', 'SSH_CONNECTION': '192.168.8.200 10091 192.168.8.100 22', 'XDG_DATA_DIRS': '/usr/share/gnome:/usr/local/share:/usr/share:/var/lib/snapd/desktop', 'PYTHONPATH': '/opt/ros/jazzy/lib/python3.12/site-packages', 'LC_NUMERIC': 'zh_CN.UTF-8', 'LC_PAPER': 'zh_CN.UTF-8', 'COLCON': '1', '_ZO_DOCTOR': '0', 'CMAKE_PREFIX_PATH': '/opt/ros/jazzy/opt/gz_sim_vendor:/opt/ros/jazzy/opt/gz_sensors_vendor:/opt/ros/jazzy/opt/gz_physics_vendor:/opt/ros/jazzy/opt/sdformat_vendor:/opt/ros/jazzy/opt/gz_gui_vendor:/opt/ros/jazzy/opt/gz_transport_vendor:/opt/ros/jazzy/opt/gz_rendering_vendor:/opt/ros/jazzy/opt/gz_plugin_vendor:/opt/ros/jazzy/opt/gz_fuel_tools_vendor:/opt/ros/jazzy/opt/gz_msgs_vendor:/opt/ros/jazzy/opt/gz_common_vendor:/opt/ros/jazzy/opt/gz_math_vendor:/opt/ros/jazzy/opt/gz_utils_vendor:/opt/ros/jazzy/opt/gz_tools_vendor:/opt/ros/jazzy/opt/gz_ogre_next_vendor:/opt/ros/jazzy/opt/gz_dartsim_vendor:/opt/ros/jazzy/opt/gz_cmake_vendor:/opt/ros/jazzy'}), 'shell': False}
[0.040919] (turtlebot4_description) StdoutLine: {'line': b'-- Found ament_cmake: 2.5.5 (/opt/ros/jazzy/share/ament_cmake/cmake)\n'}
[0.099769] (-) TimerEvent: {}
[0.199936] (-) TimerEvent: {}
[0.275724] (turtlebot4_description) StdoutLine: {'line': b'-- Override CMake install command with custom implementation using symlinks instead of copying resources\n'}
[0.284241] (turtlebot4_description) StdoutLine: {'line': b'-- Found urdf: 2.10.0 (/opt/ros/jazzy/share/urdf/cmake)\n'}
[0.300064] (-) TimerEvent: {}
[0.308307] (turtlebot4_description) StdoutLine: {'line': b'-- Found TinyXML2 via Config file: /usr/lib/x86_64-linux-gnu/cmake/tinyxml2\n'}
[0.313335] (turtlebot4_description) StdoutLine: {'line': b'-- Found irobot_create_description: 3.0.4 (/opt/ros/jazzy/share/irobot_create_description/cmake)\n'}
[0.314195] (turtlebot4_description) StdoutLine: {'line': b'-- Found ament_lint_auto: 0.17.4 (/opt/ros/jazzy/share/ament_lint_auto/cmake)\n'}
[0.400140] (-) TimerEvent: {}
[0.429579] (turtlebot4_description) StdoutLine: {'line': b"-- Added test 'copyright' to check source files copyright and LICENSE\n"}
[0.433709] (turtlebot4_description) StdoutLine: {'line': b"-- Added test 'flake8' to check Python code syntax and style conventions\n"}
[0.433907] (turtlebot4_description) StdoutLine: {'line': b"-- Configured 'flake8' exclude dirs and/or files: \n"}
[0.434385] (turtlebot4_description) StdoutLine: {'line': b"-- Added test 'lint_cmake' to check CMake code style\n"}
[0.434962] (turtlebot4_description) StdoutLine: {'line': b"-- Added test 'pep257' to check Python code against some of the docstring style conventions in PEP 257\n"}
[0.437113] (turtlebot4_description) StdoutLine: {'line': b"-- Added test 'xmllint' to check XML markup files\n"}
[0.438648] (turtlebot4_description) StdoutLine: {'line': b'-- Configuring done (0.4s)\n'}
[0.442281] (turtlebot4_description) StdoutLine: {'line': b'-- Generating done (0.0s)\n'}
[0.444763] (turtlebot4_description) StdoutLine: {'line': b'-- Build files have been written to: /home/feiying/ros2_learn/L05_turtlebot4/build/turtlebot4_description\n'}
[0.472491] (turtlebot4_description) CommandEnded: {'returncode': 0}
[0.473311] (turtlebot4_description) JobProgress: {'identifier': 'turtlebot4_description', 'progress': 'install'}
[0.484570] (turtlebot4_description) Command: {'cmd': ['/usr/bin/cmake', '--install', '/home/feiying/ros2_learn/L05_turtlebot4/build/turtlebot4_description'], 'cwd': '/home/feiying/ros2_learn/L05_turtlebot4/build/turtlebot4_description', 'env': OrderedDict({'LESSOPEN': '| /usr/bin/lesspipe %s', 'VSCODE_CWD': '/home/feiying', 'VSCODE_ESM_ENTRYPOINT': 'vs/workbench/api/node/extensionHostProcess', 'GZ_SIM_RESOURCE_PATH': '/opt/ros/jazzy/share:/home/feiying/.gz/sim/gz_models/', 'LANGUAGE': 'zh_CN:zh', 'USER': 'feiying', 'SSH_CLIENT': '192.168.8.200 10091 22', 'LC_TIME': 'zh_CN.UTF-8', 'VSCODE_NLS_CONFIG': '{"userLocale":"zh-cn","osLocale":"zh-cn","resolvedLanguage":"en","defaultMessagesFile":"/home/feiying/.cursor-server/cli/servers/Stable-c25eb90df95d64f6d280779237c1ca39f9f3eef0/server/out/nls.messages.json","locale":"zh-cn","availableLanguages":{}}', 'GZ_CONFIG_PATH': '/opt/ros/jazzy/opt/gz_sim_vendor/share/gz:/opt/ros/jazzy/opt/sdformat_vendor/share/gz:/opt/ros/jazzy/opt/gz_gui_vendor/share/gz:/opt/ros/jazzy/opt/gz_transport_vendor/share/gz:/opt/ros/jazzy/opt/gz_rendering_vendor/share/gz:/opt/ros/jazzy/opt/gz_plugin_vendor/share/gz:/opt/ros/jazzy/opt/gz_fuel_tools_vendor/share/gz:/opt/ros/jazzy/opt/gz_msgs_vendor/share/gz:/opt/ros/jazzy/opt/gz_common_vendor/share/gz', 'VSCODE_HANDLES_UNCAUGHT_ERRORS': 'true', 'XDG_SESSION_TYPE': 'tty', 'SHLVL': '2', 'LD_LIBRARY_PATH': '/opt/ros/jazzy/opt/gz_sim_vendor/lib:/opt/ros/jazzy/opt/gz_sensors_vendor/lib:/opt/ros/jazzy/opt/gz_physics_vendor/lib:/opt/ros/jazzy/opt/sdformat_vendor/lib:/opt/ros/jazzy/opt/rviz_ogre_vendor/lib:/opt/ros/jazzy/lib/x86_64-linux-gnu:/opt/ros/jazzy/opt/gz_gui_vendor/lib:/opt/ros/jazzy/opt/gz_transport_vendor/lib:/opt/ros/jazzy/opt/gz_rendering_vendor/lib:/opt/ros/jazzy/opt/gz_plugin_vendor/lib:/opt/ros/jazzy/opt/gz_fuel_tools_vendor/lib:/opt/ros/jazzy/opt/gz_msgs_vendor/lib:/opt/ros/jazzy/opt/gz_common_vendor/lib:/opt/ros/jazzy/opt/gz_math_vendor/lib:/opt/ros/jazzy/opt/gz_utils_vendor/lib:/opt/ros/jazzy/opt/gz_tools_vendor/lib:/opt/ros/jazzy/opt/gz_ogre_next_vendor/lib:/opt/ros/jazzy/opt/gz_dartsim_vendor/lib:/opt/ros/jazzy/opt/gz_cmake_vendor/lib:/opt/ros/jazzy/lib', 'BROWSER': '/home/feiying/.cursor-server/cli/servers/Stable-c25eb90df95d64f6d280779237c1ca39f9f3eef0/server/bin/helpers/browser.sh', 'HOME': '/home/feiying', 'OLDPWD': '/home/feiying/ros2_learn', 'VSCODE_IPC_HOOK_CLI': '/run/user/1000/vscode-ipc-7c1291e0-889f-4d30-9605-4c2f950e5a97.sock', 'ROS_PYTHON_VERSION': '3', 'LC_MONETARY': 'zh_CN.UTF-8', 'SSL_CERT_FILE': '/usr/lib/ssl/cert.pem', 'NO_COLOR': '1', 'DBUS_SESSION_BUS_ADDRESS': 'unix:path=/run/user/1000/bus', 'DEBUGINFOD_URLS': 'https://debuginfod.ubuntu.com', 'VSCODE_L10N_BUNDLE_LOCATION': 'vscode-local:/c%3A/Users/Administrator/.cursor/extensions/ms-ceintl.vscode-language-pack-zh-hans-1.99.0-universal/translations/extensions/vscode.markdown-language-features.i18n.json', 'ROS_DISTRO': 'jazzy', 'LOGNAME': 'feiying', 'FORCE_COLOR': '0', 'VSCODE_HANDLES_SIGPIPE': 'true', '_': '/usr/bin/colcon', 'ROS_VERSION': '2', 'XDG_SESSION_CLASS': 'user', 'TERM': 'dumb', 'EVERYSPHERE_RIPGREP_PATH': '/home/feiying/.cursor-server/cli/servers/Stable-c25eb90df95d64f6d280779237c1ca39f9f3eef0/server/node_modules/@vscode/ripgrep/bin/rg', 'XDG_SESSION_ID': '5', 'VSCODE_CLI_REQUIRE_TOKEN': 'ab6707c3-cf19-4d37-8282-7288d6ec0e8b', 'COMPOSER_NO_INTERACTION': '1', 'PATH': '/home/feiying/.cursor-server/cli/servers/Stable-c25eb90df95d64f6d280779237c1ca39f9f3eef0/server/bin/remote-cli:/opt/ros/jazzy/opt/gz_msgs_vendor/bin:/opt/ros/jazzy/opt/gz_tools_vendor/bin:/opt/ros/jazzy/opt/gz_ogre_next_vendor/bin:/opt/ros/jazzy/bin:/usr/local/sbin:/usr/local/bin:/usr/sbin:/usr/bin:/sbin:/bin:/usr/games:/usr/local/games:/snap/bin', 'VSCODE_AGENT_FOLDER': '/home/feiying/.cursor-server', 'PAPERSIZE': 'a4', 'LC_ADDRESS': 'zh_CN.UTF-8', 'XDG_RUNTIME_DIR': '/run/user/1000', 'SSL_CERT_DIR': '/usr/lib/ssl/certs', 'CURSOR_AGENT': '1', 'LANG': 'zh_CN.UTF-8', 'LC_TELEPHONE': 'zh_CN.UTF-8', 'LS_COLORS': '', 'AMENT_PREFIX_PATH': '/opt/ros/jazzy', 'SHELL': '/bin/bash', 'LC_NAME': 'zh_CN.UTF-8', 'LESSCLOSE': '/usr/bin/lesspipe %s %s', 'ROS_DISABLE_DAEMON': '1', 'LC_MEASUREMENT': 'zh_CN.UTF-8', 'LC_IDENTIFICATION': 'zh_CN.UTF-8', 'ROS_AUTOMATIC_DISCOVERY_RANGE': 'SUBNET', 'PWD': '/home/feiying/ros2_learn/L05_turtlebot4/build/turtlebot4_description', 'LC_ALL': 'zh_CN.UTF-8', 'SSH_CONNECTION': '192.168.8.200 10091 192.168.8.100 22', 'XDG_DATA_DIRS': '/usr/share/gnome:/usr/local/share:/usr/share:/var/lib/snapd/desktop', 'PYTHONPATH': '/opt/ros/jazzy/lib/python3.12/site-packages', 'LC_NUMERIC': 'zh_CN.UTF-8', 'LC_PAPER': 'zh_CN.UTF-8', 'COLCON': '1', '_ZO_DOCTOR': '0', 'CMAKE_PREFIX_PATH': '/opt/ros/jazzy/opt/gz_sim_vendor:/opt/ros/jazzy/opt/gz_sensors_vendor:/opt/ros/jazzy/opt/gz_physics_vendor:/opt/ros/jazzy/opt/sdformat_vendor:/opt/ros/jazzy/opt/gz_gui_vendor:/opt/ros/jazzy/opt/gz_transport_vendor:/opt/ros/jazzy/opt/gz_rendering_vendor:/opt/ros/jazzy/opt/gz_plugin_vendor:/opt/ros/jazzy/opt/gz_fuel_tools_vendor:/opt/ros/jazzy/opt/gz_msgs_vendor:/opt/ros/jazzy/opt/gz_common_vendor:/opt/ros/jazzy/opt/gz_math_vendor:/opt/ros/jazzy/opt/gz_utils_vendor:/opt/ros/jazzy/opt/gz_tools_vendor:/opt/ros/jazzy/opt/gz_ogre_next_vendor:/opt/ros/jazzy/opt/gz_dartsim_vendor:/opt/ros/jazzy/opt/gz_cmake_vendor:/opt/ros/jazzy'}), 'shell': False}
[0.494394] (turtlebot4_description) StdoutLine: {'line': b'-- Install configuration: ""\n'}
[0.494790] (turtlebot4_description) StdoutLine: {'line': b'-- Execute custom install script\n'}
[0.495247] (turtlebot4_description) StdoutLine: {'line': b'-- Up-to-date symlink: /home/feiying/ros2_learn/L05_turtlebot4/install/turtlebot4_description/share/turtlebot4_description/launch/robot_description.launch.py\n'}
[0.495753] (turtlebot4_description) StdoutLine: {'line': b'-- Up-to-date symlink: /home/feiying/ros2_learn/L05_turtlebot4/install/turtlebot4_description/share/turtlebot4_description/launch/turtlebot4_gazebo.launch.py\n'}
[0.495875] (turtlebot4_description) StdoutLine: {'line': b'-- Symlinking: /home/feiying/ros2_learn/L05_turtlebot4/install/turtlebot4_description/share/turtlebot4_description/launch/turtlebot4_rviz.launch.py\n'}
[0.500239] (-) TimerEvent: {}
[0.507339] (turtlebot4_description) StdoutLine: {'line': b'-- Up-to-date symlink: /home/feiying/ros2_learn/L05_turtlebot4/install/turtlebot4_description/share/turtlebot4_description/meshes/camera_bracket.dae\n'}
[0.507674] (turtlebot4_description) StdoutLine: {'line': b'-- Up-to-date symlink: /home/feiying/ros2_learn/L05_turtlebot4/install/turtlebot4_description/share/turtlebot4_description/meshes/oakd_lite.dae\n'}
[0.507773] (turtlebot4_description) StdoutLine: {'line': b'-- Up-to-date symlink: /home/feiying/ros2_learn/L05_turtlebot4/install/turtlebot4_description/share/turtlebot4_description/meshes/oakd_pro.dae\n'}
[0.507996] (turtlebot4_description) StdoutLine: {'line': b'-- Up-to-date symlink: /home/feiying/ros2_learn/L05_turtlebot4/install/turtlebot4_description/share/turtlebot4_description/meshes/rplidar.dae\n'}
[0.508818] (turtlebot4_description) StdoutLine: {'line': b'-- Up-to-date symlink: /home/feiying/ros2_learn/L05_turtlebot4/install/turtlebot4_description/share/turtlebot4_description/meshes/shell.dae\n'}
[0.508959] (turtlebot4_description) StdoutLine: {'line': b'-- Up-to-date symlink: /home/feiying/ros2_learn/L05_turtlebot4/install/turtlebot4_description/share/turtlebot4_description/meshes/shell_collision.dae\n'}
[0.509058] (turtlebot4_description) StdoutLine: {'line': b'-- Up-to-date symlink: /home/feiying/ros2_learn/L05_turtlebot4/install/turtlebot4_description/share/turtlebot4_description/meshes/tower.dae\n'}
[0.509133] (turtlebot4_description) StdoutLine: {'line': b'-- Up-to-date symlink: /home/feiying/ros2_learn/L05_turtlebot4/install/turtlebot4_description/share/turtlebot4_description/meshes/tower_sensor_plate.dae\n'}
[0.509203] (turtlebot4_description) StdoutLine: {'line': b'-- Up-to-date symlink: /home/feiying/ros2_learn/L05_turtlebot4/install/turtlebot4_description/share/turtlebot4_description/meshes/tower_standoff.dae\n'}
[0.509287] (turtlebot4_description) StdoutLine: {'line': b'-- Up-to-date symlink: /home/feiying/ros2_learn/L05_turtlebot4/install/turtlebot4_description/share/turtlebot4_description/meshes/weight_block.dae\n'}
[0.509971] (turtlebot4_description) StdoutLine: {'line': b'-- Up-to-date symlink: /home/feiying/ros2_learn/L05_turtlebot4/install/turtlebot4_description/share/turtlebot4_description/urdf/lite/turtlebot4.urdf.xacro\n'}
[0.510520] (turtlebot4_description) StdoutLine: {'line': b'-- Up-to-date symlink: /home/feiying/ros2_learn/L05_turtlebot4/install/turtlebot4_description/share/turtlebot4_description/urdf/sensors/camera_bracket.urdf.xacro\n'}
[0.510632] (turtlebot4_description) StdoutLine: {'line': b'-- Up-to-date symlink: /home/feiying/ros2_learn/L05_turtlebot4/install/turtlebot4_description/share/turtlebot4_description/urdf/sensors/oakd.urdf.xacro\n'}
[0.510829] (turtlebot4_description) StdoutLine: {'line': b'-- Up-to-date symlink: /home/feiying/ros2_learn/L05_turtlebot4/install/turtlebot4_description/share/turtlebot4_description/urdf/sensors/rplidar.urdf.xacro\n'}
[0.510953] (turtlebot4_description) StdoutLine: {'line': b'-- Up-to-date symlink: /home/feiying/ros2_learn/L05_turtlebot4/install/turtlebot4_description/share/turtlebot4_description/urdf/standard/tower_sensor_plate.urdf.xacro\n'}
[0.511057] (turtlebot4_description) StdoutLine: {'line': b'-- Up-to-date symlink: /home/feiying/ros2_learn/L05_turtlebot4/install/turtlebot4_description/share/turtlebot4_description/urdf/standard/tower_standoff.urdf.xacro\n'}
[0.511166] (turtlebot4_description) StdoutLine: {'line': b'-- Up-to-date symlink: /home/feiying/ros2_learn/L05_turtlebot4/install/turtlebot4_description/share/turtlebot4_description/urdf/standard/turtlebot4.urdf.xacro\n'}
[0.511271] (turtlebot4_description) StdoutLine: {'line': b'-- Up-to-date symlink: /home/feiying/ros2_learn/L05_turtlebot4/install/turtlebot4_description/share/turtlebot4_description/urdf/standard/weight_block.urdf.xacro\n'}
[0.511517] (turtlebot4_description) StdoutLine: {'line': b'-- Up-to-date symlink: /home/feiying/ros2_learn/L05_turtlebot4/install/turtlebot4_description/share/turtlebot4_description/scripts/publish_robot_description.py\n'}
[0.511821] (turtlebot4_description) StdoutLine: {'line': b'-- Up-to-date symlink: /home/feiying/ros2_learn/L05_turtlebot4/install/turtlebot4_description/share/turtlebot4_description/scripts/relay_robot_description.py\n'}
[0.511910] (turtlebot4_description) StdoutLine: {'line': b'-- Up-to-date symlink: /home/feiying/ros2_learn/L05_turtlebot4/install/turtlebot4_description/share/turtlebot4_description/config/turtlebot4_controllers.yaml\n'}
[0.512025] (turtlebot4_description) StdoutLine: {'line': b'-- Up-to-date symlink: /home/feiying/ros2_learn/L05_turtlebot4/install/turtlebot4_description/lib/turtlebot4_description/relay_robot_description.py\n'}
[0.512106] (turtlebot4_description) StdoutLine: {'line': b'-- Up-to-date symlink: /home/feiying/ros2_learn/L05_turtlebot4/install/turtlebot4_description/lib/turtlebot4_description/publish_robot_description.py\n'}
[0.512269] (turtlebot4_description) StdoutLine: {'line': b'-- Symlinking: /home/feiying/ros2_learn/L05_turtlebot4/install/turtlebot4_description/share/turtlebot4_description/rviz/turtlebot4_gazebo.rviz\n'}
[0.523979] (turtlebot4_description) StdoutLine: {'line': b'-- Up-to-date symlink: /home/feiying/ros2_learn/L05_turtlebot4/install/turtlebot4_description/share/ament_index/resource_index/package_run_dependencies/turtlebot4_description\n'}
[0.524385] (turtlebot4_description) StdoutLine: {'line': b'-- Up-to-date symlink: /home/feiying/ros2_learn/L05_turtlebot4/install/turtlebot4_description/share/ament_index/resource_index/parent_prefix_path/turtlebot4_description\n'}
[0.524680] (turtlebot4_description) StdoutLine: {'line': b'-- Up-to-date symlink: /home/feiying/ros2_learn/L05_turtlebot4/install/turtlebot4_description/share/turtlebot4_description/environment/ament_prefix_path.sh\n'}
[0.525050] (turtlebot4_description) StdoutLine: {'line': b'-- Up-to-date symlink: /home/feiying/ros2_learn/L05_turtlebot4/install/turtlebot4_description/share/turtlebot4_description/environment/ament_prefix_path.dsv\n'}
[0.525298] (turtlebot4_description) StdoutLine: {'line': b'-- Up-to-date symlink: /home/feiying/ros2_learn/L05_turtlebot4/install/turtlebot4_description/share/turtlebot4_description/environment/path.sh\n'}
[0.525576] (turtlebot4_description) StdoutLine: {'line': b'-- Up-to-date symlink: /home/feiying/ros2_learn/L05_turtlebot4/install/turtlebot4_description/share/turtlebot4_description/environment/path.dsv\n'}
[0.525664] (turtlebot4_description) StdoutLine: {'line': b'-- Up-to-date symlink: /home/feiying/ros2_learn/L05_turtlebot4/install/turtlebot4_description/share/turtlebot4_description/local_setup.bash\n'}
[0.525743] (turtlebot4_description) StdoutLine: {'line': b'-- Up-to-date symlink: /home/feiying/ros2_learn/L05_turtlebot4/install/turtlebot4_description/share/turtlebot4_description/local_setup.sh\n'}
[0.525814] (turtlebot4_description) StdoutLine: {'line': b'-- Up-to-date symlink: /home/feiying/ros2_learn/L05_turtlebot4/install/turtlebot4_description/share/turtlebot4_description/local_setup.zsh\n'}
[0.525888] (turtlebot4_description) StdoutLine: {'line': b'-- Up-to-date symlink: /home/feiying/ros2_learn/L05_turtlebot4/install/turtlebot4_description/share/turtlebot4_description/local_setup.dsv\n'}
[0.526771] (turtlebot4_description) StdoutLine: {'line': b'-- Symlinking: /home/feiying/ros2_learn/L05_turtlebot4/install/turtlebot4_description/share/turtlebot4_description/package.dsv\n'}
[0.536508] (turtlebot4_description) StdoutLine: {'line': b'-- Up-to-date symlink: /home/feiying/ros2_learn/L05_turtlebot4/install/turtlebot4_description/share/ament_index/resource_index/packages/turtlebot4_description\n'}
[0.536773] (turtlebot4_description) StdoutLine: {'line': b'-- Up-to-date symlink: /home/feiying/ros2_learn/L05_turtlebot4/install/turtlebot4_description/share/turtlebot4_description/cmake/turtlebot4_descriptionConfig.cmake\n'}
[0.537012] (turtlebot4_description) StdoutLine: {'line': b'-- Up-to-date symlink: /home/feiying/ros2_learn/L05_turtlebot4/install/turtlebot4_description/share/turtlebot4_description/cmake/turtlebot4_descriptionConfig-version.cmake\n'}
[0.537276] (turtlebot4_description) StdoutLine: {'line': b'-- Up-to-date symlink: /home/feiying/ros2_learn/L05_turtlebot4/install/turtlebot4_description/share/turtlebot4_description/package.xml\n'}
[0.539148] (turtlebot4_description) CommandEnded: {'returncode': 0}
[0.557733] (turtlebot4_description) JobEnded: {'identifier': 'turtlebot4_description', 'rc': 0}
[0.558710] (-) EventReactorShutdown: {}
