[0.000000] (-) TimerEvent: {}
[0.000331] (-) JobUnselected: {'identifier': 'turtlebot4_msgs'}
[0.000535] (-) JobUnselected: {'identifier': 'turtlebot4_navigation'}
[0.000673] (-) JobUnselected: {'identifier': 'turtlebot4_node'}
[0.000817] (turtlebot4_description) JobQueued: {'identifier': 'turtlebot4_description', 'dependencies': OrderedDict()}
[0.000902] (turtlebot4_description) JobStarted: {'identifier': 'turtlebot4_description'}
[0.008782] (turtlebot4_description) JobProgress: {'identifier': 'turtlebot4_description', 'progress': 'cmake'}
[0.009391] (turtlebot4_description) JobProgress: {'identifier': 'turtlebot4_description', 'progress': 'build'}
[0.010074] (turtlebot4_description) Command: {'cmd': ['/usr/bin/cmake', '--build', '/home/feiying/ros2_learn/L05_turtlebot4/build/turtlebot4_description', '--', '-j4', '-l4'], 'cwd': '/home/feiying/ros2_learn/L05_turtlebot4/build/turtlebot4_description', 'env': OrderedDict({'LESSOPEN': '| /usr/bin/lesspipe %s', 'VSCODE_CWD': '/home/feiying', 'VSCODE_ESM_ENTRYPOINT': 'vs/workbench/api/node/extensionHostProcess', 'GZ_SIM_RESOURCE_PATH': '/opt/ros/jazzy/share:/home/feiying/.gz/sim/gz_models/:/home/feiying/ros2_learn/L05_turtlebot4/install/turtlebot4_description/share', 'LANGUAGE': 'zh_CN:zh', 'USER': 'feiying', 'SSH_CLIENT': '192.168.8.200 8104 22', 'LC_TIME': 'zh_CN.UTF-8', 'VSCODE_NLS_CONFIG': '{"userLocale":"zh-cn","osLocale":"zh-cn","resolvedLanguage":"zh-cn","defaultMessagesFile":"/home/feiying/.cursor-server/cli/servers/Stable-28e7b8993fa2568fb3cb377e67615eb068b893e0/server/out/nls.messages.json","languagePack":{"translationsConfigFile":"/home/feiying/.cursor-server/data/clp/3bfb7f1471a52e527cfc1587dd57c7c1.zh-cn/tcf.json","messagesFile":"/home/feiying/.cursor-server/data/clp/3bfb7f1471a52e527cfc1587dd57c7c1.zh-cn/28e7b8993fa2568fb3cb377e67615eb068b893e0/nls.messages.json","corruptMarkerFile":"/home/feiying/.cursor-server/data/clp/3bfb7f1471a52e527cfc1587dd57c7c1.zh-cn/corrupted.info"},"locale":"zh-cn","availableLanguages":{"*":"zh-cn"},"_languagePackId":"3bfb7f1471a52e527cfc1587dd57c7c1.zh-cn","_languagePackSupport":true,"_translationsConfigFile":"/home/feiying/.cursor-server/data/clp/3bfb7f1471a52e527cfc1587dd57c7c1.zh-cn/tcf.json","_cacheRoot":"/home/feiying/.cursor-server/data/clp/3bfb7f1471a52e527cfc1587dd57c7c1.zh-cn","_resolvedLanguagePackCoreLocation":"/home/feiying/.cursor-server/data/clp/3bfb7f1471a52e527cfc1587dd57c7c1.zh-cn/28e7b8993fa2568fb3cb377e67615eb068b893e0","_corruptedFile":"/home/feiying/.cursor-server/data/clp/3bfb7f1471a52e527cfc1587dd57c7c1.zh-cn/corrupted.info"}', 'GZ_CONFIG_PATH': '/opt/ros/jazzy/opt/gz_sim_vendor/share/gz:/opt/ros/jazzy/opt/sdformat_vendor/share/gz:/opt/ros/jazzy/opt/gz_gui_vendor/share/gz:/opt/ros/jazzy/opt/gz_transport_vendor/share/gz:/opt/ros/jazzy/opt/gz_rendering_vendor/share/gz:/opt/ros/jazzy/opt/gz_plugin_vendor/share/gz:/opt/ros/jazzy/opt/gz_fuel_tools_vendor/share/gz:/opt/ros/jazzy/opt/gz_msgs_vendor/share/gz:/opt/ros/jazzy/opt/gz_common_vendor/share/gz', 'VSCODE_HANDLES_UNCAUGHT_ERRORS': 'true', 'XDG_SESSION_TYPE': 'tty', 'SHLVL': '1', 'LD_LIBRARY_PATH': '/opt/ros/jazzy/opt/gz_sim_vendor/lib:/opt/ros/jazzy/opt/gz_sensors_vendor/lib:/opt/ros/jazzy/opt/gz_physics_vendor/lib:/opt/ros/jazzy/opt/sdformat_vendor/lib:/opt/ros/jazzy/opt/rviz_ogre_vendor/lib:/opt/ros/jazzy/lib/x86_64-linux-gnu:/opt/ros/jazzy/opt/gz_gui_vendor/lib:/opt/ros/jazzy/opt/gz_transport_vendor/lib:/opt/ros/jazzy/opt/gz_rendering_vendor/lib:/opt/ros/jazzy/opt/gz_plugin_vendor/lib:/opt/ros/jazzy/opt/gz_fuel_tools_vendor/lib:/opt/ros/jazzy/opt/gz_msgs_vendor/lib:/opt/ros/jazzy/opt/gz_common_vendor/lib:/opt/ros/jazzy/opt/gz_math_vendor/lib:/opt/ros/jazzy/opt/gz_utils_vendor/lib:/opt/ros/jazzy/opt/gz_tools_vendor/lib:/opt/ros/jazzy/opt/gz_ogre_next_vendor/lib:/opt/ros/jazzy/opt/gz_dartsim_vendor/lib:/opt/ros/jazzy/opt/gz_cmake_vendor/lib:/opt/ros/jazzy/lib', 'BROWSER': '/home/feiying/.cursor-server/cli/servers/Stable-28e7b8993fa2568fb3cb377e67615eb068b893e0/server/bin/helpers/browser.sh', 'HOME': '/home/feiying', 'OLDPWD': '/home/feiying/ros2_learn/L05_turtlebot4', 'VSCODE_IPC_HOOK_CLI': '/run/user/1000/vscode-ipc-a343f787-5a5e-444e-8d3b-9d81569c3833.sock', 'ROS_PYTHON_VERSION': '3', 'LC_MONETARY': 'zh_CN.UTF-8', 'SSL_CERT_FILE': '/usr/lib/ssl/cert.pem', 'NO_COLOR': '1', 'DBUS_SESSION_BUS_ADDRESS': 'unix:path=/run/user/1000/bus', 'DEBUGINFOD_URLS': 'https://debuginfod.ubuntu.com', 'VSCODE_L10N_BUNDLE_LOCATION': 'vscode-local:/c%3A/Users/Administrator/.cursor/extensions/ms-ceintl.vscode-language-pack-zh-hans-1.99.0-universal/translations/extensions/vscode.markdown-language-features.i18n.json', 'ROS_DISTRO': 'jazzy', 'LOGNAME': 'feiying', 'FORCE_COLOR': '0', 'VSCODE_HANDLES_SIGPIPE': 'true', '_': '/usr/bin/colcon', 'ROS_VERSION': '2', 'XDG_SESSION_CLASS': 'user', 'TERM': 'dumb', 'EVERYSPHERE_RIPGREP_PATH': '/home/feiying/.cursor-server/cli/servers/Stable-28e7b8993fa2568fb3cb377e67615eb068b893e0/server/resources/helpers/rg', 'XDG_SESSION_ID': '6', 'VSCODE_CLI_REQUIRE_TOKEN': '953d7508-9378-4863-8c2a-9c0d0d22c6c8', 'COMPOSER_NO_INTERACTION': '1', 'PATH': '/home/feiying/.cursor-server/cli/servers/Stable-28e7b8993fa2568fb3cb377e67615eb068b893e0/server/bin/remote-cli:/opt/ros/jazzy/opt/gz_msgs_vendor/bin:/opt/ros/jazzy/opt/gz_tools_vendor/bin:/opt/ros/jazzy/opt/gz_ogre_next_vendor/bin:/opt/ros/jazzy/bin:/usr/local/sbin:/usr/local/bin:/usr/sbin:/usr/bin:/sbin:/bin:/usr/games:/usr/local/games:/snap/bin', 'VSCODE_AGENT_FOLDER': '/home/feiying/.cursor-server', 'PAPERSIZE': 'a4', 'LC_ADDRESS': 'zh_CN.UTF-8', 'XDG_RUNTIME_DIR': '/run/user/1000', 'SSL_CERT_DIR': '/usr/lib/ssl/certs', 'CURSOR_AGENT': '1', 'LANG': 'zh_CN.UTF-8', 'LC_TELEPHONE': 'zh_CN.UTF-8', 'LS_COLORS': '', 'AMENT_PREFIX_PATH': '/opt/ros/jazzy', 'SHELL': '/bin/bash', 'LC_NAME': 'zh_CN.UTF-8', 'LESSCLOSE': '/usr/bin/lesspipe %s %s', 'ROS_DISABLE_DAEMON': '1', 'LC_MEASUREMENT': 'zh_CN.UTF-8', 'LC_IDENTIFICATION': 'zh_CN.UTF-8', 'ROS_AUTOMATIC_DISCOVERY_RANGE': 'SUBNET', 'PWD': '/home/feiying/ros2_learn/L05_turtlebot4/build/turtlebot4_description', 'LC_ALL': 'zh_CN.UTF-8', 'SSH_CONNECTION': '192.168.8.200 8104 192.168.8.100 22', 'XDG_DATA_DIRS': '/usr/share/gnome:/usr/local/share:/usr/share:/var/lib/snapd/desktop', 'PYTHONPATH': '/opt/ros/jazzy/lib/python3.12/site-packages', 'LC_NUMERIC': 'zh_CN.UTF-8', 'LC_PAPER': 'zh_CN.UTF-8', 'COLCON': '1', '_ZO_DOCTOR': '0', 'CMAKE_PREFIX_PATH': '/opt/ros/jazzy/opt/gz_sim_vendor:/opt/ros/jazzy/opt/gz_sensors_vendor:/opt/ros/jazzy/opt/gz_physics_vendor:/opt/ros/jazzy/opt/sdformat_vendor:/opt/ros/jazzy/opt/gz_gui_vendor:/opt/ros/jazzy/opt/gz_transport_vendor:/opt/ros/jazzy/opt/gz_rendering_vendor:/opt/ros/jazzy/opt/gz_plugin_vendor:/opt/ros/jazzy/opt/gz_fuel_tools_vendor:/opt/ros/jazzy/opt/gz_msgs_vendor:/opt/ros/jazzy/opt/gz_common_vendor:/opt/ros/jazzy/opt/gz_math_vendor:/opt/ros/jazzy/opt/gz_utils_vendor:/opt/ros/jazzy/opt/gz_tools_vendor:/opt/ros/jazzy/opt/gz_ogre_next_vendor:/opt/ros/jazzy/opt/gz_dartsim_vendor:/opt/ros/jazzy/opt/gz_cmake_vendor:/opt/ros/jazzy'}), 'shell': False}
[0.036056] (turtlebot4_description) StdoutLine: {'line': b'-- Found ament_cmake: 2.5.5 (/opt/ros/jazzy/share/ament_cmake/cmake)\n'}
[0.099730] (-) TimerEvent: {}
[0.199910] (-) TimerEvent: {}
[0.250894] (turtlebot4_description) StdoutLine: {'line': b'-- Override CMake install command with custom implementation using symlinks instead of copying resources\n'}
[0.259413] (turtlebot4_description) StdoutLine: {'line': b'-- Found urdf: 2.10.0 (/opt/ros/jazzy/share/urdf/cmake)\n'}
[0.287252] (turtlebot4_description) StdoutLine: {'line': b'-- Found TinyXML2 via Config file: /usr/lib/x86_64-linux-gnu/cmake/tinyxml2\n'}
[0.291843] (turtlebot4_description) StdoutLine: {'line': b'-- Found irobot_create_description: 3.0.4 (/opt/ros/jazzy/share/irobot_create_description/cmake)\n'}
[0.292817] (turtlebot4_description) StdoutLine: {'line': b'-- Found ament_lint_auto: 0.17.4 (/opt/ros/jazzy/share/ament_lint_auto/cmake)\n'}
[0.300037] (-) TimerEvent: {}
[0.392318] (turtlebot4_description) StdoutLine: {'line': b"-- Added test 'copyright' to check source files copyright and LICENSE\n"}
[0.397336] (turtlebot4_description) StdoutLine: {'line': b"-- Added test 'flake8' to check Python code syntax and style conventions\n"}
[0.397489] (turtlebot4_description) StdoutLine: {'line': b"-- Configured 'flake8' exclude dirs and/or files: \n"}
[0.398240] (turtlebot4_description) StdoutLine: {'line': b"-- Added test 'lint_cmake' to check CMake code style\n"}
[0.398855] (turtlebot4_description) StdoutLine: {'line': b"-- Added test 'pep257' to check Python code against some of the docstring style conventions in PEP 257\n"}
[0.400113] (-) TimerEvent: {}
[0.401595] (turtlebot4_description) StdoutLine: {'line': b"-- Added test 'xmllint' to check XML markup files\n"}
[0.402788] (turtlebot4_description) StdoutLine: {'line': b'-- Configuring done (0.4s)\n'}
[0.408171] (turtlebot4_description) StdoutLine: {'line': b'-- Generating done (0.0s)\n'}
[0.408779] (turtlebot4_description) StdoutLine: {'line': b'-- Build files have been written to: /home/feiying/ros2_learn/L05_turtlebot4/build/turtlebot4_description\n'}
[0.435502] (turtlebot4_description) CommandEnded: {'returncode': 0}
[0.436162] (turtlebot4_description) JobProgress: {'identifier': 'turtlebot4_description', 'progress': 'install'}
[0.445766] (turtlebot4_description) Command: {'cmd': ['/usr/bin/cmake', '--install', '/home/feiying/ros2_learn/L05_turtlebot4/build/turtlebot4_description'], 'cwd': '/home/feiying/ros2_learn/L05_turtlebot4/build/turtlebot4_description', 'env': OrderedDict({'LESSOPEN': '| /usr/bin/lesspipe %s', 'VSCODE_CWD': '/home/feiying', 'VSCODE_ESM_ENTRYPOINT': 'vs/workbench/api/node/extensionHostProcess', 'GZ_SIM_RESOURCE_PATH': '/opt/ros/jazzy/share:/home/feiying/.gz/sim/gz_models/:/home/feiying/ros2_learn/L05_turtlebot4/install/turtlebot4_description/share', 'LANGUAGE': 'zh_CN:zh', 'USER': 'feiying', 'SSH_CLIENT': '192.168.8.200 8104 22', 'LC_TIME': 'zh_CN.UTF-8', 'VSCODE_NLS_CONFIG': '{"userLocale":"zh-cn","osLocale":"zh-cn","resolvedLanguage":"zh-cn","defaultMessagesFile":"/home/feiying/.cursor-server/cli/servers/Stable-28e7b8993fa2568fb3cb377e67615eb068b893e0/server/out/nls.messages.json","languagePack":{"translationsConfigFile":"/home/feiying/.cursor-server/data/clp/3bfb7f1471a52e527cfc1587dd57c7c1.zh-cn/tcf.json","messagesFile":"/home/feiying/.cursor-server/data/clp/3bfb7f1471a52e527cfc1587dd57c7c1.zh-cn/28e7b8993fa2568fb3cb377e67615eb068b893e0/nls.messages.json","corruptMarkerFile":"/home/feiying/.cursor-server/data/clp/3bfb7f1471a52e527cfc1587dd57c7c1.zh-cn/corrupted.info"},"locale":"zh-cn","availableLanguages":{"*":"zh-cn"},"_languagePackId":"3bfb7f1471a52e527cfc1587dd57c7c1.zh-cn","_languagePackSupport":true,"_translationsConfigFile":"/home/feiying/.cursor-server/data/clp/3bfb7f1471a52e527cfc1587dd57c7c1.zh-cn/tcf.json","_cacheRoot":"/home/feiying/.cursor-server/data/clp/3bfb7f1471a52e527cfc1587dd57c7c1.zh-cn","_resolvedLanguagePackCoreLocation":"/home/feiying/.cursor-server/data/clp/3bfb7f1471a52e527cfc1587dd57c7c1.zh-cn/28e7b8993fa2568fb3cb377e67615eb068b893e0","_corruptedFile":"/home/feiying/.cursor-server/data/clp/3bfb7f1471a52e527cfc1587dd57c7c1.zh-cn/corrupted.info"}', 'GZ_CONFIG_PATH': '/opt/ros/jazzy/opt/gz_sim_vendor/share/gz:/opt/ros/jazzy/opt/sdformat_vendor/share/gz:/opt/ros/jazzy/opt/gz_gui_vendor/share/gz:/opt/ros/jazzy/opt/gz_transport_vendor/share/gz:/opt/ros/jazzy/opt/gz_rendering_vendor/share/gz:/opt/ros/jazzy/opt/gz_plugin_vendor/share/gz:/opt/ros/jazzy/opt/gz_fuel_tools_vendor/share/gz:/opt/ros/jazzy/opt/gz_msgs_vendor/share/gz:/opt/ros/jazzy/opt/gz_common_vendor/share/gz', 'VSCODE_HANDLES_UNCAUGHT_ERRORS': 'true', 'XDG_SESSION_TYPE': 'tty', 'SHLVL': '1', 'LD_LIBRARY_PATH': '/opt/ros/jazzy/opt/gz_sim_vendor/lib:/opt/ros/jazzy/opt/gz_sensors_vendor/lib:/opt/ros/jazzy/opt/gz_physics_vendor/lib:/opt/ros/jazzy/opt/sdformat_vendor/lib:/opt/ros/jazzy/opt/rviz_ogre_vendor/lib:/opt/ros/jazzy/lib/x86_64-linux-gnu:/opt/ros/jazzy/opt/gz_gui_vendor/lib:/opt/ros/jazzy/opt/gz_transport_vendor/lib:/opt/ros/jazzy/opt/gz_rendering_vendor/lib:/opt/ros/jazzy/opt/gz_plugin_vendor/lib:/opt/ros/jazzy/opt/gz_fuel_tools_vendor/lib:/opt/ros/jazzy/opt/gz_msgs_vendor/lib:/opt/ros/jazzy/opt/gz_common_vendor/lib:/opt/ros/jazzy/opt/gz_math_vendor/lib:/opt/ros/jazzy/opt/gz_utils_vendor/lib:/opt/ros/jazzy/opt/gz_tools_vendor/lib:/opt/ros/jazzy/opt/gz_ogre_next_vendor/lib:/opt/ros/jazzy/opt/gz_dartsim_vendor/lib:/opt/ros/jazzy/opt/gz_cmake_vendor/lib:/opt/ros/jazzy/lib', 'BROWSER': '/home/feiying/.cursor-server/cli/servers/Stable-28e7b8993fa2568fb3cb377e67615eb068b893e0/server/bin/helpers/browser.sh', 'HOME': '/home/feiying', 'OLDPWD': '/home/feiying/ros2_learn/L05_turtlebot4', 'VSCODE_IPC_HOOK_CLI': '/run/user/1000/vscode-ipc-a343f787-5a5e-444e-8d3b-9d81569c3833.sock', 'ROS_PYTHON_VERSION': '3', 'LC_MONETARY': 'zh_CN.UTF-8', 'SSL_CERT_FILE': '/usr/lib/ssl/cert.pem', 'NO_COLOR': '1', 'DBUS_SESSION_BUS_ADDRESS': 'unix:path=/run/user/1000/bus', 'DEBUGINFOD_URLS': 'https://debuginfod.ubuntu.com', 'VSCODE_L10N_BUNDLE_LOCATION': 'vscode-local:/c%3A/Users/Administrator/.cursor/extensions/ms-ceintl.vscode-language-pack-zh-hans-1.99.0-universal/translations/extensions/vscode.markdown-language-features.i18n.json', 'ROS_DISTRO': 'jazzy', 'LOGNAME': 'feiying', 'FORCE_COLOR': '0', 'VSCODE_HANDLES_SIGPIPE': 'true', '_': '/usr/bin/colcon', 'ROS_VERSION': '2', 'XDG_SESSION_CLASS': 'user', 'TERM': 'dumb', 'EVERYSPHERE_RIPGREP_PATH': '/home/feiying/.cursor-server/cli/servers/Stable-28e7b8993fa2568fb3cb377e67615eb068b893e0/server/resources/helpers/rg', 'XDG_SESSION_ID': '6', 'VSCODE_CLI_REQUIRE_TOKEN': '953d7508-9378-4863-8c2a-9c0d0d22c6c8', 'COMPOSER_NO_INTERACTION': '1', 'PATH': '/home/feiying/.cursor-server/cli/servers/Stable-28e7b8993fa2568fb3cb377e67615eb068b893e0/server/bin/remote-cli:/opt/ros/jazzy/opt/gz_msgs_vendor/bin:/opt/ros/jazzy/opt/gz_tools_vendor/bin:/opt/ros/jazzy/opt/gz_ogre_next_vendor/bin:/opt/ros/jazzy/bin:/usr/local/sbin:/usr/local/bin:/usr/sbin:/usr/bin:/sbin:/bin:/usr/games:/usr/local/games:/snap/bin', 'VSCODE_AGENT_FOLDER': '/home/feiying/.cursor-server', 'PAPERSIZE': 'a4', 'LC_ADDRESS': 'zh_CN.UTF-8', 'XDG_RUNTIME_DIR': '/run/user/1000', 'SSL_CERT_DIR': '/usr/lib/ssl/certs', 'CURSOR_AGENT': '1', 'LANG': 'zh_CN.UTF-8', 'LC_TELEPHONE': 'zh_CN.UTF-8', 'LS_COLORS': '', 'AMENT_PREFIX_PATH': '/opt/ros/jazzy', 'SHELL': '/bin/bash', 'LC_NAME': 'zh_CN.UTF-8', 'LESSCLOSE': '/usr/bin/lesspipe %s %s', 'ROS_DISABLE_DAEMON': '1', 'LC_MEASUREMENT': 'zh_CN.UTF-8', 'LC_IDENTIFICATION': 'zh_CN.UTF-8', 'ROS_AUTOMATIC_DISCOVERY_RANGE': 'SUBNET', 'PWD': '/home/feiying/ros2_learn/L05_turtlebot4/build/turtlebot4_description', 'LC_ALL': 'zh_CN.UTF-8', 'SSH_CONNECTION': '192.168.8.200 8104 192.168.8.100 22', 'XDG_DATA_DIRS': '/usr/share/gnome:/usr/local/share:/usr/share:/var/lib/snapd/desktop', 'PYTHONPATH': '/opt/ros/jazzy/lib/python3.12/site-packages', 'LC_NUMERIC': 'zh_CN.UTF-8', 'LC_PAPER': 'zh_CN.UTF-8', 'COLCON': '1', '_ZO_DOCTOR': '0', 'CMAKE_PREFIX_PATH': '/opt/ros/jazzy/opt/gz_sim_vendor:/opt/ros/jazzy/opt/gz_sensors_vendor:/opt/ros/jazzy/opt/gz_physics_vendor:/opt/ros/jazzy/opt/sdformat_vendor:/opt/ros/jazzy/opt/gz_gui_vendor:/opt/ros/jazzy/opt/gz_transport_vendor:/opt/ros/jazzy/opt/gz_rendering_vendor:/opt/ros/jazzy/opt/gz_plugin_vendor:/opt/ros/jazzy/opt/gz_fuel_tools_vendor:/opt/ros/jazzy/opt/gz_msgs_vendor:/opt/ros/jazzy/opt/gz_common_vendor:/opt/ros/jazzy/opt/gz_math_vendor:/opt/ros/jazzy/opt/gz_utils_vendor:/opt/ros/jazzy/opt/gz_tools_vendor:/opt/ros/jazzy/opt/gz_ogre_next_vendor:/opt/ros/jazzy/opt/gz_dartsim_vendor:/opt/ros/jazzy/opt/gz_cmake_vendor:/opt/ros/jazzy'}), 'shell': False}
[0.454802] (turtlebot4_description) StdoutLine: {'line': b'-- Install configuration: ""\n'}
[0.455250] (turtlebot4_description) StdoutLine: {'line': b'-- Execute custom install script\n'}
[0.455836] (turtlebot4_description) StdoutLine: {'line': b'-- Up-to-date symlink: /home/feiying/ros2_learn/L05_turtlebot4/install/turtlebot4_description/share/turtlebot4_description/launch/__pycache__/turtlebot4_slam.launch.cpython-312.pyc\n'}
[0.456019] (turtlebot4_description) StdoutLine: {'line': b'-- Up-to-date symlink: /home/feiying/ros2_learn/L05_turtlebot4/install/turtlebot4_description/share/turtlebot4_description/launch/robot_description.launch.py\n'}
[0.456187] (turtlebot4_description) StdoutLine: {'line': b'-- Up-to-date symlink: /home/feiying/ros2_learn/L05_turtlebot4/install/turtlebot4_description/share/turtlebot4_description/launch/turtlebot4_gazebo.launch.py\n'}
[0.456331] (turtlebot4_description) StdoutLine: {'line': b'-- Up-to-date symlink: /home/feiying/ros2_learn/L05_turtlebot4/install/turtlebot4_description/share/turtlebot4_description/launch/turtlebot4_nav.launch.py\n'}
[0.456481] (turtlebot4_description) StdoutLine: {'line': b'-- Up-to-date symlink: /home/feiying/ros2_learn/L05_turtlebot4/install/turtlebot4_description/share/turtlebot4_description/launch/turtlebot4_rviz.launch.py\n'}
[0.456663] (turtlebot4_description) StdoutLine: {'line': b'-- Up-to-date symlink: /home/feiying/ros2_learn/L05_turtlebot4/install/turtlebot4_description/share/turtlebot4_description/launch/turtlebot4_sim_rviz.launch.py\n'}
[0.456795] (turtlebot4_description) StdoutLine: {'line': b'-- Up-to-date symlink: /home/feiying/ros2_learn/L05_turtlebot4/install/turtlebot4_description/share/turtlebot4_description/launch/turtlebot4_slam.launch.py\n'}
[0.456956] (turtlebot4_description) StdoutLine: {'line': b'-- Up-to-date symlink: /home/feiying/ros2_learn/L05_turtlebot4/install/turtlebot4_description/share/turtlebot4_description/launch/turtlebot4_slam_nav.launch.py\n'}
[0.457116] (turtlebot4_description) StdoutLine: {'line': b'-- Up-to-date symlink: /home/feiying/ros2_learn/L05_turtlebot4/install/turtlebot4_description/share/turtlebot4_description/launch/turtlebot4_with_keyboard.launch.py\n'}
[0.457399] (turtlebot4_description) StdoutLine: {'line': b'-- Up-to-date symlink: /home/feiying/ros2_learn/L05_turtlebot4/install/turtlebot4_description/share/turtlebot4_description/meshes/camera_bracket.dae\n'}
[0.457549] (turtlebot4_description) StdoutLine: {'line': b'-- Up-to-date symlink: /home/feiying/ros2_learn/L05_turtlebot4/install/turtlebot4_description/share/turtlebot4_description/meshes/oakd_lite.dae\n'}
[0.457696] (turtlebot4_description) StdoutLine: {'line': b'-- Up-to-date symlink: /home/feiying/ros2_learn/L05_turtlebot4/install/turtlebot4_description/share/turtlebot4_description/meshes/oakd_pro.dae\n'}
[0.457906] (turtlebot4_description) StdoutLine: {'line': b'-- Up-to-date symlink: /home/feiying/ros2_learn/L05_turtlebot4/install/turtlebot4_description/share/turtlebot4_description/meshes/rplidar.dae\n'}
[0.458069] (turtlebot4_description) StdoutLine: {'line': b'-- Up-to-date symlink: /home/feiying/ros2_learn/L05_turtlebot4/install/turtlebot4_description/share/turtlebot4_description/meshes/shell.dae\n'}
[0.458199] (turtlebot4_description) StdoutLine: {'line': b'-- Up-to-date symlink: /home/feiying/ros2_learn/L05_turtlebot4/install/turtlebot4_description/share/turtlebot4_description/meshes/shell_collision.dae\n'}
[0.458392] (turtlebot4_description) StdoutLine: {'line': b'-- Up-to-date symlink: /home/feiying/ros2_learn/L05_turtlebot4/install/turtlebot4_description/share/turtlebot4_description/meshes/tower.dae\n'}
[0.458524] (turtlebot4_description) StdoutLine: {'line': b'-- Up-to-date symlink: /home/feiying/ros2_learn/L05_turtlebot4/install/turtlebot4_description/share/turtlebot4_description/meshes/tower_sensor_plate.dae\n'}
[0.458601] (turtlebot4_description) StdoutLine: {'line': b'-- Up-to-date symlink: /home/feiying/ros2_learn/L05_turtlebot4/install/turtlebot4_description/share/turtlebot4_description/meshes/tower_standoff.dae\n'}
[0.458675] (turtlebot4_description) StdoutLine: {'line': b'-- Up-to-date symlink: /home/feiying/ros2_learn/L05_turtlebot4/install/turtlebot4_description/share/turtlebot4_description/meshes/weight_block.dae\n'}
[0.458822] (turtlebot4_description) StdoutLine: {'line': b'-- Up-to-date symlink: /home/feiying/ros2_learn/L05_turtlebot4/install/turtlebot4_description/share/turtlebot4_description/urdf/lite/turtlebot4.urdf.xacro\n'}
[0.458990] (turtlebot4_description) StdoutLine: {'line': b'-- Up-to-date symlink: /home/feiying/ros2_learn/L05_turtlebot4/install/turtlebot4_description/share/turtlebot4_description/urdf/sensors/camera_bracket.urdf.xacro\n'}
[0.459136] (turtlebot4_description) StdoutLine: {'line': b'-- Up-to-date symlink: /home/feiying/ros2_learn/L05_turtlebot4/install/turtlebot4_description/share/turtlebot4_description/urdf/sensors/oakd.urdf.xacro\n'}
[0.459297] (turtlebot4_description) StdoutLine: {'line': b'-- Up-to-date symlink: /home/feiying/ros2_learn/L05_turtlebot4/install/turtlebot4_description/share/turtlebot4_description/urdf/sensors/rplidar.urdf.xacro\n'}
[0.459486] (turtlebot4_description) StdoutLine: {'line': b'-- Up-to-date symlink: /home/feiying/ros2_learn/L05_turtlebot4/install/turtlebot4_description/share/turtlebot4_description/urdf/standard/tower_sensor_plate.urdf.xacro\n'}
[0.459671] (turtlebot4_description) StdoutLine: {'line': b'-- Up-to-date symlink: /home/feiying/ros2_learn/L05_turtlebot4/install/turtlebot4_description/share/turtlebot4_description/urdf/standard/tower_standoff.urdf.xacro\n'}
[0.459755] (turtlebot4_description) StdoutLine: {'line': b'-- Up-to-date symlink: /home/feiying/ros2_learn/L05_turtlebot4/install/turtlebot4_description/share/turtlebot4_description/urdf/standard/turtlebot4.urdf.xacro\n'}
[0.459884] (turtlebot4_description) StdoutLine: {'line': b'-- Up-to-date symlink: /home/feiying/ros2_learn/L05_turtlebot4/install/turtlebot4_description/share/turtlebot4_description/urdf/standard/weight_block.urdf.xacro\n'}
[0.460042] (turtlebot4_description) StdoutLine: {'line': b'-- Up-to-date symlink: /home/feiying/ros2_learn/L05_turtlebot4/install/turtlebot4_description/share/turtlebot4_description/scripts/camera_bridge.py\n'}
[0.460186] (turtlebot4_description) StdoutLine: {'line': b'-- Up-to-date symlink: /home/feiying/ros2_learn/L05_turtlebot4/install/turtlebot4_description/share/turtlebot4_description/scripts/joint_states_bridge.py\n'}
[0.460362] (turtlebot4_description) StdoutLine: {'line': b'-- Up-to-date symlink: /home/feiying/ros2_learn/L05_turtlebot4/install/turtlebot4_description/share/turtlebot4_description/scripts/keyboard_control.py\n'}
[0.460513] (turtlebot4_description) StdoutLine: {'line': b'-- Up-to-date symlink: /home/feiying/ros2_learn/L05_turtlebot4/install/turtlebot4_description/share/turtlebot4_description/scripts/lidar_bridge.py\n'}
[0.460663] (turtlebot4_description) StdoutLine: {'line': b'-- Up-to-date symlink: /home/feiying/ros2_learn/L05_turtlebot4/install/turtlebot4_description/share/turtlebot4_description/scripts/publish_robot_description.py\n'}
[0.460871] (turtlebot4_description) StdoutLine: {'line': b'-- Up-to-date symlink: /home/feiying/ros2_learn/L05_turtlebot4/install/turtlebot4_description/share/turtlebot4_description/scripts/relay_robot_description.py\n'}
[0.461031] (turtlebot4_description) StdoutLine: {'line': b'-- Up-to-date symlink: /home/feiying/ros2_learn/L05_turtlebot4/install/turtlebot4_description/share/turtlebot4_description/scripts/save_map.py\n'}
[0.461111] (turtlebot4_description) StdoutLine: {'line': b'-- Up-to-date symlink: /home/feiying/ros2_learn/L05_turtlebot4/install/turtlebot4_description/share/turtlebot4_description/scripts/tf_bridge.py\n'}
[0.461247] (turtlebot4_description) StdoutLine: {'line': b'-- Up-to-date symlink: /home/feiying/ros2_learn/L05_turtlebot4/install/turtlebot4_description/share/turtlebot4_description/config/nav2_params.yaml\n'}
[0.461390] (turtlebot4_description) StdoutLine: {'line': b'-- Up-to-date symlink: /home/feiying/ros2_learn/L05_turtlebot4/install/turtlebot4_description/share/turtlebot4_description/config/slam_toolbox.yaml\n'}
[0.461546] (turtlebot4_description) StdoutLine: {'line': b'-- Up-to-date symlink: /home/feiying/ros2_learn/L05_turtlebot4/install/turtlebot4_description/share/turtlebot4_description/config/turtlebot4_controllers.yaml\n'}
[0.461814] (turtlebot4_description) StdoutLine: {'line': b'-- Symlinking: /home/feiying/ros2_learn/L05_turtlebot4/install/turtlebot4_description/share/turtlebot4_description/worlds/warehouse.sdf\n'}
[0.471484] (turtlebot4_description) StdoutLine: {'line': b'-- Up-to-date symlink: /home/feiying/ros2_learn/L05_turtlebot4/install/turtlebot4_description/lib/turtlebot4_description/relay_robot_description.py\n'}
[0.471748] (turtlebot4_description) StdoutLine: {'line': b'-- Up-to-date symlink: /home/feiying/ros2_learn/L05_turtlebot4/install/turtlebot4_description/lib/turtlebot4_description/publish_robot_description.py\n'}
[0.471959] (turtlebot4_description) StdoutLine: {'line': b'-- Up-to-date symlink: /home/feiying/ros2_learn/L05_turtlebot4/install/turtlebot4_description/lib/turtlebot4_description/camera_bridge.py\n'}
[0.472116] (turtlebot4_description) StdoutLine: {'line': b'-- Up-to-date symlink: /home/feiying/ros2_learn/L05_turtlebot4/install/turtlebot4_description/lib/turtlebot4_description/lidar_bridge.py\n'}
[0.472269] (turtlebot4_description) StdoutLine: {'line': b'-- Up-to-date symlink: /home/feiying/ros2_learn/L05_turtlebot4/install/turtlebot4_description/lib/turtlebot4_description/keyboard_control.py\n'}
[0.472348] (turtlebot4_description) StdoutLine: {'line': b'-- Up-to-date symlink: /home/feiying/ros2_learn/L05_turtlebot4/install/turtlebot4_description/lib/turtlebot4_description/tf_bridge.py\n'}
[0.472425] (turtlebot4_description) StdoutLine: {'line': b'-- Up-to-date symlink: /home/feiying/ros2_learn/L05_turtlebot4/install/turtlebot4_description/lib/turtlebot4_description/joint_states_bridge.py\n'}
[0.472560] (turtlebot4_description) StdoutLine: {'line': b'-- Up-to-date symlink: /home/feiying/ros2_learn/L05_turtlebot4/install/turtlebot4_description/share/turtlebot4_description/rviz/turtlebot4_gazebo.rviz\n'}
[0.472766] (turtlebot4_description) StdoutLine: {'line': b'-- Up-to-date symlink: /home/feiying/ros2_learn/L05_turtlebot4/install/turtlebot4_description/share/ament_index/resource_index/package_run_dependencies/turtlebot4_description\n'}
[0.472940] (turtlebot4_description) StdoutLine: {'line': b'-- Up-to-date symlink: /home/feiying/ros2_learn/L05_turtlebot4/install/turtlebot4_description/share/ament_index/resource_index/parent_prefix_path/turtlebot4_description\n'}
[0.473177] (turtlebot4_description) StdoutLine: {'line': b'-- Up-to-date symlink: /home/feiying/ros2_learn/L05_turtlebot4/install/turtlebot4_description/share/turtlebot4_description/environment/ament_prefix_path.sh\n'}
[0.473372] (turtlebot4_description) StdoutLine: {'line': b'-- Up-to-date symlink: /home/feiying/ros2_learn/L05_turtlebot4/install/turtlebot4_description/share/turtlebot4_description/environment/ament_prefix_path.dsv\n'}
[0.473535] (turtlebot4_description) StdoutLine: {'line': b'-- Up-to-date symlink: /home/feiying/ros2_learn/L05_turtlebot4/install/turtlebot4_description/share/turtlebot4_description/environment/path.sh\n'}
[0.473689] (turtlebot4_description) StdoutLine: {'line': b'-- Up-to-date symlink: /home/feiying/ros2_learn/L05_turtlebot4/install/turtlebot4_description/share/turtlebot4_description/environment/path.dsv\n'}
[0.473849] (turtlebot4_description) StdoutLine: {'line': b'-- Up-to-date symlink: /home/feiying/ros2_learn/L05_turtlebot4/install/turtlebot4_description/share/turtlebot4_description/local_setup.bash\n'}
[0.474021] (turtlebot4_description) StdoutLine: {'line': b'-- Up-to-date symlink: /home/feiying/ros2_learn/L05_turtlebot4/install/turtlebot4_description/share/turtlebot4_description/local_setup.sh\n'}
[0.474380] (turtlebot4_description) StdoutLine: {'line': b'-- Up-to-date symlink: /home/feiying/ros2_learn/L05_turtlebot4/install/turtlebot4_description/share/turtlebot4_description/local_setup.zsh\n'}
[0.474544] (turtlebot4_description) StdoutLine: {'line': b'-- Up-to-date symlink: /home/feiying/ros2_learn/L05_turtlebot4/install/turtlebot4_description/share/turtlebot4_description/local_setup.dsv\n'}
[0.474693] (turtlebot4_description) StdoutLine: {'line': b'-- Symlinking: /home/feiying/ros2_learn/L05_turtlebot4/install/turtlebot4_description/share/turtlebot4_description/package.dsv\n'}
[0.484141] (turtlebot4_description) StdoutLine: {'line': b'-- Up-to-date symlink: /home/feiying/ros2_learn/L05_turtlebot4/install/turtlebot4_description/share/ament_index/resource_index/packages/turtlebot4_description\n'}
[0.484431] (turtlebot4_description) StdoutLine: {'line': b'-- Up-to-date symlink: /home/feiying/ros2_learn/L05_turtlebot4/install/turtlebot4_description/share/turtlebot4_description/cmake/turtlebot4_descriptionConfig.cmake\n'}
[0.484937] (turtlebot4_description) StdoutLine: {'line': b'-- Up-to-date symlink: /home/feiying/ros2_learn/L05_turtlebot4/install/turtlebot4_description/share/turtlebot4_description/cmake/turtlebot4_descriptionConfig-version.cmake\n'}
[0.485037] (turtlebot4_description) StdoutLine: {'line': b'-- Up-to-date symlink: /home/feiying/ros2_learn/L05_turtlebot4/install/turtlebot4_description/share/turtlebot4_description/package.xml\n'}
[0.485814] (turtlebot4_description) CommandEnded: {'returncode': 0}
[0.500210] (-) TimerEvent: {}
[0.503877] (turtlebot4_description) JobEnded: {'identifier': 'turtlebot4_description', 'rc': 0}
[0.504588] (-) EventReactorShutdown: {}
