[0.010s] Invoking command in '/home/feiying/ros2_learn/L05_turtlebot4/build/turtlebot4_navigation': CMAKE_PREFIX_PATH=${CMAKE_PREFIX_PATH}:/opt/ros/jazzy DEBUGINFOD_URLS=https://debuginfod.ubuntu.com /usr/bin/cmake /home/feiying/ros2_learn/L05_turtlebot4/src/turtlebot4/turtlebot4_navigation -DAMENT_CMAKE_SYMLINK_INSTALL=1 -DCMAKE_INSTALL_PREFIX=/home/feiying/ros2_learn/L05_turtlebot4/install/turtlebot4_navigation
[0.155s] -- The C compiler identification is GNU 13.3.0
[0.270s] -- The CXX compiler identification is GNU 13.3.0
[0.292s] -- Detecting C compiler ABI info
[0.399s] -- Detecting C compiler ABI info - done
[0.411s] -- Check for working C compiler: /usr/bin/cc - skipped
[0.411s] -- Detecting C compile features
[0.411s] -- Detecting C compile features - done
[0.420s] -- Detecting CXX compiler ABI info
[0.533s] -- Detecting CXX compiler ABI info - done
[0.543s] -- Check for working CXX compiler: /usr/bin/c++ - skipped
[0.544s] -- Detecting CXX compile features
[0.544s] -- Detecting CXX compile features - done
[0.555s] -- Found ament_cmake: 2.5.5 (/opt/ros/jazzy/share/ament_cmake/cmake)
[0.739s] -- Found Python3: /usr/bin/python3 (found version "3.12.3") found components: Interpreter 
[0.836s] -- Override CMake install command with custom implementation using symlinks instead of copying resources
[1.043s] -- Found ament_lint_auto: 0.17.4 (/opt/ros/jazzy/share/ament_lint_auto/cmake)
[1.187s] -- Added test 'copyright' to check source files copyright and LICENSE
[1.191s] -- Added test 'flake8' to check Python code syntax and style conventions
[1.191s] -- Configured 'flake8' exclude dirs and/or files: 
[1.192s] -- Added test 'lint_cmake' to check CMake code style
[1.193s] -- Added test 'pep257' to check Python code against some of the docstring style conventions in PEP 257
[1.195s] -- Added test 'xmllint' to check XML markup files
[1.197s] -- Configuring done (1.2s)
[1.203s] -- Generating done (0.0s)
[1.205s] -- Build files have been written to: /home/feiying/ros2_learn/L05_turtlebot4/build/turtlebot4_navigation
