[0.000000] (-) TimerEvent: {}
[0.000098] (-) JobUnselected: {'identifier': 'turtlebot4_msgs'}
[0.000218] (-) JobUnselected: {'identifier': 'turtlebot4_navigation'}
[0.000280] (-) JobUnselected: {'identifier': 'turtlebot4_node'}
[0.000449] (turtlebot4_description) JobQueued: {'identifier': 'turtlebot4_description', 'dependencies': OrderedDict()}
[0.000581] (turtlebot4_description) JobStarted: {'identifier': 'turtlebot4_description'}
[0.010670] (turtlebot4_description) JobProgress: {'identifier': 'turtlebot4_description', 'progress': 'cmake'}
[0.011552] (turtlebot4_description) JobProgress: {'identifier': 'turtlebot4_description', 'progress': 'build'}
[0.012340] (turtlebot4_description) Command: {'cmd': ['/usr/bin/cmake', '--build', '/home/feiying/ros2_learn/L05_turtlebot4/build/turtlebot4_description', '--', '-j4', '-l4'], 'cwd': '/home/feiying/ros2_learn/L05_turtlebot4/build/turtlebot4_description', 'env': OrderedDict({'LESSOPEN': '| /usr/bin/lesspipe %s', 'VSCODE_CWD': '/home/feiying', 'VSCODE_ESM_ENTRYPOINT': 'vs/workbench/api/node/extensionHostProcess', 'GZ_SIM_RESOURCE_PATH': '/opt/ros/jazzy/share:/home/feiying/.gz/sim/gz_models/:/home/feiying/ros2_learn/L05_turtlebot4/install/turtlebot4_description/share', 'LANGUAGE': 'zh_CN:zh', 'USER': 'feiying', 'SSH_CLIENT': '192.168.8.200 7547 22', 'LC_TIME': 'zh_CN.UTF-8', 'VSCODE_NLS_CONFIG': '{"userLocale":"zh-cn","osLocale":"zh-cn","resolvedLanguage":"en","defaultMessagesFile":"/home/feiying/.cursor-server/cli/servers/Stable-c25eb90df95d64f6d280779237c1ca39f9f3eef0/server/out/nls.messages.json","locale":"zh-cn","availableLanguages":{}}', 'GZ_CONFIG_PATH': '/opt/ros/jazzy/opt/gz_sim_vendor/share/gz:/opt/ros/jazzy/opt/sdformat_vendor/share/gz:/opt/ros/jazzy/opt/gz_gui_vendor/share/gz:/opt/ros/jazzy/opt/gz_transport_vendor/share/gz:/opt/ros/jazzy/opt/gz_rendering_vendor/share/gz:/opt/ros/jazzy/opt/gz_plugin_vendor/share/gz:/opt/ros/jazzy/opt/gz_fuel_tools_vendor/share/gz:/opt/ros/jazzy/opt/gz_msgs_vendor/share/gz:/opt/ros/jazzy/opt/gz_common_vendor/share/gz', 'VSCODE_HANDLES_UNCAUGHT_ERRORS': 'true', 'XDG_SESSION_TYPE': 'tty', 'SHLVL': '2', 'LD_LIBRARY_PATH': '/opt/ros/jazzy/opt/gz_sim_vendor/lib:/opt/ros/jazzy/opt/gz_sensors_vendor/lib:/opt/ros/jazzy/opt/gz_physics_vendor/lib:/opt/ros/jazzy/opt/sdformat_vendor/lib:/opt/ros/jazzy/opt/rviz_ogre_vendor/lib:/opt/ros/jazzy/lib/x86_64-linux-gnu:/opt/ros/jazzy/opt/gz_gui_vendor/lib:/opt/ros/jazzy/opt/gz_transport_vendor/lib:/opt/ros/jazzy/opt/gz_rendering_vendor/lib:/opt/ros/jazzy/opt/gz_plugin_vendor/lib:/opt/ros/jazzy/opt/gz_fuel_tools_vendor/lib:/opt/ros/jazzy/opt/gz_msgs_vendor/lib:/opt/ros/jazzy/opt/gz_common_vendor/lib:/opt/ros/jazzy/opt/gz_math_vendor/lib:/opt/ros/jazzy/opt/gz_utils_vendor/lib:/opt/ros/jazzy/opt/gz_tools_vendor/lib:/opt/ros/jazzy/opt/gz_ogre_next_vendor/lib:/opt/ros/jazzy/opt/gz_dartsim_vendor/lib:/opt/ros/jazzy/opt/gz_cmake_vendor/lib:/opt/ros/jazzy/lib', 'BROWSER': '/home/feiying/.cursor-server/cli/servers/Stable-c25eb90df95d64f6d280779237c1ca39f9f3eef0/server/bin/helpers/browser.sh', 'HOME': '/home/feiying', 'OLDPWD': '/home/feiying/ros2_learn', 'VSCODE_IPC_HOOK_CLI': '/run/user/1000/vscode-ipc-1c388ca6-fa18-41c5-b697-7be4715f2c8e.sock', 'ROS_PYTHON_VERSION': '3', 'LC_MONETARY': 'zh_CN.UTF-8', 'SSL_CERT_FILE': '/usr/lib/ssl/cert.pem', 'NO_COLOR': '1', 'DBUS_SESSION_BUS_ADDRESS': 'unix:path=/run/user/1000/bus', 'DEBUGINFOD_URLS': 'https://debuginfod.ubuntu.com', 'VSCODE_L10N_BUNDLE_LOCATION': 'vscode-local:/c%3A/Users/Administrator/.cursor/extensions/ms-ceintl.vscode-language-pack-zh-hans-1.99.0-universal/translations/extensions/vscode.markdown-language-features.i18n.json', 'ROS_DISTRO': 'jazzy', 'LOGNAME': 'feiying', 'FORCE_COLOR': '0', 'VSCODE_HANDLES_SIGPIPE': 'true', '_': '/usr/bin/colcon', 'ROS_VERSION': '2', 'XDG_SESSION_CLASS': 'user', 'TERM': 'dumb', 'EVERYSPHERE_RIPGREP_PATH': '/home/feiying/.cursor-server/cli/servers/Stable-c25eb90df95d64f6d280779237c1ca39f9f3eef0/server/node_modules/@vscode/ripgrep/bin/rg', 'XDG_SESSION_ID': '8', 'VSCODE_CLI_REQUIRE_TOKEN': '125e6688-79cb-46f4-8322-a0cb9446fef0', 'COMPOSER_NO_INTERACTION': '1', 'PATH': '/home/feiying/.cursor-server/cli/servers/Stable-c25eb90df95d64f6d280779237c1ca39f9f3eef0/server/bin/remote-cli:/opt/ros/jazzy/opt/gz_msgs_vendor/bin:/opt/ros/jazzy/opt/gz_tools_vendor/bin:/opt/ros/jazzy/opt/gz_ogre_next_vendor/bin:/opt/ros/jazzy/bin:/usr/local/sbin:/usr/local/bin:/usr/sbin:/usr/bin:/sbin:/bin:/usr/games:/usr/local/games:/snap/bin', 'VSCODE_AGENT_FOLDER': '/home/feiying/.cursor-server', 'PAPERSIZE': 'a4', 'LC_ADDRESS': 'zh_CN.UTF-8', 'XDG_RUNTIME_DIR': '/run/user/1000', 'SSL_CERT_DIR': '/usr/lib/ssl/certs', 'CURSOR_AGENT': '1', 'LANG': 'zh_CN.UTF-8', 'LC_TELEPHONE': 'zh_CN.UTF-8', 'LS_COLORS': '', 'AMENT_PREFIX_PATH': '/opt/ros/jazzy', 'SHELL': '/bin/bash', 'LC_NAME': 'zh_CN.UTF-8', 'LESSCLOSE': '/usr/bin/lesspipe %s %s', 'ROS_DISABLE_DAEMON': '1', 'LC_MEASUREMENT': 'zh_CN.UTF-8', 'LC_IDENTIFICATION': 'zh_CN.UTF-8', 'ROS_AUTOMATIC_DISCOVERY_RANGE': 'SUBNET', 'PWD': '/home/feiying/ros2_learn/L05_turtlebot4/build/turtlebot4_description', 'LC_ALL': 'zh_CN.UTF-8', 'SSH_CONNECTION': '192.168.8.200 7547 192.168.8.100 22', 'XDG_DATA_DIRS': '/usr/share/gnome:/usr/local/share:/usr/share:/var/lib/snapd/desktop', 'PYTHONPATH': '/opt/ros/jazzy/lib/python3.12/site-packages', 'LC_NUMERIC': 'zh_CN.UTF-8', 'LC_PAPER': 'zh_CN.UTF-8', 'COLCON': '1', '_ZO_DOCTOR': '0', 'CMAKE_PREFIX_PATH': '/opt/ros/jazzy/opt/gz_sim_vendor:/opt/ros/jazzy/opt/gz_sensors_vendor:/opt/ros/jazzy/opt/gz_physics_vendor:/opt/ros/jazzy/opt/sdformat_vendor:/opt/ros/jazzy/opt/gz_gui_vendor:/opt/ros/jazzy/opt/gz_transport_vendor:/opt/ros/jazzy/opt/gz_rendering_vendor:/opt/ros/jazzy/opt/gz_plugin_vendor:/opt/ros/jazzy/opt/gz_fuel_tools_vendor:/opt/ros/jazzy/opt/gz_msgs_vendor:/opt/ros/jazzy/opt/gz_common_vendor:/opt/ros/jazzy/opt/gz_math_vendor:/opt/ros/jazzy/opt/gz_utils_vendor:/opt/ros/jazzy/opt/gz_tools_vendor:/opt/ros/jazzy/opt/gz_ogre_next_vendor:/opt/ros/jazzy/opt/gz_dartsim_vendor:/opt/ros/jazzy/opt/gz_cmake_vendor:/opt/ros/jazzy'}), 'shell': False}
[0.048144] (turtlebot4_description) StdoutLine: {'line': b'-- Found ament_cmake: 2.5.5 (/opt/ros/jazzy/share/ament_cmake/cmake)\n'}
[0.099777] (-) TimerEvent: {}
[0.200030] (-) TimerEvent: {}
[0.300193] (-) TimerEvent: {}
[0.343199] (turtlebot4_description) StdoutLine: {'line': b'-- Override CMake install command with custom implementation using symlinks instead of copying resources\n'}
[0.364257] (turtlebot4_description) StdoutLine: {'line': b'-- Found urdf: 2.10.0 (/opt/ros/jazzy/share/urdf/cmake)\n'}
[0.397121] (turtlebot4_description) StdoutLine: {'line': b'-- Found TinyXML2 via Config file: /usr/lib/x86_64-linux-gnu/cmake/tinyxml2\n'}
[0.400279] (-) TimerEvent: {}
[0.411453] (turtlebot4_description) StdoutLine: {'line': b'-- Found irobot_create_description: 3.0.4 (/opt/ros/jazzy/share/irobot_create_description/cmake)\n'}
[0.413027] (turtlebot4_description) StdoutLine: {'line': b'-- Found ament_lint_auto: 0.17.4 (/opt/ros/jazzy/share/ament_lint_auto/cmake)\n'}
[0.500382] (-) TimerEvent: {}
[0.555678] (turtlebot4_description) StdoutLine: {'line': b"-- Added test 'copyright' to check source files copyright and LICENSE\n"}
[0.561128] (turtlebot4_description) StdoutLine: {'line': b"-- Added test 'flake8' to check Python code syntax and style conventions\n"}
[0.561460] (turtlebot4_description) StdoutLine: {'line': b"-- Configured 'flake8' exclude dirs and/or files: \n"}
[0.562989] (turtlebot4_description) StdoutLine: {'line': b"-- Added test 'lint_cmake' to check CMake code style\n"}
[0.564633] (turtlebot4_description) StdoutLine: {'line': b"-- Added test 'pep257' to check Python code against some of the docstring style conventions in PEP 257\n"}
[0.567569] (turtlebot4_description) StdoutLine: {'line': b"-- Added test 'xmllint' to check XML markup files\n"}
[0.571002] (turtlebot4_description) StdoutLine: {'line': b'-- Configuring done (0.5s)\n'}
[0.581181] (turtlebot4_description) StdoutLine: {'line': b'-- Generating done (0.0s)\n'}
[0.583994] (turtlebot4_description) StdoutLine: {'line': b'-- Build files have been written to: /home/feiying/ros2_learn/L05_turtlebot4/build/turtlebot4_description\n'}
[0.600473] (-) TimerEvent: {}
[0.616969] (turtlebot4_description) CommandEnded: {'returncode': 0}
[0.617383] (turtlebot4_description) JobProgress: {'identifier': 'turtlebot4_description', 'progress': 'install'}
[0.629524] (turtlebot4_description) Command: {'cmd': ['/usr/bin/cmake', '--install', '/home/feiying/ros2_learn/L05_turtlebot4/build/turtlebot4_description'], 'cwd': '/home/feiying/ros2_learn/L05_turtlebot4/build/turtlebot4_description', 'env': OrderedDict({'LESSOPEN': '| /usr/bin/lesspipe %s', 'VSCODE_CWD': '/home/feiying', 'VSCODE_ESM_ENTRYPOINT': 'vs/workbench/api/node/extensionHostProcess', 'GZ_SIM_RESOURCE_PATH': '/opt/ros/jazzy/share:/home/feiying/.gz/sim/gz_models/:/home/feiying/ros2_learn/L05_turtlebot4/install/turtlebot4_description/share', 'LANGUAGE': 'zh_CN:zh', 'USER': 'feiying', 'SSH_CLIENT': '192.168.8.200 7547 22', 'LC_TIME': 'zh_CN.UTF-8', 'VSCODE_NLS_CONFIG': '{"userLocale":"zh-cn","osLocale":"zh-cn","resolvedLanguage":"en","defaultMessagesFile":"/home/feiying/.cursor-server/cli/servers/Stable-c25eb90df95d64f6d280779237c1ca39f9f3eef0/server/out/nls.messages.json","locale":"zh-cn","availableLanguages":{}}', 'GZ_CONFIG_PATH': '/opt/ros/jazzy/opt/gz_sim_vendor/share/gz:/opt/ros/jazzy/opt/sdformat_vendor/share/gz:/opt/ros/jazzy/opt/gz_gui_vendor/share/gz:/opt/ros/jazzy/opt/gz_transport_vendor/share/gz:/opt/ros/jazzy/opt/gz_rendering_vendor/share/gz:/opt/ros/jazzy/opt/gz_plugin_vendor/share/gz:/opt/ros/jazzy/opt/gz_fuel_tools_vendor/share/gz:/opt/ros/jazzy/opt/gz_msgs_vendor/share/gz:/opt/ros/jazzy/opt/gz_common_vendor/share/gz', 'VSCODE_HANDLES_UNCAUGHT_ERRORS': 'true', 'XDG_SESSION_TYPE': 'tty', 'SHLVL': '2', 'LD_LIBRARY_PATH': '/opt/ros/jazzy/opt/gz_sim_vendor/lib:/opt/ros/jazzy/opt/gz_sensors_vendor/lib:/opt/ros/jazzy/opt/gz_physics_vendor/lib:/opt/ros/jazzy/opt/sdformat_vendor/lib:/opt/ros/jazzy/opt/rviz_ogre_vendor/lib:/opt/ros/jazzy/lib/x86_64-linux-gnu:/opt/ros/jazzy/opt/gz_gui_vendor/lib:/opt/ros/jazzy/opt/gz_transport_vendor/lib:/opt/ros/jazzy/opt/gz_rendering_vendor/lib:/opt/ros/jazzy/opt/gz_plugin_vendor/lib:/opt/ros/jazzy/opt/gz_fuel_tools_vendor/lib:/opt/ros/jazzy/opt/gz_msgs_vendor/lib:/opt/ros/jazzy/opt/gz_common_vendor/lib:/opt/ros/jazzy/opt/gz_math_vendor/lib:/opt/ros/jazzy/opt/gz_utils_vendor/lib:/opt/ros/jazzy/opt/gz_tools_vendor/lib:/opt/ros/jazzy/opt/gz_ogre_next_vendor/lib:/opt/ros/jazzy/opt/gz_dartsim_vendor/lib:/opt/ros/jazzy/opt/gz_cmake_vendor/lib:/opt/ros/jazzy/lib', 'BROWSER': '/home/feiying/.cursor-server/cli/servers/Stable-c25eb90df95d64f6d280779237c1ca39f9f3eef0/server/bin/helpers/browser.sh', 'HOME': '/home/feiying', 'OLDPWD': '/home/feiying/ros2_learn', 'VSCODE_IPC_HOOK_CLI': '/run/user/1000/vscode-ipc-1c388ca6-fa18-41c5-b697-7be4715f2c8e.sock', 'ROS_PYTHON_VERSION': '3', 'LC_MONETARY': 'zh_CN.UTF-8', 'SSL_CERT_FILE': '/usr/lib/ssl/cert.pem', 'NO_COLOR': '1', 'DBUS_SESSION_BUS_ADDRESS': 'unix:path=/run/user/1000/bus', 'DEBUGINFOD_URLS': 'https://debuginfod.ubuntu.com', 'VSCODE_L10N_BUNDLE_LOCATION': 'vscode-local:/c%3A/Users/Administrator/.cursor/extensions/ms-ceintl.vscode-language-pack-zh-hans-1.99.0-universal/translations/extensions/vscode.markdown-language-features.i18n.json', 'ROS_DISTRO': 'jazzy', 'LOGNAME': 'feiying', 'FORCE_COLOR': '0', 'VSCODE_HANDLES_SIGPIPE': 'true', '_': '/usr/bin/colcon', 'ROS_VERSION': '2', 'XDG_SESSION_CLASS': 'user', 'TERM': 'dumb', 'EVERYSPHERE_RIPGREP_PATH': '/home/feiying/.cursor-server/cli/servers/Stable-c25eb90df95d64f6d280779237c1ca39f9f3eef0/server/node_modules/@vscode/ripgrep/bin/rg', 'XDG_SESSION_ID': '8', 'VSCODE_CLI_REQUIRE_TOKEN': '125e6688-79cb-46f4-8322-a0cb9446fef0', 'COMPOSER_NO_INTERACTION': '1', 'PATH': '/home/feiying/.cursor-server/cli/servers/Stable-c25eb90df95d64f6d280779237c1ca39f9f3eef0/server/bin/remote-cli:/opt/ros/jazzy/opt/gz_msgs_vendor/bin:/opt/ros/jazzy/opt/gz_tools_vendor/bin:/opt/ros/jazzy/opt/gz_ogre_next_vendor/bin:/opt/ros/jazzy/bin:/usr/local/sbin:/usr/local/bin:/usr/sbin:/usr/bin:/sbin:/bin:/usr/games:/usr/local/games:/snap/bin', 'VSCODE_AGENT_FOLDER': '/home/feiying/.cursor-server', 'PAPERSIZE': 'a4', 'LC_ADDRESS': 'zh_CN.UTF-8', 'XDG_RUNTIME_DIR': '/run/user/1000', 'SSL_CERT_DIR': '/usr/lib/ssl/certs', 'CURSOR_AGENT': '1', 'LANG': 'zh_CN.UTF-8', 'LC_TELEPHONE': 'zh_CN.UTF-8', 'LS_COLORS': '', 'AMENT_PREFIX_PATH': '/opt/ros/jazzy', 'SHELL': '/bin/bash', 'LC_NAME': 'zh_CN.UTF-8', 'LESSCLOSE': '/usr/bin/lesspipe %s %s', 'ROS_DISABLE_DAEMON': '1', 'LC_MEASUREMENT': 'zh_CN.UTF-8', 'LC_IDENTIFICATION': 'zh_CN.UTF-8', 'ROS_AUTOMATIC_DISCOVERY_RANGE': 'SUBNET', 'PWD': '/home/feiying/ros2_learn/L05_turtlebot4/build/turtlebot4_description', 'LC_ALL': 'zh_CN.UTF-8', 'SSH_CONNECTION': '192.168.8.200 7547 192.168.8.100 22', 'XDG_DATA_DIRS': '/usr/share/gnome:/usr/local/share:/usr/share:/var/lib/snapd/desktop', 'PYTHONPATH': '/opt/ros/jazzy/lib/python3.12/site-packages', 'LC_NUMERIC': 'zh_CN.UTF-8', 'LC_PAPER': 'zh_CN.UTF-8', 'COLCON': '1', '_ZO_DOCTOR': '0', 'CMAKE_PREFIX_PATH': '/opt/ros/jazzy/opt/gz_sim_vendor:/opt/ros/jazzy/opt/gz_sensors_vendor:/opt/ros/jazzy/opt/gz_physics_vendor:/opt/ros/jazzy/opt/sdformat_vendor:/opt/ros/jazzy/opt/gz_gui_vendor:/opt/ros/jazzy/opt/gz_transport_vendor:/opt/ros/jazzy/opt/gz_rendering_vendor:/opt/ros/jazzy/opt/gz_plugin_vendor:/opt/ros/jazzy/opt/gz_fuel_tools_vendor:/opt/ros/jazzy/opt/gz_msgs_vendor:/opt/ros/jazzy/opt/gz_common_vendor:/opt/ros/jazzy/opt/gz_math_vendor:/opt/ros/jazzy/opt/gz_utils_vendor:/opt/ros/jazzy/opt/gz_tools_vendor:/opt/ros/jazzy/opt/gz_ogre_next_vendor:/opt/ros/jazzy/opt/gz_dartsim_vendor:/opt/ros/jazzy/opt/gz_cmake_vendor:/opt/ros/jazzy'}), 'shell': False}
[0.640417] (turtlebot4_description) StdoutLine: {'line': b'-- Install configuration: ""\n'}
[0.641231] (turtlebot4_description) StdoutLine: {'line': b'-- Execute custom install script\n'}
[0.641655] (turtlebot4_description) StdoutLine: {'line': b'-- Up-to-date symlink: /home/feiying/ros2_learn/L05_turtlebot4/install/turtlebot4_description/share/turtlebot4_description/launch/robot_description.launch.py\n'}
[0.641871] (turtlebot4_description) StdoutLine: {'line': b'-- Up-to-date symlink: /home/feiying/ros2_learn/L05_turtlebot4/install/turtlebot4_description/share/turtlebot4_description/launch/turtlebot4_gazebo.launch.py\n'}
[0.642624] (turtlebot4_description) StdoutLine: {'line': b'-- Up-to-date symlink: /home/feiying/ros2_learn/L05_turtlebot4/install/turtlebot4_description/share/turtlebot4_description/launch/turtlebot4_nav.launch.py\n'}
[0.642731] (turtlebot4_description) StdoutLine: {'line': b'-- Up-to-date symlink: /home/feiying/ros2_learn/L05_turtlebot4/install/turtlebot4_description/share/turtlebot4_description/launch/turtlebot4_rviz.launch.py\n'}
[0.642814] (turtlebot4_description) StdoutLine: {'line': b'-- Up-to-date symlink: /home/feiying/ros2_learn/L05_turtlebot4/install/turtlebot4_description/share/turtlebot4_description/launch/turtlebot4_sim_rviz.launch.py\n'}
[0.642908] (turtlebot4_description) StdoutLine: {'line': b'-- Up-to-date symlink: /home/feiying/ros2_learn/L05_turtlebot4/install/turtlebot4_description/share/turtlebot4_description/launch/turtlebot4_slam.launch.py\n'}
[0.644205] (turtlebot4_description) StdoutLine: {'line': b'-- Up-to-date symlink: /home/feiying/ros2_learn/L05_turtlebot4/install/turtlebot4_description/share/turtlebot4_description/launch/turtlebot4_slam_nav.launch.py\n'}
[0.644412] (turtlebot4_description) StdoutLine: {'line': b'-- Up-to-date symlink: /home/feiying/ros2_learn/L05_turtlebot4/install/turtlebot4_description/share/turtlebot4_description/launch/turtlebot4_with_keyboard.launch.py\n'}
[0.644490] (turtlebot4_description) StdoutLine: {'line': b'-- Up-to-date symlink: /home/feiying/ros2_learn/L05_turtlebot4/install/turtlebot4_description/share/turtlebot4_description/meshes/camera_bracket.dae\n'}
[0.644560] (turtlebot4_description) StdoutLine: {'line': b'-- Up-to-date symlink: /home/feiying/ros2_learn/L05_turtlebot4/install/turtlebot4_description/share/turtlebot4_description/meshes/oakd_lite.dae\n'}
[0.644628] (turtlebot4_description) StdoutLine: {'line': b'-- Up-to-date symlink: /home/feiying/ros2_learn/L05_turtlebot4/install/turtlebot4_description/share/turtlebot4_description/meshes/oakd_pro.dae\n'}
[0.644710] (turtlebot4_description) StdoutLine: {'line': b'-- Up-to-date symlink: /home/feiying/ros2_learn/L05_turtlebot4/install/turtlebot4_description/share/turtlebot4_description/meshes/rplidar.dae\n'}
[0.644873] (turtlebot4_description) StdoutLine: {'line': b'-- Up-to-date symlink: /home/feiying/ros2_learn/L05_turtlebot4/install/turtlebot4_description/share/turtlebot4_description/meshes/shell.dae\n'}
[0.644960] (turtlebot4_description) StdoutLine: {'line': b'-- Up-to-date symlink: /home/feiying/ros2_learn/L05_turtlebot4/install/turtlebot4_description/share/turtlebot4_description/meshes/shell_collision.dae\n'}
[0.645104] (turtlebot4_description) StdoutLine: {'line': b'-- Up-to-date symlink: /home/feiying/ros2_learn/L05_turtlebot4/install/turtlebot4_description/share/turtlebot4_description/meshes/tower.dae\n'}
[0.645187] (turtlebot4_description) StdoutLine: {'line': b'-- Up-to-date symlink: /home/feiying/ros2_learn/L05_turtlebot4/install/turtlebot4_description/share/turtlebot4_description/meshes/tower_sensor_plate.dae\n'}
[0.645328] (turtlebot4_description) StdoutLine: {'line': b'-- Up-to-date symlink: /home/feiying/ros2_learn/L05_turtlebot4/install/turtlebot4_description/share/turtlebot4_description/meshes/tower_standoff.dae\n'}
[0.645416] (turtlebot4_description) StdoutLine: {'line': b'-- Up-to-date symlink: /home/feiying/ros2_learn/L05_turtlebot4/install/turtlebot4_description/share/turtlebot4_description/meshes/weight_block.dae\n'}
[0.645551] (turtlebot4_description) StdoutLine: {'line': b'-- Up-to-date symlink: /home/feiying/ros2_learn/L05_turtlebot4/install/turtlebot4_description/share/turtlebot4_description/urdf/lite/turtlebot4.urdf.xacro\n'}
[0.645632] (turtlebot4_description) StdoutLine: {'line': b'-- Up-to-date symlink: /home/feiying/ros2_learn/L05_turtlebot4/install/turtlebot4_description/share/turtlebot4_description/urdf/sensors/camera_bracket.urdf.xacro\n'}
[0.645799] (turtlebot4_description) StdoutLine: {'line': b'-- Up-to-date symlink: /home/feiying/ros2_learn/L05_turtlebot4/install/turtlebot4_description/share/turtlebot4_description/urdf/sensors/oakd.urdf.xacro\n'}
[0.645883] (turtlebot4_description) StdoutLine: {'line': b'-- Up-to-date symlink: /home/feiying/ros2_learn/L05_turtlebot4/install/turtlebot4_description/share/turtlebot4_description/urdf/sensors/rplidar.urdf.xacro\n'}
[0.646871] (turtlebot4_description) StdoutLine: {'line': b'-- Up-to-date symlink: /home/feiying/ros2_learn/L05_turtlebot4/install/turtlebot4_description/share/turtlebot4_description/urdf/standard/tower_sensor_plate.urdf.xacro\n'}
[0.647021] (turtlebot4_description) StdoutLine: {'line': b'-- Up-to-date symlink: /home/feiying/ros2_learn/L05_turtlebot4/install/turtlebot4_description/share/turtlebot4_description/urdf/standard/tower_standoff.urdf.xacro\n'}
[0.647149] (turtlebot4_description) StdoutLine: {'line': b'-- Up-to-date symlink: /home/feiying/ros2_learn/L05_turtlebot4/install/turtlebot4_description/share/turtlebot4_description/urdf/standard/turtlebot4.urdf.xacro\n'}
[0.647228] (turtlebot4_description) StdoutLine: {'line': b'-- Up-to-date symlink: /home/feiying/ros2_learn/L05_turtlebot4/install/turtlebot4_description/share/turtlebot4_description/urdf/standard/weight_block.urdf.xacro\n'}
[0.647310] (turtlebot4_description) StdoutLine: {'line': b'-- Up-to-date symlink: /home/feiying/ros2_learn/L05_turtlebot4/install/turtlebot4_description/share/turtlebot4_description/scripts/camera_bridge.py\n'}
[0.647445] (turtlebot4_description) StdoutLine: {'line': b'-- Up-to-date symlink: /home/feiying/ros2_learn/L05_turtlebot4/install/turtlebot4_description/share/turtlebot4_description/scripts/keyboard_control.py\n'}
[0.647523] (turtlebot4_description) StdoutLine: {'line': b'-- Up-to-date symlink: /home/feiying/ros2_learn/L05_turtlebot4/install/turtlebot4_description/share/turtlebot4_description/scripts/lidar_bridge.py\n'}
[0.647659] (turtlebot4_description) StdoutLine: {'line': b'-- Up-to-date symlink: /home/feiying/ros2_learn/L05_turtlebot4/install/turtlebot4_description/share/turtlebot4_description/scripts/publish_robot_description.py\n'}
[0.647746] (turtlebot4_description) StdoutLine: {'line': b'-- Up-to-date symlink: /home/feiying/ros2_learn/L05_turtlebot4/install/turtlebot4_description/share/turtlebot4_description/scripts/relay_robot_description.py\n'}
[0.647895] (turtlebot4_description) StdoutLine: {'line': b'-- Up-to-date symlink: /home/feiying/ros2_learn/L05_turtlebot4/install/turtlebot4_description/share/turtlebot4_description/scripts/save_map.py\n'}
[0.649948] (turtlebot4_description) StdoutLine: {'line': b'-- Symlinking: /home/feiying/ros2_learn/L05_turtlebot4/install/turtlebot4_description/share/turtlebot4_description/scripts/tf_bridge.py\n'}
[0.659239] (turtlebot4_description) StdoutLine: {'line': b'-- Up-to-date symlink: /home/feiying/ros2_learn/L05_turtlebot4/install/turtlebot4_description/share/turtlebot4_description/config/nav2_params.yaml\n'}
[0.659773] (turtlebot4_description) StdoutLine: {'line': b'-- Up-to-date symlink: /home/feiying/ros2_learn/L05_turtlebot4/install/turtlebot4_description/share/turtlebot4_description/config/slam_toolbox.yaml\n'}
[0.659879] (turtlebot4_description) StdoutLine: {'line': b'-- Up-to-date symlink: /home/feiying/ros2_learn/L05_turtlebot4/install/turtlebot4_description/share/turtlebot4_description/config/turtlebot4_controllers.yaml\n'}
[0.660051] (turtlebot4_description) StdoutLine: {'line': b'-- Up-to-date symlink: /home/feiying/ros2_learn/L05_turtlebot4/install/turtlebot4_description/lib/turtlebot4_description/relay_robot_description.py\n'}
[0.660363] (turtlebot4_description) StdoutLine: {'line': b'-- Up-to-date symlink: /home/feiying/ros2_learn/L05_turtlebot4/install/turtlebot4_description/lib/turtlebot4_description/publish_robot_description.py\n'}
[0.660697] (turtlebot4_description) StdoutLine: {'line': b'-- Up-to-date symlink: /home/feiying/ros2_learn/L05_turtlebot4/install/turtlebot4_description/lib/turtlebot4_description/camera_bridge.py\n'}
[0.661035] (turtlebot4_description) StdoutLine: {'line': b'-- Up-to-date symlink: /home/feiying/ros2_learn/L05_turtlebot4/install/turtlebot4_description/lib/turtlebot4_description/lidar_bridge.py\n'}
[0.661369] (turtlebot4_description) StdoutLine: {'line': b'-- Up-to-date symlink: /home/feiying/ros2_learn/L05_turtlebot4/install/turtlebot4_description/lib/turtlebot4_description/keyboard_control.py\n'}
[0.661659] (turtlebot4_description) StdoutLine: {'line': b'-- Symlinking: /home/feiying/ros2_learn/L05_turtlebot4/install/turtlebot4_description/lib/turtlebot4_description/tf_bridge.py\n'}
[0.673278] (turtlebot4_description) StdoutLine: {'line': b'-- Up-to-date symlink: /home/feiying/ros2_learn/L05_turtlebot4/install/turtlebot4_description/share/turtlebot4_description/rviz/turtlebot4_gazebo.rviz\n'}
[0.674194] (turtlebot4_description) StdoutLine: {'line': b'-- Up-to-date symlink: /home/feiying/ros2_learn/L05_turtlebot4/install/turtlebot4_description/share/ament_index/resource_index/package_run_dependencies/turtlebot4_description\n'}
[0.676002] (turtlebot4_description) StdoutLine: {'line': b'-- Up-to-date symlink: /home/feiying/ros2_learn/L05_turtlebot4/install/turtlebot4_description/share/ament_index/resource_index/parent_prefix_path/turtlebot4_description\n'}
[0.676218] (turtlebot4_description) StdoutLine: {'line': b'-- Up-to-date symlink: /home/feiying/ros2_learn/L05_turtlebot4/install/turtlebot4_description/share/turtlebot4_description/environment/ament_prefix_path.sh\n'}
[0.676304] (turtlebot4_description) StdoutLine: {'line': b'-- Up-to-date symlink: /home/feiying/ros2_learn/L05_turtlebot4/install/turtlebot4_description/share/turtlebot4_description/environment/ament_prefix_path.dsv\n'}
[0.676395] (turtlebot4_description) StdoutLine: {'line': b'-- Up-to-date symlink: /home/feiying/ros2_learn/L05_turtlebot4/install/turtlebot4_description/share/turtlebot4_description/environment/path.sh\n'}
[0.676470] (turtlebot4_description) StdoutLine: {'line': b'-- Up-to-date symlink: /home/feiying/ros2_learn/L05_turtlebot4/install/turtlebot4_description/share/turtlebot4_description/environment/path.dsv\n'}
[0.676541] (turtlebot4_description) StdoutLine: {'line': b'-- Up-to-date symlink: /home/feiying/ros2_learn/L05_turtlebot4/install/turtlebot4_description/share/turtlebot4_description/local_setup.bash\n'}
[0.676616] (turtlebot4_description) StdoutLine: {'line': b'-- Up-to-date symlink: /home/feiying/ros2_learn/L05_turtlebot4/install/turtlebot4_description/share/turtlebot4_description/local_setup.sh\n'}
[0.676688] (turtlebot4_description) StdoutLine: {'line': b'-- Up-to-date symlink: /home/feiying/ros2_learn/L05_turtlebot4/install/turtlebot4_description/share/turtlebot4_description/local_setup.zsh\n'}
[0.677004] (turtlebot4_description) StdoutLine: {'line': b'-- Up-to-date symlink: /home/feiying/ros2_learn/L05_turtlebot4/install/turtlebot4_description/share/turtlebot4_description/local_setup.dsv\n'}
[0.677338] (turtlebot4_description) StdoutLine: {'line': b'-- Symlinking: /home/feiying/ros2_learn/L05_turtlebot4/install/turtlebot4_description/share/turtlebot4_description/package.dsv\n'}
[0.688726] (turtlebot4_description) StdoutLine: {'line': b'-- Up-to-date symlink: /home/feiying/ros2_learn/L05_turtlebot4/install/turtlebot4_description/share/ament_index/resource_index/packages/turtlebot4_description\n'}
[0.689229] (turtlebot4_description) StdoutLine: {'line': b'-- Up-to-date symlink: /home/feiying/ros2_learn/L05_turtlebot4/install/turtlebot4_description/share/turtlebot4_description/cmake/turtlebot4_descriptionConfig.cmake\n'}
[0.692669] (turtlebot4_description) StdoutLine: {'line': b'-- Up-to-date symlink: /home/feiying/ros2_learn/L05_turtlebot4/install/turtlebot4_description/share/turtlebot4_description/cmake/turtlebot4_descriptionConfig-version.cmake\n'}
[0.692821] (turtlebot4_description) StdoutLine: {'line': b'-- Up-to-date symlink: /home/feiying/ros2_learn/L05_turtlebot4/install/turtlebot4_description/share/turtlebot4_description/package.xml\n'}
[0.692913] (turtlebot4_description) CommandEnded: {'returncode': 0}
[0.702534] (-) TimerEvent: {}
[0.717805] (turtlebot4_description) JobEnded: {'identifier': 'turtlebot4_description', 'rc': 0}
[0.718784] (-) EventReactorShutdown: {}
