[0.117s] DEBUG:colcon:Command line arguments: ['/usr/bin/colcon', 'build', '--symlink-install']
[0.117s] DEBUG:colcon:Parsed command line arguments: Namespace(log_base=None, log_level=None, verb_name='build', build_base='build', install_base='install', merge_install=False, symlink_install=True, test_result_base=None, continue_on_error=False, executor='parallel', parallel_workers=4, event_handlers=None, ignore_user_meta=False, metas=['./colcon.meta'], base_paths=['.'], packages_ignore=None, packages_ignore_regex=None, paths=None, packages_up_to=None, packages_up_to_regex=None, packages_above=None, packages_above_and_dependencies=None, packages_above_depth=None, packages_select_by_dep=None, packages_skip_by_dep=None, packages_skip_up_to=None, packages_select_build_failed=False, packages_skip_build_finished=False, packages_select_test_failures=False, packages_skip_test_passed=False, packages_select=None, packages_skip=None, packages_select_regex=None, packages_skip_regex=None, packages_start=None, packages_end=None, allow_overriding=[], cmake_args=None, cmake_target=None, cmake_target_skip_unavailable=False, cmake_clean_cache=False, cmake_clean_first=False, cmake_force_configure=False, ament_cmake_args=None, catkin_cmake_args=None, catkin_skip_building_tests=False, verb_parser=<colcon_defaults.argument_parser.defaults.DefaultArgumentsDecorator object at 0x734eeda8e240>, verb_extension=<colcon_core.verb.build.BuildVerb object at 0x734eedbb2d50>, main=<bound method BuildVerb.main of <colcon_core.verb.build.BuildVerb object at 0x734eedbb2d50>>)
[0.157s] Level 1:colcon.colcon_core.package_discovery:discover_packages(colcon_meta) check parameters
[0.157s] Level 1:colcon.colcon_core.package_discovery:discover_packages(recursive) check parameters
[0.157s] Level 1:colcon.colcon_core.package_discovery:discover_packages(ignore) check parameters
[0.157s] Level 1:colcon.colcon_core.package_discovery:discover_packages(path) check parameters
[0.157s] Level 1:colcon.colcon_core.package_discovery:discover_packages(colcon_meta) discover
[0.158s] Level 1:colcon.colcon_core.package_discovery:discover_packages(recursive) discover
[0.158s] INFO:colcon.colcon_core.package_discovery:Crawling recursively for packages in '/home/feiying/ros2_learn/L05_turtlebot4'
[0.158s] Level 1:colcon.colcon_core.package_identification:_identify(.) by extensions ['ignore', 'ignore_ament_install']
[0.158s] Level 1:colcon.colcon_core.package_identification:_identify(.) by extension 'ignore'
[0.158s] Level 1:colcon.colcon_core.package_identification:_identify(.) by extension 'ignore_ament_install'
[0.158s] Level 1:colcon.colcon_core.package_identification:_identify(.) by extensions ['colcon_pkg']
[0.158s] Level 1:colcon.colcon_core.package_identification:_identify(.) by extension 'colcon_pkg'
[0.158s] Level 1:colcon.colcon_core.package_identification:_identify(.) by extensions ['colcon_meta']
[0.158s] Level 1:colcon.colcon_core.package_identification:_identify(.) by extension 'colcon_meta'
[0.158s] Level 1:colcon.colcon_core.package_identification:_identify(.) by extensions ['ros']
[0.158s] Level 1:colcon.colcon_core.package_identification:_identify(.) by extension 'ros'
[0.184s] Level 1:colcon.colcon_core.package_identification:_identify(.) by extensions ['cmake', 'python']
[0.185s] Level 1:colcon.colcon_core.package_identification:_identify(.) by extension 'cmake'
[0.185s] Level 1:colcon.colcon_core.package_identification:_identify(.) by extension 'python'
[0.185s] Level 1:colcon.colcon_core.package_identification:_identify(.) by extensions ['python_setup_py']
[0.185s] Level 1:colcon.colcon_core.package_identification:_identify(.) by extension 'python_setup_py'
[0.185s] Level 1:colcon.colcon_core.package_identification:_identify(build) by extensions ['ignore', 'ignore_ament_install']
[0.185s] Level 1:colcon.colcon_core.package_identification:_identify(build) by extension 'ignore'
[0.185s] Level 1:colcon.colcon_core.package_identification:_identify(build) ignored
[0.185s] Level 1:colcon.colcon_core.package_identification:_identify(install) by extensions ['ignore', 'ignore_ament_install']
[0.185s] Level 1:colcon.colcon_core.package_identification:_identify(install) by extension 'ignore'
[0.185s] Level 1:colcon.colcon_core.package_identification:_identify(install) ignored
[0.186s] Level 1:colcon.colcon_core.package_identification:_identify(log) by extensions ['ignore', 'ignore_ament_install']
[0.186s] Level 1:colcon.colcon_core.package_identification:_identify(log) by extension 'ignore'
[0.186s] Level 1:colcon.colcon_core.package_identification:_identify(log) ignored
[0.186s] Level 1:colcon.colcon_core.package_identification:_identify(src) by extensions ['ignore', 'ignore_ament_install']
[0.186s] Level 1:colcon.colcon_core.package_identification:_identify(src) by extension 'ignore'
[0.186s] Level 1:colcon.colcon_core.package_identification:_identify(src) by extension 'ignore_ament_install'
[0.186s] Level 1:colcon.colcon_core.package_identification:_identify(src) by extensions ['colcon_pkg']
[0.186s] Level 1:colcon.colcon_core.package_identification:_identify(src) by extension 'colcon_pkg'
[0.186s] Level 1:colcon.colcon_core.package_identification:_identify(src) by extensions ['colcon_meta']
[0.186s] Level 1:colcon.colcon_core.package_identification:_identify(src) by extension 'colcon_meta'
[0.186s] Level 1:colcon.colcon_core.package_identification:_identify(src) by extensions ['ros']
[0.186s] Level 1:colcon.colcon_core.package_identification:_identify(src) by extension 'ros'
[0.186s] Level 1:colcon.colcon_core.package_identification:_identify(src) by extensions ['cmake', 'python']
[0.186s] Level 1:colcon.colcon_core.package_identification:_identify(src) by extension 'cmake'
[0.186s] Level 1:colcon.colcon_core.package_identification:_identify(src) by extension 'python'
[0.187s] Level 1:colcon.colcon_core.package_identification:_identify(src) by extensions ['python_setup_py']
[0.187s] Level 1:colcon.colcon_core.package_identification:_identify(src) by extension 'python_setup_py'
[0.187s] Level 1:colcon.colcon_core.package_identification:_identify(src/turtlebot4) by extensions ['ignore', 'ignore_ament_install']
[0.187s] Level 1:colcon.colcon_core.package_identification:_identify(src/turtlebot4) by extension 'ignore'
[0.187s] Level 1:colcon.colcon_core.package_identification:_identify(src/turtlebot4) by extension 'ignore_ament_install'
[0.187s] Level 1:colcon.colcon_core.package_identification:_identify(src/turtlebot4) by extensions ['colcon_pkg']
[0.187s] Level 1:colcon.colcon_core.package_identification:_identify(src/turtlebot4) by extension 'colcon_pkg'
[0.187s] Level 1:colcon.colcon_core.package_identification:_identify(src/turtlebot4) by extensions ['colcon_meta']
[0.187s] Level 1:colcon.colcon_core.package_identification:_identify(src/turtlebot4) by extension 'colcon_meta'
[0.187s] Level 1:colcon.colcon_core.package_identification:_identify(src/turtlebot4) by extensions ['ros']
[0.187s] Level 1:colcon.colcon_core.package_identification:_identify(src/turtlebot4) by extension 'ros'
[0.187s] Level 1:colcon.colcon_core.package_identification:_identify(src/turtlebot4) by extensions ['cmake', 'python']
[0.187s] Level 1:colcon.colcon_core.package_identification:_identify(src/turtlebot4) by extension 'cmake'
[0.187s] Level 1:colcon.colcon_core.package_identification:_identify(src/turtlebot4) by extension 'python'
[0.187s] Level 1:colcon.colcon_core.package_identification:_identify(src/turtlebot4) by extensions ['python_setup_py']
[0.187s] Level 1:colcon.colcon_core.package_identification:_identify(src/turtlebot4) by extension 'python_setup_py'
[0.187s] Level 1:colcon.colcon_core.package_identification:_identify(src/turtlebot4/turtlebot4_description) by extensions ['ignore', 'ignore_ament_install']
[0.188s] Level 1:colcon.colcon_core.package_identification:_identify(src/turtlebot4/turtlebot4_description) by extension 'ignore'
[0.188s] Level 1:colcon.colcon_core.package_identification:_identify(src/turtlebot4/turtlebot4_description) by extension 'ignore_ament_install'
[0.188s] Level 1:colcon.colcon_core.package_identification:_identify(src/turtlebot4/turtlebot4_description) by extensions ['colcon_pkg']
[0.188s] Level 1:colcon.colcon_core.package_identification:_identify(src/turtlebot4/turtlebot4_description) by extension 'colcon_pkg'
[0.188s] Level 1:colcon.colcon_core.package_identification:_identify(src/turtlebot4/turtlebot4_description) by extensions ['colcon_meta']
[0.188s] Level 1:colcon.colcon_core.package_identification:_identify(src/turtlebot4/turtlebot4_description) by extension 'colcon_meta'
[0.188s] Level 1:colcon.colcon_core.package_identification:_identify(src/turtlebot4/turtlebot4_description) by extensions ['ros']
[0.188s] Level 1:colcon.colcon_core.package_identification:_identify(src/turtlebot4/turtlebot4_description) by extension 'ros'
[0.191s] DEBUG:colcon.colcon_core.package_identification:Package 'src/turtlebot4/turtlebot4_description' with type 'ros.ament_cmake' and name 'turtlebot4_description'
[0.191s] Level 1:colcon.colcon_core.package_identification:_identify(src/turtlebot4/turtlebot4_msgs) by extensions ['ignore', 'ignore_ament_install']
[0.191s] Level 1:colcon.colcon_core.package_identification:_identify(src/turtlebot4/turtlebot4_msgs) by extension 'ignore'
[0.191s] Level 1:colcon.colcon_core.package_identification:_identify(src/turtlebot4/turtlebot4_msgs) by extension 'ignore_ament_install'
[0.191s] Level 1:colcon.colcon_core.package_identification:_identify(src/turtlebot4/turtlebot4_msgs) by extensions ['colcon_pkg']
[0.191s] Level 1:colcon.colcon_core.package_identification:_identify(src/turtlebot4/turtlebot4_msgs) by extension 'colcon_pkg'
[0.191s] Level 1:colcon.colcon_core.package_identification:_identify(src/turtlebot4/turtlebot4_msgs) by extensions ['colcon_meta']
[0.191s] Level 1:colcon.colcon_core.package_identification:_identify(src/turtlebot4/turtlebot4_msgs) by extension 'colcon_meta'
[0.191s] Level 1:colcon.colcon_core.package_identification:_identify(src/turtlebot4/turtlebot4_msgs) by extensions ['ros']
[0.191s] Level 1:colcon.colcon_core.package_identification:_identify(src/turtlebot4/turtlebot4_msgs) by extension 'ros'
[0.192s] DEBUG:colcon.colcon_core.package_identification:Package 'src/turtlebot4/turtlebot4_msgs' with type 'ros.ament_cmake' and name 'turtlebot4_msgs'
[0.192s] Level 1:colcon.colcon_core.package_identification:_identify(src/turtlebot4/turtlebot4_navigation) by extensions ['ignore', 'ignore_ament_install']
[0.192s] Level 1:colcon.colcon_core.package_identification:_identify(src/turtlebot4/turtlebot4_navigation) by extension 'ignore'
[0.192s] Level 1:colcon.colcon_core.package_identification:_identify(src/turtlebot4/turtlebot4_navigation) by extension 'ignore_ament_install'
[0.192s] Level 1:colcon.colcon_core.package_identification:_identify(src/turtlebot4/turtlebot4_navigation) by extensions ['colcon_pkg']
[0.192s] Level 1:colcon.colcon_core.package_identification:_identify(src/turtlebot4/turtlebot4_navigation) by extension 'colcon_pkg'
[0.192s] Level 1:colcon.colcon_core.package_identification:_identify(src/turtlebot4/turtlebot4_navigation) by extensions ['colcon_meta']
[0.192s] Level 1:colcon.colcon_core.package_identification:_identify(src/turtlebot4/turtlebot4_navigation) by extension 'colcon_meta'
[0.192s] Level 1:colcon.colcon_core.package_identification:_identify(src/turtlebot4/turtlebot4_navigation) by extensions ['ros']
[0.192s] Level 1:colcon.colcon_core.package_identification:_identify(src/turtlebot4/turtlebot4_navigation) by extension 'ros'
[0.193s] DEBUG:colcon.colcon_core.package_identification:Package 'src/turtlebot4/turtlebot4_navigation' with type 'ros.ament_cmake' and name 'turtlebot4_navigation'
[0.193s] Level 1:colcon.colcon_core.package_identification:_identify(src/turtlebot4/turtlebot4_node) by extensions ['ignore', 'ignore_ament_install']
[0.193s] Level 1:colcon.colcon_core.package_identification:_identify(src/turtlebot4/turtlebot4_node) by extension 'ignore'
[0.193s] Level 1:colcon.colcon_core.package_identification:_identify(src/turtlebot4/turtlebot4_node) by extension 'ignore_ament_install'
[0.193s] Level 1:colcon.colcon_core.package_identification:_identify(src/turtlebot4/turtlebot4_node) by extensions ['colcon_pkg']
[0.194s] Level 1:colcon.colcon_core.package_identification:_identify(src/turtlebot4/turtlebot4_node) by extension 'colcon_pkg'
[0.194s] Level 1:colcon.colcon_core.package_identification:_identify(src/turtlebot4/turtlebot4_node) by extensions ['colcon_meta']
[0.194s] Level 1:colcon.colcon_core.package_identification:_identify(src/turtlebot4/turtlebot4_node) by extension 'colcon_meta'
[0.194s] Level 1:colcon.colcon_core.package_identification:_identify(src/turtlebot4/turtlebot4_node) by extensions ['ros']
[0.194s] Level 1:colcon.colcon_core.package_identification:_identify(src/turtlebot4/turtlebot4_node) by extension 'ros'
[0.195s] DEBUG:colcon.colcon_core.package_identification:Package 'src/turtlebot4/turtlebot4_node' with type 'ros.ament_cmake' and name 'turtlebot4_node'
[0.195s] Level 1:colcon.colcon_core.package_discovery:discover_packages(recursive) using defaults
[0.195s] Level 1:colcon.colcon_core.package_discovery:discover_packages(ignore) discover
[0.195s] Level 1:colcon.colcon_core.package_discovery:discover_packages(ignore) using defaults
[0.195s] Level 1:colcon.colcon_core.package_discovery:discover_packages(path) discover
[0.195s] Level 1:colcon.colcon_core.package_discovery:discover_packages(path) using defaults
[0.213s] Level 1:colcon.colcon_core.package_discovery:discover_packages(prefix_path) check parameters
[0.214s] Level 1:colcon.colcon_core.package_discovery:discover_packages(prefix_path) discover
[0.217s] DEBUG:colcon.colcon_installed_package_information.package_discovery:Found 490 installed packages in /opt/ros/jazzy
[0.219s] Level 1:colcon.colcon_core.package_discovery:discover_packages(prefix_path) using defaults
[0.291s] Level 5:colcon.colcon_core.verb:set package 'turtlebot4_description' build argument 'cmake_args' from command line to 'None'
[0.291s] Level 5:colcon.colcon_core.verb:set package 'turtlebot4_description' build argument 'cmake_target' from command line to 'None'
[0.291s] Level 5:colcon.colcon_core.verb:set package 'turtlebot4_description' build argument 'cmake_target_skip_unavailable' from command line to 'False'
[0.291s] Level 5:colcon.colcon_core.verb:set package 'turtlebot4_description' build argument 'cmake_clean_cache' from command line to 'False'
[0.291s] Level 5:colcon.colcon_core.verb:set package 'turtlebot4_description' build argument 'cmake_clean_first' from command line to 'False'
[0.291s] Level 5:colcon.colcon_core.verb:set package 'turtlebot4_description' build argument 'cmake_force_configure' from command line to 'False'
[0.291s] Level 5:colcon.colcon_core.verb:set package 'turtlebot4_description' build argument 'ament_cmake_args' from command line to 'None'
[0.291s] Level 5:colcon.colcon_core.verb:set package 'turtlebot4_description' build argument 'catkin_cmake_args' from command line to 'None'
[0.291s] Level 5:colcon.colcon_core.verb:set package 'turtlebot4_description' build argument 'catkin_skip_building_tests' from command line to 'False'
[0.291s] DEBUG:colcon.colcon_core.verb:Building package 'turtlebot4_description' with the following arguments: {'ament_cmake_args': None, 'build_base': '/home/feiying/ros2_learn/L05_turtlebot4/build/turtlebot4_description', 'catkin_cmake_args': None, 'catkin_skip_building_tests': False, 'cmake_args': None, 'cmake_clean_cache': False, 'cmake_clean_first': False, 'cmake_force_configure': False, 'cmake_target': None, 'cmake_target_skip_unavailable': False, 'install_base': '/home/feiying/ros2_learn/L05_turtlebot4/install/turtlebot4_description', 'merge_install': False, 'path': '/home/feiying/ros2_learn/L05_turtlebot4/src/turtlebot4/turtlebot4_description', 'symlink_install': True, 'test_result_base': None}
[0.292s] Level 5:colcon.colcon_core.verb:set package 'turtlebot4_msgs' build argument 'cmake_args' from command line to 'None'
[0.292s] Level 5:colcon.colcon_core.verb:set package 'turtlebot4_msgs' build argument 'cmake_target' from command line to 'None'
[0.292s] Level 5:colcon.colcon_core.verb:set package 'turtlebot4_msgs' build argument 'cmake_target_skip_unavailable' from command line to 'False'
[0.292s] Level 5:colcon.colcon_core.verb:set package 'turtlebot4_msgs' build argument 'cmake_clean_cache' from command line to 'False'
[0.292s] Level 5:colcon.colcon_core.verb:set package 'turtlebot4_msgs' build argument 'cmake_clean_first' from command line to 'False'
[0.292s] Level 5:colcon.colcon_core.verb:set package 'turtlebot4_msgs' build argument 'cmake_force_configure' from command line to 'False'
[0.292s] Level 5:colcon.colcon_core.verb:set package 'turtlebot4_msgs' build argument 'ament_cmake_args' from command line to 'None'
[0.292s] Level 5:colcon.colcon_core.verb:set package 'turtlebot4_msgs' build argument 'catkin_cmake_args' from command line to 'None'
[0.292s] Level 5:colcon.colcon_core.verb:set package 'turtlebot4_msgs' build argument 'catkin_skip_building_tests' from command line to 'False'
[0.292s] DEBUG:colcon.colcon_core.verb:Building package 'turtlebot4_msgs' with the following arguments: {'ament_cmake_args': None, 'build_base': '/home/feiying/ros2_learn/L05_turtlebot4/build/turtlebot4_msgs', 'catkin_cmake_args': None, 'catkin_skip_building_tests': False, 'cmake_args': None, 'cmake_clean_cache': False, 'cmake_clean_first': False, 'cmake_force_configure': False, 'cmake_target': None, 'cmake_target_skip_unavailable': False, 'install_base': '/home/feiying/ros2_learn/L05_turtlebot4/install/turtlebot4_msgs', 'merge_install': False, 'path': '/home/feiying/ros2_learn/L05_turtlebot4/src/turtlebot4/turtlebot4_msgs', 'symlink_install': True, 'test_result_base': None}
[0.292s] Level 5:colcon.colcon_core.verb:set package 'turtlebot4_navigation' build argument 'cmake_args' from command line to 'None'
[0.292s] Level 5:colcon.colcon_core.verb:set package 'turtlebot4_navigation' build argument 'cmake_target' from command line to 'None'
[0.292s] Level 5:colcon.colcon_core.verb:set package 'turtlebot4_navigation' build argument 'cmake_target_skip_unavailable' from command line to 'False'
[0.292s] Level 5:colcon.colcon_core.verb:set package 'turtlebot4_navigation' build argument 'cmake_clean_cache' from command line to 'False'
[0.292s] Level 5:colcon.colcon_core.verb:set package 'turtlebot4_navigation' build argument 'cmake_clean_first' from command line to 'False'
[0.292s] Level 5:colcon.colcon_core.verb:set package 'turtlebot4_navigation' build argument 'cmake_force_configure' from command line to 'False'
[0.292s] Level 5:colcon.colcon_core.verb:set package 'turtlebot4_navigation' build argument 'ament_cmake_args' from command line to 'None'
[0.292s] Level 5:colcon.colcon_core.verb:set package 'turtlebot4_navigation' build argument 'catkin_cmake_args' from command line to 'None'
[0.292s] Level 5:colcon.colcon_core.verb:set package 'turtlebot4_navigation' build argument 'catkin_skip_building_tests' from command line to 'False'
[0.292s] DEBUG:colcon.colcon_core.verb:Building package 'turtlebot4_navigation' with the following arguments: {'ament_cmake_args': None, 'build_base': '/home/feiying/ros2_learn/L05_turtlebot4/build/turtlebot4_navigation', 'catkin_cmake_args': None, 'catkin_skip_building_tests': False, 'cmake_args': None, 'cmake_clean_cache': False, 'cmake_clean_first': False, 'cmake_force_configure': False, 'cmake_target': None, 'cmake_target_skip_unavailable': False, 'install_base': '/home/feiying/ros2_learn/L05_turtlebot4/install/turtlebot4_navigation', 'merge_install': False, 'path': '/home/feiying/ros2_learn/L05_turtlebot4/src/turtlebot4/turtlebot4_navigation', 'symlink_install': True, 'test_result_base': None}
[0.293s] Level 5:colcon.colcon_core.verb:set package 'turtlebot4_node' build argument 'cmake_args' from command line to 'None'
[0.293s] Level 5:colcon.colcon_core.verb:set package 'turtlebot4_node' build argument 'cmake_target' from command line to 'None'
[0.293s] Level 5:colcon.colcon_core.verb:set package 'turtlebot4_node' build argument 'cmake_target_skip_unavailable' from command line to 'False'
[0.293s] Level 5:colcon.colcon_core.verb:set package 'turtlebot4_node' build argument 'cmake_clean_cache' from command line to 'False'
[0.293s] Level 5:colcon.colcon_core.verb:set package 'turtlebot4_node' build argument 'cmake_clean_first' from command line to 'False'
[0.293s] Level 5:colcon.colcon_core.verb:set package 'turtlebot4_node' build argument 'cmake_force_configure' from command line to 'False'
[0.293s] Level 5:colcon.colcon_core.verb:set package 'turtlebot4_node' build argument 'ament_cmake_args' from command line to 'None'
[0.293s] Level 5:colcon.colcon_core.verb:set package 'turtlebot4_node' build argument 'catkin_cmake_args' from command line to 'None'
[0.293s] Level 5:colcon.colcon_core.verb:set package 'turtlebot4_node' build argument 'catkin_skip_building_tests' from command line to 'False'
[0.293s] DEBUG:colcon.colcon_core.verb:Building package 'turtlebot4_node' with the following arguments: {'ament_cmake_args': None, 'build_base': '/home/feiying/ros2_learn/L05_turtlebot4/build/turtlebot4_node', 'catkin_cmake_args': None, 'catkin_skip_building_tests': False, 'cmake_args': None, 'cmake_clean_cache': False, 'cmake_clean_first': False, 'cmake_force_configure': False, 'cmake_target': None, 'cmake_target_skip_unavailable': False, 'install_base': '/home/feiying/ros2_learn/L05_turtlebot4/install/turtlebot4_node', 'merge_install': False, 'path': '/home/feiying/ros2_learn/L05_turtlebot4/src/turtlebot4/turtlebot4_node', 'symlink_install': True, 'test_result_base': None}
[0.293s] INFO:colcon.colcon_core.executor:Executing jobs using 'parallel' executor
[0.294s] DEBUG:colcon.colcon_parallel_executor.executor.parallel:run_until_complete
[0.294s] INFO:colcon.colcon_ros.task.ament_cmake.build:Building ROS package in '/home/feiying/ros2_learn/L05_turtlebot4/src/turtlebot4/turtlebot4_msgs' with build type 'ament_cmake'
[0.295s] INFO:colcon.colcon_cmake.task.cmake.build:Building CMake package in '/home/feiying/ros2_learn/L05_turtlebot4/src/turtlebot4/turtlebot4_msgs'
[0.296s] INFO:colcon.colcon_core.plugin_system:Skipping extension 'colcon_core.shell.bat': Not used on non-Windows systems
[0.297s] INFO:colcon.colcon_core.shell:Skip shell extension 'powershell' for command environment: Not usable outside of PowerShell
[0.297s] DEBUG:colcon.colcon_core.shell:Skip shell extension 'dsv' for command environment
[0.301s] INFO:colcon.colcon_ros.task.ament_cmake.build:Building ROS package in '/home/feiying/ros2_learn/L05_turtlebot4/src/turtlebot4/turtlebot4_description' with build type 'ament_cmake'
[0.301s] INFO:colcon.colcon_cmake.task.cmake.build:Building CMake package in '/home/feiying/ros2_learn/L05_turtlebot4/src/turtlebot4/turtlebot4_description'
[0.301s] INFO:colcon.colcon_core.shell:Skip shell extension 'powershell' for command environment: Not usable outside of PowerShell
[0.301s] DEBUG:colcon.colcon_core.shell:Skip shell extension 'dsv' for command environment
[0.305s] INFO:colcon.colcon_ros.task.ament_cmake.build:Building ROS package in '/home/feiying/ros2_learn/L05_turtlebot4/src/turtlebot4/turtlebot4_navigation' with build type 'ament_cmake'
[0.305s] INFO:colcon.colcon_cmake.task.cmake.build:Building CMake package in '/home/feiying/ros2_learn/L05_turtlebot4/src/turtlebot4/turtlebot4_navigation'
[0.305s] INFO:colcon.colcon_core.shell:Skip shell extension 'powershell' for command environment: Not usable outside of PowerShell
[0.305s] DEBUG:colcon.colcon_core.shell:Skip shell extension 'dsv' for command environment
[0.313s] DEBUG:colcon.colcon_core.event_handler.log_command:Invoking command in '/home/feiying/ros2_learn/L05_turtlebot4/build/turtlebot4_msgs': CMAKE_PREFIX_PATH=${CMAKE_PREFIX_PATH}:/opt/ros/jazzy DEBUGINFOD_URLS=https://debuginfod.ubuntu.com /usr/bin/cmake --build /home/feiying/ros2_learn/L05_turtlebot4/build/turtlebot4_msgs -- -j4 -l4
[0.315s] DEBUG:colcon.colcon_core.event_handler.log_command:Invoking command in '/home/feiying/ros2_learn/L05_turtlebot4/build/turtlebot4_description': CMAKE_PREFIX_PATH=${CMAKE_PREFIX_PATH}:/opt/ros/jazzy DEBUGINFOD_URLS=https://debuginfod.ubuntu.com /usr/bin/cmake /home/feiying/ros2_learn/L05_turtlebot4/src/turtlebot4/turtlebot4_description -DAMENT_CMAKE_SYMLINK_INSTALL=1 -DCMAKE_INSTALL_PREFIX=/home/feiying/ros2_learn/L05_turtlebot4/install/turtlebot4_description
[0.322s] DEBUG:colcon.colcon_core.event_handler.log_command:Invoking command in '/home/feiying/ros2_learn/L05_turtlebot4/build/turtlebot4_navigation': CMAKE_PREFIX_PATH=${CMAKE_PREFIX_PATH}:/opt/ros/jazzy DEBUGINFOD_URLS=https://debuginfod.ubuntu.com /usr/bin/cmake --build /home/feiying/ros2_learn/L05_turtlebot4/build/turtlebot4_navigation -- -j4 -l4
[0.915s] DEBUG:colcon.colcon_core.event_handler.log_command:Invoked command in '/home/feiying/ros2_learn/L05_turtlebot4/build/turtlebot4_description' returned '0': CMAKE_PREFIX_PATH=${CMAKE_PREFIX_PATH}:/opt/ros/jazzy DEBUGINFOD_URLS=https://debuginfod.ubuntu.com /usr/bin/cmake /home/feiying/ros2_learn/L05_turtlebot4/src/turtlebot4/turtlebot4_description -DAMENT_CMAKE_SYMLINK_INSTALL=1 -DCMAKE_INSTALL_PREFIX=/home/feiying/ros2_learn/L05_turtlebot4/install/turtlebot4_description
[0.916s] DEBUG:colcon.colcon_core.event_handler.log_command:Invoking command in '/home/feiying/ros2_learn/L05_turtlebot4/build/turtlebot4_description': CMAKE_PREFIX_PATH=${CMAKE_PREFIX_PATH}:/opt/ros/jazzy DEBUGINFOD_URLS=https://debuginfod.ubuntu.com /usr/bin/cmake --build /home/feiying/ros2_learn/L05_turtlebot4/build/turtlebot4_description -- -j4 -l4
[0.984s] DEBUG:colcon.colcon_core.event_handler.log_command:Invoked command in '/home/feiying/ros2_learn/L05_turtlebot4/build/turtlebot4_navigation' returned '0': CMAKE_PREFIX_PATH=${CMAKE_PREFIX_PATH}:/opt/ros/jazzy DEBUGINFOD_URLS=https://debuginfod.ubuntu.com /usr/bin/cmake --build /home/feiying/ros2_learn/L05_turtlebot4/build/turtlebot4_navigation -- -j4 -l4
[1.007s] DEBUG:colcon.colcon_core.event_handler.log_command:Invoking command in '/home/feiying/ros2_learn/L05_turtlebot4/build/turtlebot4_navigation': CMAKE_PREFIX_PATH=${CMAKE_PREFIX_PATH}:/opt/ros/jazzy DEBUGINFOD_URLS=https://debuginfod.ubuntu.com /usr/bin/cmake --install /home/feiying/ros2_learn/L05_turtlebot4/build/turtlebot4_navigation
[1.010s] DEBUG:colcon.colcon_core.event_handler.log_command:Invoked command in '/home/feiying/ros2_learn/L05_turtlebot4/build/turtlebot4_description' returned '0': CMAKE_PREFIX_PATH=${CMAKE_PREFIX_PATH}:/opt/ros/jazzy DEBUGINFOD_URLS=https://debuginfod.ubuntu.com /usr/bin/cmake --build /home/feiying/ros2_learn/L05_turtlebot4/build/turtlebot4_description -- -j4 -l4
[1.010s] DEBUG:colcon.colcon_core.event_handler.log_command:Invoking command in '/home/feiying/ros2_learn/L05_turtlebot4/build/turtlebot4_description': CMAKE_PREFIX_PATH=${CMAKE_PREFIX_PATH}:/opt/ros/jazzy DEBUGINFOD_URLS=https://debuginfod.ubuntu.com /usr/bin/cmake --install /home/feiying/ros2_learn/L05_turtlebot4/build/turtlebot4_description
[1.437s] Level 1:colcon.colcon_core.environment:create_environment_scripts_only(turtlebot4_description)
[1.438s] DEBUG:colcon.colcon_core.event_handler.log_command:Invoked command in '/home/feiying/ros2_learn/L05_turtlebot4/build/turtlebot4_description' returned '0': CMAKE_PREFIX_PATH=${CMAKE_PREFIX_PATH}:/opt/ros/jazzy DEBUGINFOD_URLS=https://debuginfod.ubuntu.com /usr/bin/cmake --install /home/feiying/ros2_learn/L05_turtlebot4/build/turtlebot4_description
[1.441s] Level 1:colcon.colcon_core.environment:checking '/home/feiying/ros2_learn/L05_turtlebot4/install/turtlebot4_description' for CMake module files
[1.442s] Level 1:colcon.colcon_core.environment:checking '/home/feiying/ros2_learn/L05_turtlebot4/install/turtlebot4_description' for CMake config files
[1.442s] Level 1:colcon.colcon_core.shell:create_environment_hook('turtlebot4_description', 'cmake_prefix_path')
[1.442s] INFO:colcon.colcon_core.shell:Creating environment hook '/home/feiying/ros2_learn/L05_turtlebot4/install/turtlebot4_description/share/turtlebot4_description/hook/cmake_prefix_path.ps1'
[1.443s] INFO:colcon.colcon_core.shell:Creating environment descriptor '/home/feiying/ros2_learn/L05_turtlebot4/install/turtlebot4_description/share/turtlebot4_description/hook/cmake_prefix_path.dsv'
[1.446s] INFO:colcon.colcon_core.shell:Creating environment hook '/home/feiying/ros2_learn/L05_turtlebot4/install/turtlebot4_description/share/turtlebot4_description/hook/cmake_prefix_path.sh'
[1.447s] Level 1:colcon.colcon_core.environment:checking '/home/feiying/ros2_learn/L05_turtlebot4/install/turtlebot4_description/bin'
[1.448s] Level 1:colcon.colcon_core.environment:checking '/home/feiying/ros2_learn/L05_turtlebot4/install/turtlebot4_description/lib/pkgconfig/turtlebot4_description.pc'
[1.448s] Level 1:colcon.colcon_core.environment:checking '/home/feiying/ros2_learn/L05_turtlebot4/install/turtlebot4_description/lib/python3.12/site-packages'
[1.449s] Level 1:colcon.colcon_core.environment:checking '/home/feiying/ros2_learn/L05_turtlebot4/install/turtlebot4_description/bin'
[1.449s] INFO:colcon.colcon_core.shell:Creating package script '/home/feiying/ros2_learn/L05_turtlebot4/install/turtlebot4_description/share/turtlebot4_description/package.ps1'
[1.450s] INFO:colcon.colcon_core.shell:Creating package descriptor '/home/feiying/ros2_learn/L05_turtlebot4/install/turtlebot4_description/share/turtlebot4_description/package.dsv'
[1.451s] INFO:colcon.colcon_core.shell:Creating package script '/home/feiying/ros2_learn/L05_turtlebot4/install/turtlebot4_description/share/turtlebot4_description/package.sh'
[1.451s] INFO:colcon.colcon_core.shell:Creating package script '/home/feiying/ros2_learn/L05_turtlebot4/install/turtlebot4_description/share/turtlebot4_description/package.bash'
[1.452s] INFO:colcon.colcon_core.shell:Creating package script '/home/feiying/ros2_learn/L05_turtlebot4/install/turtlebot4_description/share/turtlebot4_description/package.zsh'
[1.453s] Level 1:colcon.colcon_core.environment:create_file_with_runtime_dependencies(/home/feiying/ros2_learn/L05_turtlebot4/install/turtlebot4_description/share/colcon-core/packages/turtlebot4_description)
[1.454s] Level 1:colcon.colcon_core.environment:create_environment_scripts_only(turtlebot4_description)
[1.454s] Level 1:colcon.colcon_core.environment:checking '/home/feiying/ros2_learn/L05_turtlebot4/install/turtlebot4_description' for CMake module files
[1.455s] Level 1:colcon.colcon_core.environment:checking '/home/feiying/ros2_learn/L05_turtlebot4/install/turtlebot4_description' for CMake config files
[1.455s] Level 1:colcon.colcon_core.shell:create_environment_hook('turtlebot4_description', 'cmake_prefix_path')
[1.455s] INFO:colcon.colcon_core.shell:Creating environment hook '/home/feiying/ros2_learn/L05_turtlebot4/install/turtlebot4_description/share/turtlebot4_description/hook/cmake_prefix_path.ps1'
[1.456s] INFO:colcon.colcon_core.shell:Creating environment descriptor '/home/feiying/ros2_learn/L05_turtlebot4/install/turtlebot4_description/share/turtlebot4_description/hook/cmake_prefix_path.dsv'
[1.457s] INFO:colcon.colcon_core.shell:Creating environment hook '/home/feiying/ros2_learn/L05_turtlebot4/install/turtlebot4_description/share/turtlebot4_description/hook/cmake_prefix_path.sh'
[1.457s] Level 1:colcon.colcon_core.environment:checking '/home/feiying/ros2_learn/L05_turtlebot4/install/turtlebot4_description/bin'
[1.457s] Level 1:colcon.colcon_core.environment:checking '/home/feiying/ros2_learn/L05_turtlebot4/install/turtlebot4_description/lib/pkgconfig/turtlebot4_description.pc'
[1.458s] Level 1:colcon.colcon_core.environment:checking '/home/feiying/ros2_learn/L05_turtlebot4/install/turtlebot4_description/lib/python3.12/site-packages'
[1.458s] Level 1:colcon.colcon_core.environment:checking '/home/feiying/ros2_learn/L05_turtlebot4/install/turtlebot4_description/bin'
[1.459s] INFO:colcon.colcon_core.shell:Creating package script '/home/feiying/ros2_learn/L05_turtlebot4/install/turtlebot4_description/share/turtlebot4_description/package.ps1'
[1.459s] INFO:colcon.colcon_core.shell:Creating package descriptor '/home/feiying/ros2_learn/L05_turtlebot4/install/turtlebot4_description/share/turtlebot4_description/package.dsv'
[1.460s] INFO:colcon.colcon_core.shell:Creating package script '/home/feiying/ros2_learn/L05_turtlebot4/install/turtlebot4_description/share/turtlebot4_description/package.sh'
[1.460s] INFO:colcon.colcon_core.shell:Creating package script '/home/feiying/ros2_learn/L05_turtlebot4/install/turtlebot4_description/share/turtlebot4_description/package.bash'
[1.461s] INFO:colcon.colcon_core.shell:Creating package script '/home/feiying/ros2_learn/L05_turtlebot4/install/turtlebot4_description/share/turtlebot4_description/package.zsh'
[1.461s] Level 1:colcon.colcon_core.environment:create_file_with_runtime_dependencies(/home/feiying/ros2_learn/L05_turtlebot4/install/turtlebot4_description/share/colcon-core/packages/turtlebot4_description)
[1.561s] Level 1:colcon.colcon_core.environment:create_environment_scripts_only(turtlebot4_navigation)
[1.562s] Level 1:colcon.colcon_core.environment:checking '/home/feiying/ros2_learn/L05_turtlebot4/install/turtlebot4_navigation' for CMake module files
[1.562s] Level 1:colcon.colcon_core.environment:checking '/home/feiying/ros2_learn/L05_turtlebot4/install/turtlebot4_navigation' for CMake config files
[1.563s] Level 1:colcon.colcon_core.shell:create_environment_hook('turtlebot4_navigation', 'cmake_prefix_path')
[1.563s] INFO:colcon.colcon_core.shell:Creating environment hook '/home/feiying/ros2_learn/L05_turtlebot4/install/turtlebot4_navigation/share/turtlebot4_navigation/hook/cmake_prefix_path.ps1'
[1.561s] DEBUG:colcon.colcon_core.event_handler.log_command:Invoked command in '/home/feiying/ros2_learn/L05_turtlebot4/build/turtlebot4_navigation' returned '0': CMAKE_PREFIX_PATH=${CMAKE_PREFIX_PATH}:/opt/ros/jazzy DEBUGINFOD_URLS=https://debuginfod.ubuntu.com /usr/bin/cmake --install /home/feiying/ros2_learn/L05_turtlebot4/build/turtlebot4_navigation
[1.564s] INFO:colcon.colcon_core.shell:Creating environment descriptor '/home/feiying/ros2_learn/L05_turtlebot4/install/turtlebot4_navigation/share/turtlebot4_navigation/hook/cmake_prefix_path.dsv'
[1.564s] INFO:colcon.colcon_core.shell:Creating environment hook '/home/feiying/ros2_learn/L05_turtlebot4/install/turtlebot4_navigation/share/turtlebot4_navigation/hook/cmake_prefix_path.sh'
[1.565s] Level 1:colcon.colcon_core.environment:checking '/home/feiying/ros2_learn/L05_turtlebot4/install/turtlebot4_navigation/lib'
[1.565s] Level 1:colcon.colcon_core.environment:checking '/home/feiying/ros2_learn/L05_turtlebot4/install/turtlebot4_navigation/bin'
[1.565s] Level 1:colcon.colcon_core.environment:checking '/home/feiying/ros2_learn/L05_turtlebot4/install/turtlebot4_navigation/lib/pkgconfig/turtlebot4_navigation.pc'
[1.565s] Level 1:colcon.colcon_core.environment:checking '/home/feiying/ros2_learn/L05_turtlebot4/install/turtlebot4_navigation/lib/python3.12/site-packages'
[1.565s] Level 1:colcon.colcon_core.shell:create_environment_hook('turtlebot4_navigation', 'pythonpath')
[1.565s] INFO:colcon.colcon_core.shell:Creating environment hook '/home/feiying/ros2_learn/L05_turtlebot4/install/turtlebot4_navigation/share/turtlebot4_navigation/hook/pythonpath.ps1'
[1.566s] INFO:colcon.colcon_core.shell:Creating environment descriptor '/home/feiying/ros2_learn/L05_turtlebot4/install/turtlebot4_navigation/share/turtlebot4_navigation/hook/pythonpath.dsv'
[1.566s] INFO:colcon.colcon_core.shell:Creating environment hook '/home/feiying/ros2_learn/L05_turtlebot4/install/turtlebot4_navigation/share/turtlebot4_navigation/hook/pythonpath.sh'
[1.567s] Level 1:colcon.colcon_core.environment:checking '/home/feiying/ros2_learn/L05_turtlebot4/install/turtlebot4_navigation/bin'
[1.567s] INFO:colcon.colcon_core.shell:Creating package script '/home/feiying/ros2_learn/L05_turtlebot4/install/turtlebot4_navigation/share/turtlebot4_navigation/package.ps1'
[1.568s] INFO:colcon.colcon_core.shell:Creating package descriptor '/home/feiying/ros2_learn/L05_turtlebot4/install/turtlebot4_navigation/share/turtlebot4_navigation/package.dsv'
[1.568s] INFO:colcon.colcon_core.shell:Creating package script '/home/feiying/ros2_learn/L05_turtlebot4/install/turtlebot4_navigation/share/turtlebot4_navigation/package.sh'
[1.569s] INFO:colcon.colcon_core.shell:Creating package script '/home/feiying/ros2_learn/L05_turtlebot4/install/turtlebot4_navigation/share/turtlebot4_navigation/package.bash'
[1.569s] INFO:colcon.colcon_core.shell:Creating package script '/home/feiying/ros2_learn/L05_turtlebot4/install/turtlebot4_navigation/share/turtlebot4_navigation/package.zsh'
[1.569s] Level 1:colcon.colcon_core.environment:create_file_with_runtime_dependencies(/home/feiying/ros2_learn/L05_turtlebot4/install/turtlebot4_navigation/share/colcon-core/packages/turtlebot4_navigation)
[1.570s] Level 1:colcon.colcon_core.environment:create_environment_scripts_only(turtlebot4_navigation)
[1.570s] Level 1:colcon.colcon_core.environment:checking '/home/feiying/ros2_learn/L05_turtlebot4/install/turtlebot4_navigation' for CMake module files
[1.571s] Level 1:colcon.colcon_core.environment:checking '/home/feiying/ros2_learn/L05_turtlebot4/install/turtlebot4_navigation' for CMake config files
[1.571s] Level 1:colcon.colcon_core.shell:create_environment_hook('turtlebot4_navigation', 'cmake_prefix_path')
[1.571s] INFO:colcon.colcon_core.shell:Creating environment hook '/home/feiying/ros2_learn/L05_turtlebot4/install/turtlebot4_navigation/share/turtlebot4_navigation/hook/cmake_prefix_path.ps1'
[1.572s] INFO:colcon.colcon_core.shell:Creating environment descriptor '/home/feiying/ros2_learn/L05_turtlebot4/install/turtlebot4_navigation/share/turtlebot4_navigation/hook/cmake_prefix_path.dsv'
[1.572s] INFO:colcon.colcon_core.shell:Creating environment hook '/home/feiying/ros2_learn/L05_turtlebot4/install/turtlebot4_navigation/share/turtlebot4_navigation/hook/cmake_prefix_path.sh'
[1.573s] Level 1:colcon.colcon_core.environment:checking '/home/feiying/ros2_learn/L05_turtlebot4/install/turtlebot4_navigation/lib'
[1.573s] Level 1:colcon.colcon_core.environment:checking '/home/feiying/ros2_learn/L05_turtlebot4/install/turtlebot4_navigation/bin'
[1.573s] Level 1:colcon.colcon_core.environment:checking '/home/feiying/ros2_learn/L05_turtlebot4/install/turtlebot4_navigation/lib/pkgconfig/turtlebot4_navigation.pc'
[1.573s] Level 1:colcon.colcon_core.environment:checking '/home/feiying/ros2_learn/L05_turtlebot4/install/turtlebot4_navigation/lib/python3.12/site-packages'
[1.573s] Level 1:colcon.colcon_core.shell:create_environment_hook('turtlebot4_navigation', 'pythonpath')
[1.573s] INFO:colcon.colcon_core.shell:Creating environment hook '/home/feiying/ros2_learn/L05_turtlebot4/install/turtlebot4_navigation/share/turtlebot4_navigation/hook/pythonpath.ps1'
[1.574s] INFO:colcon.colcon_core.shell:Creating environment descriptor '/home/feiying/ros2_learn/L05_turtlebot4/install/turtlebot4_navigation/share/turtlebot4_navigation/hook/pythonpath.dsv'
[1.575s] INFO:colcon.colcon_core.shell:Creating environment hook '/home/feiying/ros2_learn/L05_turtlebot4/install/turtlebot4_navigation/share/turtlebot4_navigation/hook/pythonpath.sh'
[1.576s] Level 1:colcon.colcon_core.environment:checking '/home/feiying/ros2_learn/L05_turtlebot4/install/turtlebot4_navigation/bin'
[1.576s] INFO:colcon.colcon_core.shell:Creating package script '/home/feiying/ros2_learn/L05_turtlebot4/install/turtlebot4_navigation/share/turtlebot4_navigation/package.ps1'
[1.576s] INFO:colcon.colcon_core.shell:Creating package descriptor '/home/feiying/ros2_learn/L05_turtlebot4/install/turtlebot4_navigation/share/turtlebot4_navigation/package.dsv'
[1.577s] INFO:colcon.colcon_core.shell:Creating package script '/home/feiying/ros2_learn/L05_turtlebot4/install/turtlebot4_navigation/share/turtlebot4_navigation/package.sh'
[1.578s] INFO:colcon.colcon_core.shell:Creating package script '/home/feiying/ros2_learn/L05_turtlebot4/install/turtlebot4_navigation/share/turtlebot4_navigation/package.bash'
[1.596s] INFO:colcon.colcon_core.shell:Creating package script '/home/feiying/ros2_learn/L05_turtlebot4/install/turtlebot4_navigation/share/turtlebot4_navigation/package.zsh'
[1.598s] Level 1:colcon.colcon_core.environment:create_file_with_runtime_dependencies(/home/feiying/ros2_learn/L05_turtlebot4/install/turtlebot4_navigation/share/colcon-core/packages/turtlebot4_navigation)
[5.056s] DEBUG:colcon.colcon_core.event_handler.log_command:Invoked command in '/home/feiying/ros2_learn/L05_turtlebot4/build/turtlebot4_msgs' returned '0': CMAKE_PREFIX_PATH=${CMAKE_PREFIX_PATH}:/opt/ros/jazzy DEBUGINFOD_URLS=https://debuginfod.ubuntu.com /usr/bin/cmake --build /home/feiying/ros2_learn/L05_turtlebot4/build/turtlebot4_msgs -- -j4 -l4
[5.058s] DEBUG:colcon.colcon_core.event_handler.log_command:Invoking command in '/home/feiying/ros2_learn/L05_turtlebot4/build/turtlebot4_msgs': CMAKE_PREFIX_PATH=${CMAKE_PREFIX_PATH}:/opt/ros/jazzy DEBUGINFOD_URLS=https://debuginfod.ubuntu.com /usr/bin/cmake --install /home/feiying/ros2_learn/L05_turtlebot4/build/turtlebot4_msgs
[6.244s] Level 1:colcon.colcon_core.environment:create_environment_scripts_only(turtlebot4_msgs)
[6.245s] Level 1:colcon.colcon_core.environment:checking '/home/feiying/ros2_learn/L05_turtlebot4/install/turtlebot4_msgs' for CMake module files
[6.245s] DEBUG:colcon.colcon_core.event_handler.log_command:Invoked command in '/home/feiying/ros2_learn/L05_turtlebot4/build/turtlebot4_msgs' returned '0': CMAKE_PREFIX_PATH=${CMAKE_PREFIX_PATH}:/opt/ros/jazzy DEBUGINFOD_URLS=https://debuginfod.ubuntu.com /usr/bin/cmake --install /home/feiying/ros2_learn/L05_turtlebot4/build/turtlebot4_msgs
[6.246s] Level 1:colcon.colcon_core.environment:checking '/home/feiying/ros2_learn/L05_turtlebot4/install/turtlebot4_msgs' for CMake config files
[6.246s] Level 1:colcon.colcon_core.shell:create_environment_hook('turtlebot4_msgs', 'cmake_prefix_path')
[6.246s] INFO:colcon.colcon_core.shell:Creating environment hook '/home/feiying/ros2_learn/L05_turtlebot4/install/turtlebot4_msgs/share/turtlebot4_msgs/hook/cmake_prefix_path.ps1'
[6.247s] INFO:colcon.colcon_core.shell:Creating environment descriptor '/home/feiying/ros2_learn/L05_turtlebot4/install/turtlebot4_msgs/share/turtlebot4_msgs/hook/cmake_prefix_path.dsv'
[6.247s] INFO:colcon.colcon_core.shell:Creating environment hook '/home/feiying/ros2_learn/L05_turtlebot4/install/turtlebot4_msgs/share/turtlebot4_msgs/hook/cmake_prefix_path.sh'
[6.248s] Level 1:colcon.colcon_core.environment:checking '/home/feiying/ros2_learn/L05_turtlebot4/install/turtlebot4_msgs/lib'
[6.248s] Level 1:colcon.colcon_core.shell:create_environment_hook('turtlebot4_msgs', 'ld_library_path_lib')
[6.248s] INFO:colcon.colcon_core.shell:Creating environment hook '/home/feiying/ros2_learn/L05_turtlebot4/install/turtlebot4_msgs/share/turtlebot4_msgs/hook/ld_library_path_lib.ps1'
[6.249s] INFO:colcon.colcon_core.shell:Creating environment descriptor '/home/feiying/ros2_learn/L05_turtlebot4/install/turtlebot4_msgs/share/turtlebot4_msgs/hook/ld_library_path_lib.dsv'
[6.249s] INFO:colcon.colcon_core.shell:Creating environment hook '/home/feiying/ros2_learn/L05_turtlebot4/install/turtlebot4_msgs/share/turtlebot4_msgs/hook/ld_library_path_lib.sh'
[6.249s] Level 1:colcon.colcon_core.environment:checking '/home/feiying/ros2_learn/L05_turtlebot4/install/turtlebot4_msgs/bin'
[6.249s] Level 1:colcon.colcon_core.environment:checking '/home/feiying/ros2_learn/L05_turtlebot4/install/turtlebot4_msgs/lib/pkgconfig/turtlebot4_msgs.pc'
[6.250s] Level 1:colcon.colcon_core.environment:checking '/home/feiying/ros2_learn/L05_turtlebot4/install/turtlebot4_msgs/lib/python3.12/site-packages'
[6.250s] Level 1:colcon.colcon_core.shell:create_environment_hook('turtlebot4_msgs', 'pythonpath')
[6.250s] INFO:colcon.colcon_core.shell:Creating environment hook '/home/feiying/ros2_learn/L05_turtlebot4/install/turtlebot4_msgs/share/turtlebot4_msgs/hook/pythonpath.ps1'
[6.250s] INFO:colcon.colcon_core.shell:Creating environment descriptor '/home/feiying/ros2_learn/L05_turtlebot4/install/turtlebot4_msgs/share/turtlebot4_msgs/hook/pythonpath.dsv'
[6.251s] INFO:colcon.colcon_core.shell:Creating environment hook '/home/feiying/ros2_learn/L05_turtlebot4/install/turtlebot4_msgs/share/turtlebot4_msgs/hook/pythonpath.sh'
[6.251s] Level 1:colcon.colcon_core.environment:checking '/home/feiying/ros2_learn/L05_turtlebot4/install/turtlebot4_msgs/bin'
[6.252s] INFO:colcon.colcon_core.shell:Creating package script '/home/feiying/ros2_learn/L05_turtlebot4/install/turtlebot4_msgs/share/turtlebot4_msgs/package.ps1'
[6.252s] INFO:colcon.colcon_core.shell:Creating package descriptor '/home/feiying/ros2_learn/L05_turtlebot4/install/turtlebot4_msgs/share/turtlebot4_msgs/package.dsv'
[6.253s] INFO:colcon.colcon_core.shell:Creating package script '/home/feiying/ros2_learn/L05_turtlebot4/install/turtlebot4_msgs/share/turtlebot4_msgs/package.sh'
[6.253s] INFO:colcon.colcon_core.shell:Creating package script '/home/feiying/ros2_learn/L05_turtlebot4/install/turtlebot4_msgs/share/turtlebot4_msgs/package.bash'
[6.253s] INFO:colcon.colcon_core.shell:Creating package script '/home/feiying/ros2_learn/L05_turtlebot4/install/turtlebot4_msgs/share/turtlebot4_msgs/package.zsh'
[6.254s] Level 1:colcon.colcon_core.environment:create_file_with_runtime_dependencies(/home/feiying/ros2_learn/L05_turtlebot4/install/turtlebot4_msgs/share/colcon-core/packages/turtlebot4_msgs)
[6.254s] Level 1:colcon.colcon_core.environment:create_environment_scripts_only(turtlebot4_msgs)
[6.255s] Level 1:colcon.colcon_core.environment:checking '/home/feiying/ros2_learn/L05_turtlebot4/install/turtlebot4_msgs' for CMake module files
[6.255s] Level 1:colcon.colcon_core.environment:checking '/home/feiying/ros2_learn/L05_turtlebot4/install/turtlebot4_msgs' for CMake config files
[6.256s] Level 1:colcon.colcon_core.shell:create_environment_hook('turtlebot4_msgs', 'cmake_prefix_path')
[6.256s] INFO:colcon.colcon_core.shell:Creating environment hook '/home/feiying/ros2_learn/L05_turtlebot4/install/turtlebot4_msgs/share/turtlebot4_msgs/hook/cmake_prefix_path.ps1'
[6.257s] INFO:colcon.colcon_core.shell:Creating environment descriptor '/home/feiying/ros2_learn/L05_turtlebot4/install/turtlebot4_msgs/share/turtlebot4_msgs/hook/cmake_prefix_path.dsv'
[6.257s] INFO:colcon.colcon_core.shell:Creating environment hook '/home/feiying/ros2_learn/L05_turtlebot4/install/turtlebot4_msgs/share/turtlebot4_msgs/hook/cmake_prefix_path.sh'
[6.258s] Level 1:colcon.colcon_core.environment:checking '/home/feiying/ros2_learn/L05_turtlebot4/install/turtlebot4_msgs/lib'
[6.258s] Level 1:colcon.colcon_core.shell:create_environment_hook('turtlebot4_msgs', 'ld_library_path_lib')
[6.259s] INFO:colcon.colcon_core.shell:Creating environment hook '/home/feiying/ros2_learn/L05_turtlebot4/install/turtlebot4_msgs/share/turtlebot4_msgs/hook/ld_library_path_lib.ps1'
[6.259s] INFO:colcon.colcon_core.shell:Creating environment descriptor '/home/feiying/ros2_learn/L05_turtlebot4/install/turtlebot4_msgs/share/turtlebot4_msgs/hook/ld_library_path_lib.dsv'
[6.260s] INFO:colcon.colcon_core.shell:Creating environment hook '/home/feiying/ros2_learn/L05_turtlebot4/install/turtlebot4_msgs/share/turtlebot4_msgs/hook/ld_library_path_lib.sh'
[6.261s] Level 1:colcon.colcon_core.environment:checking '/home/feiying/ros2_learn/L05_turtlebot4/install/turtlebot4_msgs/bin'
[6.261s] Level 1:colcon.colcon_core.environment:checking '/home/feiying/ros2_learn/L05_turtlebot4/install/turtlebot4_msgs/lib/pkgconfig/turtlebot4_msgs.pc'
[6.261s] Level 1:colcon.colcon_core.environment:checking '/home/feiying/ros2_learn/L05_turtlebot4/install/turtlebot4_msgs/lib/python3.12/site-packages'
[6.261s] Level 1:colcon.colcon_core.shell:create_environment_hook('turtlebot4_msgs', 'pythonpath')
[6.262s] INFO:colcon.colcon_core.shell:Creating environment hook '/home/feiying/ros2_learn/L05_turtlebot4/install/turtlebot4_msgs/share/turtlebot4_msgs/hook/pythonpath.ps1'
[6.262s] INFO:colcon.colcon_core.shell:Creating environment descriptor '/home/feiying/ros2_learn/L05_turtlebot4/install/turtlebot4_msgs/share/turtlebot4_msgs/hook/pythonpath.dsv'
[6.263s] INFO:colcon.colcon_core.shell:Creating environment hook '/home/feiying/ros2_learn/L05_turtlebot4/install/turtlebot4_msgs/share/turtlebot4_msgs/hook/pythonpath.sh'
[6.264s] Level 1:colcon.colcon_core.environment:checking '/home/feiying/ros2_learn/L05_turtlebot4/install/turtlebot4_msgs/bin'
[6.265s] INFO:colcon.colcon_core.shell:Creating package script '/home/feiying/ros2_learn/L05_turtlebot4/install/turtlebot4_msgs/share/turtlebot4_msgs/package.ps1'
[6.266s] INFO:colcon.colcon_core.shell:Creating package descriptor '/home/feiying/ros2_learn/L05_turtlebot4/install/turtlebot4_msgs/share/turtlebot4_msgs/package.dsv'
[6.267s] INFO:colcon.colcon_core.shell:Creating package script '/home/feiying/ros2_learn/L05_turtlebot4/install/turtlebot4_msgs/share/turtlebot4_msgs/package.sh'
[6.268s] INFO:colcon.colcon_core.shell:Creating package script '/home/feiying/ros2_learn/L05_turtlebot4/install/turtlebot4_msgs/share/turtlebot4_msgs/package.bash'
[6.268s] INFO:colcon.colcon_core.shell:Creating package script '/home/feiying/ros2_learn/L05_turtlebot4/install/turtlebot4_msgs/share/turtlebot4_msgs/package.zsh'
[6.269s] Level 1:colcon.colcon_core.environment:create_file_with_runtime_dependencies(/home/feiying/ros2_learn/L05_turtlebot4/install/turtlebot4_msgs/share/colcon-core/packages/turtlebot4_msgs)
[6.270s] INFO:colcon.colcon_ros.task.ament_cmake.build:Building ROS package in '/home/feiying/ros2_learn/L05_turtlebot4/src/turtlebot4/turtlebot4_node' with build type 'ament_cmake'
[6.270s] INFO:colcon.colcon_cmake.task.cmake.build:Building CMake package in '/home/feiying/ros2_learn/L05_turtlebot4/src/turtlebot4/turtlebot4_node'
[6.270s] INFO:colcon.colcon_core.shell:Skip shell extension 'powershell' for command environment: Not usable outside of PowerShell
[6.271s] DEBUG:colcon.colcon_core.shell:Skip shell extension 'dsv' for command environment
[6.283s] DEBUG:colcon.colcon_core.event_handler.log_command:Invoking command in '/home/feiying/ros2_learn/L05_turtlebot4/build/turtlebot4_node': AMENT_PREFIX_PATH=/home/feiying/ros2_learn/L05_turtlebot4/install/turtlebot4_msgs:${AMENT_PREFIX_PATH} CMAKE_PREFIX_PATH=/home/feiying/ros2_learn/L05_turtlebot4/install/turtlebot4_msgs:/opt/ros/jazzy/opt/gz_sim_vendor:/opt/ros/jazzy/opt/gz_sensors_vendor:/opt/ros/jazzy/opt/gz_physics_vendor:/opt/ros/jazzy/opt/sdformat_vendor:/opt/ros/jazzy/opt/gz_gui_vendor:/opt/ros/jazzy/opt/gz_transport_vendor:/opt/ros/jazzy/opt/gz_rendering_vendor:/opt/ros/jazzy/opt/gz_plugin_vendor:/opt/ros/jazzy/opt/gz_fuel_tools_vendor:/opt/ros/jazzy/opt/gz_msgs_vendor:/opt/ros/jazzy/opt/gz_common_vendor:/opt/ros/jazzy/opt/gz_math_vendor:/opt/ros/jazzy/opt/gz_utils_vendor:/opt/ros/jazzy/opt/gz_tools_vendor:/opt/ros/jazzy/opt/gz_ogre_next_vendor:/opt/ros/jazzy/opt/gz_dartsim_vendor:/opt/ros/jazzy/opt/gz_cmake_vendor:/opt/ros/jazzy DEBUGINFOD_URLS=https://debuginfod.ubuntu.com LD_LIBRARY_PATH=/home/feiying/ros2_learn/L05_turtlebot4/install/turtlebot4_msgs/lib:${LD_LIBRARY_PATH} PYTHONPATH=/home/feiying/ros2_learn/L05_turtlebot4/install/turtlebot4_msgs/lib/python3.12/site-packages:${PYTHONPATH} /usr/bin/cmake /home/feiying/ros2_learn/L05_turtlebot4/src/turtlebot4/turtlebot4_node -DAMENT_CMAKE_SYMLINK_INSTALL=1 -DCMAKE_INSTALL_PREFIX=/home/feiying/ros2_learn/L05_turtlebot4/install/turtlebot4_node
[7.913s] DEBUG:colcon.colcon_core.event_handler.log_command:Invoked command in '/home/feiying/ros2_learn/L05_turtlebot4/build/turtlebot4_node' returned '0': AMENT_PREFIX_PATH=/home/feiying/ros2_learn/L05_turtlebot4/install/turtlebot4_msgs:${AMENT_PREFIX_PATH} CMAKE_PREFIX_PATH=/home/feiying/ros2_learn/L05_turtlebot4/install/turtlebot4_msgs:/opt/ros/jazzy/opt/gz_sim_vendor:/opt/ros/jazzy/opt/gz_sensors_vendor:/opt/ros/jazzy/opt/gz_physics_vendor:/opt/ros/jazzy/opt/sdformat_vendor:/opt/ros/jazzy/opt/gz_gui_vendor:/opt/ros/jazzy/opt/gz_transport_vendor:/opt/ros/jazzy/opt/gz_rendering_vendor:/opt/ros/jazzy/opt/gz_plugin_vendor:/opt/ros/jazzy/opt/gz_fuel_tools_vendor:/opt/ros/jazzy/opt/gz_msgs_vendor:/opt/ros/jazzy/opt/gz_common_vendor:/opt/ros/jazzy/opt/gz_math_vendor:/opt/ros/jazzy/opt/gz_utils_vendor:/opt/ros/jazzy/opt/gz_tools_vendor:/opt/ros/jazzy/opt/gz_ogre_next_vendor:/opt/ros/jazzy/opt/gz_dartsim_vendor:/opt/ros/jazzy/opt/gz_cmake_vendor:/opt/ros/jazzy DEBUGINFOD_URLS=https://debuginfod.ubuntu.com LD_LIBRARY_PATH=/home/feiying/ros2_learn/L05_turtlebot4/install/turtlebot4_msgs/lib:${LD_LIBRARY_PATH} PYTHONPATH=/home/feiying/ros2_learn/L05_turtlebot4/install/turtlebot4_msgs/lib/python3.12/site-packages:${PYTHONPATH} /usr/bin/cmake /home/feiying/ros2_learn/L05_turtlebot4/src/turtlebot4/turtlebot4_node -DAMENT_CMAKE_SYMLINK_INSTALL=1 -DCMAKE_INSTALL_PREFIX=/home/feiying/ros2_learn/L05_turtlebot4/install/turtlebot4_node
[7.914s] DEBUG:colcon.colcon_core.event_handler.log_command:Invoking command in '/home/feiying/ros2_learn/L05_turtlebot4/build/turtlebot4_node': AMENT_PREFIX_PATH=/home/feiying/ros2_learn/L05_turtlebot4/install/turtlebot4_msgs:${AMENT_PREFIX_PATH} CMAKE_PREFIX_PATH=/home/feiying/ros2_learn/L05_turtlebot4/install/turtlebot4_msgs:/opt/ros/jazzy/opt/gz_sim_vendor:/opt/ros/jazzy/opt/gz_sensors_vendor:/opt/ros/jazzy/opt/gz_physics_vendor:/opt/ros/jazzy/opt/sdformat_vendor:/opt/ros/jazzy/opt/gz_gui_vendor:/opt/ros/jazzy/opt/gz_transport_vendor:/opt/ros/jazzy/opt/gz_rendering_vendor:/opt/ros/jazzy/opt/gz_plugin_vendor:/opt/ros/jazzy/opt/gz_fuel_tools_vendor:/opt/ros/jazzy/opt/gz_msgs_vendor:/opt/ros/jazzy/opt/gz_common_vendor:/opt/ros/jazzy/opt/gz_math_vendor:/opt/ros/jazzy/opt/gz_utils_vendor:/opt/ros/jazzy/opt/gz_tools_vendor:/opt/ros/jazzy/opt/gz_ogre_next_vendor:/opt/ros/jazzy/opt/gz_dartsim_vendor:/opt/ros/jazzy/opt/gz_cmake_vendor:/opt/ros/jazzy DEBUGINFOD_URLS=https://debuginfod.ubuntu.com LD_LIBRARY_PATH=/home/feiying/ros2_learn/L05_turtlebot4/install/turtlebot4_msgs/lib:${LD_LIBRARY_PATH} PYTHONPATH=/home/feiying/ros2_learn/L05_turtlebot4/install/turtlebot4_msgs/lib/python3.12/site-packages:${PYTHONPATH} /usr/bin/cmake --build /home/feiying/ros2_learn/L05_turtlebot4/build/turtlebot4_node -- -j4 -l4
[41.427s] DEBUG:colcon.colcon_core.event_handler.log_command:Invoked command in '/home/feiying/ros2_learn/L05_turtlebot4/build/turtlebot4_node' returned '0': AMENT_PREFIX_PATH=/home/feiying/ros2_learn/L05_turtlebot4/install/turtlebot4_msgs:${AMENT_PREFIX_PATH} CMAKE_PREFIX_PATH=/home/feiying/ros2_learn/L05_turtlebot4/install/turtlebot4_msgs:/opt/ros/jazzy/opt/gz_sim_vendor:/opt/ros/jazzy/opt/gz_sensors_vendor:/opt/ros/jazzy/opt/gz_physics_vendor:/opt/ros/jazzy/opt/sdformat_vendor:/opt/ros/jazzy/opt/gz_gui_vendor:/opt/ros/jazzy/opt/gz_transport_vendor:/opt/ros/jazzy/opt/gz_rendering_vendor:/opt/ros/jazzy/opt/gz_plugin_vendor:/opt/ros/jazzy/opt/gz_fuel_tools_vendor:/opt/ros/jazzy/opt/gz_msgs_vendor:/opt/ros/jazzy/opt/gz_common_vendor:/opt/ros/jazzy/opt/gz_math_vendor:/opt/ros/jazzy/opt/gz_utils_vendor:/opt/ros/jazzy/opt/gz_tools_vendor:/opt/ros/jazzy/opt/gz_ogre_next_vendor:/opt/ros/jazzy/opt/gz_dartsim_vendor:/opt/ros/jazzy/opt/gz_cmake_vendor:/opt/ros/jazzy DEBUGINFOD_URLS=https://debuginfod.ubuntu.com LD_LIBRARY_PATH=/home/feiying/ros2_learn/L05_turtlebot4/install/turtlebot4_msgs/lib:${LD_LIBRARY_PATH} PYTHONPATH=/home/feiying/ros2_learn/L05_turtlebot4/install/turtlebot4_msgs/lib/python3.12/site-packages:${PYTHONPATH} /usr/bin/cmake --build /home/feiying/ros2_learn/L05_turtlebot4/build/turtlebot4_node -- -j4 -l4
[41.428s] DEBUG:colcon.colcon_core.event_handler.log_command:Invoking command in '/home/feiying/ros2_learn/L05_turtlebot4/build/turtlebot4_node': AMENT_PREFIX_PATH=/home/feiying/ros2_learn/L05_turtlebot4/install/turtlebot4_msgs:${AMENT_PREFIX_PATH} CMAKE_PREFIX_PATH=/home/feiying/ros2_learn/L05_turtlebot4/install/turtlebot4_msgs:/opt/ros/jazzy/opt/gz_sim_vendor:/opt/ros/jazzy/opt/gz_sensors_vendor:/opt/ros/jazzy/opt/gz_physics_vendor:/opt/ros/jazzy/opt/sdformat_vendor:/opt/ros/jazzy/opt/gz_gui_vendor:/opt/ros/jazzy/opt/gz_transport_vendor:/opt/ros/jazzy/opt/gz_rendering_vendor:/opt/ros/jazzy/opt/gz_plugin_vendor:/opt/ros/jazzy/opt/gz_fuel_tools_vendor:/opt/ros/jazzy/opt/gz_msgs_vendor:/opt/ros/jazzy/opt/gz_common_vendor:/opt/ros/jazzy/opt/gz_math_vendor:/opt/ros/jazzy/opt/gz_utils_vendor:/opt/ros/jazzy/opt/gz_tools_vendor:/opt/ros/jazzy/opt/gz_ogre_next_vendor:/opt/ros/jazzy/opt/gz_dartsim_vendor:/opt/ros/jazzy/opt/gz_cmake_vendor:/opt/ros/jazzy DEBUGINFOD_URLS=https://debuginfod.ubuntu.com LD_LIBRARY_PATH=/home/feiying/ros2_learn/L05_turtlebot4/install/turtlebot4_msgs/lib:${LD_LIBRARY_PATH} PYTHONPATH=/home/feiying/ros2_learn/L05_turtlebot4/install/turtlebot4_msgs/lib/python3.12/site-packages:${PYTHONPATH} /usr/bin/cmake --install /home/feiying/ros2_learn/L05_turtlebot4/build/turtlebot4_node
[41.715s] Level 1:colcon.colcon_core.environment:create_environment_scripts_only(turtlebot4_node)
[41.716s] Level 1:colcon.colcon_core.environment:checking '/home/feiying/ros2_learn/L05_turtlebot4/install/turtlebot4_node' for CMake module files
[41.716s] DEBUG:colcon.colcon_core.event_handler.log_command:Invoked command in '/home/feiying/ros2_learn/L05_turtlebot4/build/turtlebot4_node' returned '0': AMENT_PREFIX_PATH=/home/feiying/ros2_learn/L05_turtlebot4/install/turtlebot4_msgs:${AMENT_PREFIX_PATH} CMAKE_PREFIX_PATH=/home/feiying/ros2_learn/L05_turtlebot4/install/turtlebot4_msgs:/opt/ros/jazzy/opt/gz_sim_vendor:/opt/ros/jazzy/opt/gz_sensors_vendor:/opt/ros/jazzy/opt/gz_physics_vendor:/opt/ros/jazzy/opt/sdformat_vendor:/opt/ros/jazzy/opt/gz_gui_vendor:/opt/ros/jazzy/opt/gz_transport_vendor:/opt/ros/jazzy/opt/gz_rendering_vendor:/opt/ros/jazzy/opt/gz_plugin_vendor:/opt/ros/jazzy/opt/gz_fuel_tools_vendor:/opt/ros/jazzy/opt/gz_msgs_vendor:/opt/ros/jazzy/opt/gz_common_vendor:/opt/ros/jazzy/opt/gz_math_vendor:/opt/ros/jazzy/opt/gz_utils_vendor:/opt/ros/jazzy/opt/gz_tools_vendor:/opt/ros/jazzy/opt/gz_ogre_next_vendor:/opt/ros/jazzy/opt/gz_dartsim_vendor:/opt/ros/jazzy/opt/gz_cmake_vendor:/opt/ros/jazzy DEBUGINFOD_URLS=https://debuginfod.ubuntu.com LD_LIBRARY_PATH=/home/feiying/ros2_learn/L05_turtlebot4/install/turtlebot4_msgs/lib:${LD_LIBRARY_PATH} PYTHONPATH=/home/feiying/ros2_learn/L05_turtlebot4/install/turtlebot4_msgs/lib/python3.12/site-packages:${PYTHONPATH} /usr/bin/cmake --install /home/feiying/ros2_learn/L05_turtlebot4/build/turtlebot4_node
[41.716s] Level 1:colcon.colcon_core.environment:checking '/home/feiying/ros2_learn/L05_turtlebot4/install/turtlebot4_node' for CMake config files
[41.717s] Level 1:colcon.colcon_core.shell:create_environment_hook('turtlebot4_node', 'cmake_prefix_path')
[41.717s] INFO:colcon.colcon_core.shell:Creating environment hook '/home/feiying/ros2_learn/L05_turtlebot4/install/turtlebot4_node/share/turtlebot4_node/hook/cmake_prefix_path.ps1'
[41.718s] INFO:colcon.colcon_core.shell:Creating environment descriptor '/home/feiying/ros2_learn/L05_turtlebot4/install/turtlebot4_node/share/turtlebot4_node/hook/cmake_prefix_path.dsv'
[41.718s] INFO:colcon.colcon_core.shell:Creating environment hook '/home/feiying/ros2_learn/L05_turtlebot4/install/turtlebot4_node/share/turtlebot4_node/hook/cmake_prefix_path.sh'
[41.719s] Level 1:colcon.colcon_core.environment:checking '/home/feiying/ros2_learn/L05_turtlebot4/install/turtlebot4_node/lib'
[41.719s] Level 1:colcon.colcon_core.environment:checking '/home/feiying/ros2_learn/L05_turtlebot4/install/turtlebot4_node/bin'
[41.719s] Level 1:colcon.colcon_core.environment:checking '/home/feiying/ros2_learn/L05_turtlebot4/install/turtlebot4_node/lib/pkgconfig/turtlebot4_node.pc'
[41.719s] Level 1:colcon.colcon_core.environment:checking '/home/feiying/ros2_learn/L05_turtlebot4/install/turtlebot4_node/lib/python3.12/site-packages'
[41.720s] Level 1:colcon.colcon_core.environment:checking '/home/feiying/ros2_learn/L05_turtlebot4/install/turtlebot4_node/bin'
[41.720s] INFO:colcon.colcon_core.shell:Creating package script '/home/feiying/ros2_learn/L05_turtlebot4/install/turtlebot4_node/share/turtlebot4_node/package.ps1'
[41.720s] INFO:colcon.colcon_core.shell:Creating package descriptor '/home/feiying/ros2_learn/L05_turtlebot4/install/turtlebot4_node/share/turtlebot4_node/package.dsv'
[41.721s] INFO:colcon.colcon_core.shell:Creating package script '/home/feiying/ros2_learn/L05_turtlebot4/install/turtlebot4_node/share/turtlebot4_node/package.sh'
[41.721s] INFO:colcon.colcon_core.shell:Creating package script '/home/feiying/ros2_learn/L05_turtlebot4/install/turtlebot4_node/share/turtlebot4_node/package.bash'
[41.722s] INFO:colcon.colcon_core.shell:Creating package script '/home/feiying/ros2_learn/L05_turtlebot4/install/turtlebot4_node/share/turtlebot4_node/package.zsh'
[41.722s] Level 1:colcon.colcon_core.environment:create_file_with_runtime_dependencies(/home/feiying/ros2_learn/L05_turtlebot4/install/turtlebot4_node/share/colcon-core/packages/turtlebot4_node)
[41.723s] Level 1:colcon.colcon_core.environment:create_environment_scripts_only(turtlebot4_node)
[41.723s] Level 1:colcon.colcon_core.environment:checking '/home/feiying/ros2_learn/L05_turtlebot4/install/turtlebot4_node' for CMake module files
[41.723s] Level 1:colcon.colcon_core.environment:checking '/home/feiying/ros2_learn/L05_turtlebot4/install/turtlebot4_node' for CMake config files
[41.724s] Level 1:colcon.colcon_core.shell:create_environment_hook('turtlebot4_node', 'cmake_prefix_path')
[41.724s] INFO:colcon.colcon_core.shell:Creating environment hook '/home/feiying/ros2_learn/L05_turtlebot4/install/turtlebot4_node/share/turtlebot4_node/hook/cmake_prefix_path.ps1'
[41.726s] INFO:colcon.colcon_core.shell:Creating environment descriptor '/home/feiying/ros2_learn/L05_turtlebot4/install/turtlebot4_node/share/turtlebot4_node/hook/cmake_prefix_path.dsv'
[41.727s] INFO:colcon.colcon_core.shell:Creating environment hook '/home/feiying/ros2_learn/L05_turtlebot4/install/turtlebot4_node/share/turtlebot4_node/hook/cmake_prefix_path.sh'
[41.729s] Level 1:colcon.colcon_core.environment:checking '/home/feiying/ros2_learn/L05_turtlebot4/install/turtlebot4_node/lib'
[41.730s] Level 1:colcon.colcon_core.environment:checking '/home/feiying/ros2_learn/L05_turtlebot4/install/turtlebot4_node/bin'
[41.730s] Level 1:colcon.colcon_core.environment:checking '/home/feiying/ros2_learn/L05_turtlebot4/install/turtlebot4_node/lib/pkgconfig/turtlebot4_node.pc'
[41.731s] Level 1:colcon.colcon_core.environment:checking '/home/feiying/ros2_learn/L05_turtlebot4/install/turtlebot4_node/lib/python3.12/site-packages'
[41.733s] Level 1:colcon.colcon_core.environment:checking '/home/feiying/ros2_learn/L05_turtlebot4/install/turtlebot4_node/bin'
[41.733s] INFO:colcon.colcon_core.shell:Creating package script '/home/feiying/ros2_learn/L05_turtlebot4/install/turtlebot4_node/share/turtlebot4_node/package.ps1'
[41.735s] INFO:colcon.colcon_core.shell:Creating package descriptor '/home/feiying/ros2_learn/L05_turtlebot4/install/turtlebot4_node/share/turtlebot4_node/package.dsv'
[41.737s] INFO:colcon.colcon_core.shell:Creating package script '/home/feiying/ros2_learn/L05_turtlebot4/install/turtlebot4_node/share/turtlebot4_node/package.sh'
[41.739s] INFO:colcon.colcon_core.shell:Creating package script '/home/feiying/ros2_learn/L05_turtlebot4/install/turtlebot4_node/share/turtlebot4_node/package.bash'
[41.741s] INFO:colcon.colcon_core.shell:Creating package script '/home/feiying/ros2_learn/L05_turtlebot4/install/turtlebot4_node/share/turtlebot4_node/package.zsh'
[41.742s] Level 1:colcon.colcon_core.environment:create_file_with_runtime_dependencies(/home/feiying/ros2_learn/L05_turtlebot4/install/turtlebot4_node/share/colcon-core/packages/turtlebot4_node)
[41.743s] DEBUG:colcon.colcon_parallel_executor.executor.parallel:closing loop
[41.744s] DEBUG:colcon.colcon_parallel_executor.executor.parallel:loop closed
[41.744s] DEBUG:colcon.colcon_parallel_executor.executor.parallel:run_until_complete finished with '0'
[41.745s] DEBUG:colcon.colcon_core.event_reactor:joining thread
[41.758s] INFO:colcon.colcon_core.plugin_system:Skipping extension 'colcon_notification.desktop_notification.terminal_notifier': Not used on non-Darwin systems
[41.758s] INFO:colcon.colcon_core.plugin_system:Skipping extension 'colcon_notification.desktop_notification.win32': Not used on non-Windows systems
[41.758s] INFO:colcon.colcon_notification.desktop_notification:Sending desktop notification using 'notify2'
[41.799s] DEBUG:colcon.colcon_core.event_reactor:joined thread
[41.799s] INFO:colcon.colcon_core.shell:Creating prefix script '/home/feiying/ros2_learn/L05_turtlebot4/install/local_setup.ps1'
[41.801s] INFO:colcon.colcon_core.shell:Creating prefix util module '/home/feiying/ros2_learn/L05_turtlebot4/install/_local_setup_util_ps1.py'
[41.802s] INFO:colcon.colcon_core.shell:Creating prefix chain script '/home/feiying/ros2_learn/L05_turtlebot4/install/setup.ps1'
[41.803s] INFO:colcon.colcon_core.shell:Creating prefix script '/home/feiying/ros2_learn/L05_turtlebot4/install/local_setup.sh'
[41.804s] INFO:colcon.colcon_core.shell:Creating prefix util module '/home/feiying/ros2_learn/L05_turtlebot4/install/_local_setup_util_sh.py'
[41.805s] INFO:colcon.colcon_core.shell:Creating prefix chain script '/home/feiying/ros2_learn/L05_turtlebot4/install/setup.sh'
[41.806s] INFO:colcon.colcon_core.shell:Creating prefix script '/home/feiying/ros2_learn/L05_turtlebot4/install/local_setup.bash'
[41.806s] INFO:colcon.colcon_core.shell:Creating prefix chain script '/home/feiying/ros2_learn/L05_turtlebot4/install/setup.bash'
[41.807s] INFO:colcon.colcon_core.shell:Creating prefix script '/home/feiying/ros2_learn/L05_turtlebot4/install/local_setup.zsh'
[41.808s] INFO:colcon.colcon_core.shell:Creating prefix chain script '/home/feiying/ros2_learn/L05_turtlebot4/install/setup.zsh'
